[2014-01-16 20:57:22] ERROR (GetBalance.java: 44) - An error occurred while fetching your balance: This request must be made over a secure channel. You must use 'https' rather than 'http'.
com.amazonaws.mturk.service.exception.InternalServiceException: This request must be made over a secure channel. You must use 'https' rather than 'http'.
	at com.amazonaws.mturk.service.axis.AWSService.executeRequestMessage(AWSService.java:243)
	at com.amazonaws.mturk.filter.FinalFilter.execute(FinalFilter.java:38)
	at com.amazonaws.mturk.filter.Filter.passMessage(Filter.java:56)
	at com.amazonaws.mturk.filter.ErrorProcessingFilter.execute(ErrorProcessingFilter.java:46)
	at com.amazonaws.mturk.filter.Filter.passMessage(Filter.java:56)
	at com.amazonaws.mturk.filter.RetryFilter.execute(RetryFilter.java:115)
	at com.amazonaws.mturk.filter.Filter.passMessage(Filter.java:56)
	at com.amazonaws.mturk.util.CLTExceptionFilter.sendMessage(CLTExceptionFilter.java:77)
	at com.amazonaws.mturk.util.CLTExceptionFilter.execute(CLTExceptionFilter.java:62)
	at com.amazonaws.mturk.service.axis.FilteredAWSService.executeRequests(FilteredAWSService.java:172)
	at com.amazonaws.mturk.service.axis.FilteredAWSService.executeRequest(FilteredAWSService.java:152)
	at com.amazonaws.mturk.service.axis.FilteredAWSService.executeRequest(FilteredAWSService.java:116)
	at com.amazonaws.mturk.service.axis.RequesterServiceRaw.getAccountBalance(RequesterServiceRaw.java:1193)
	at com.amazonaws.mturk.service.axis.RequesterService.getAccountBalance(RequesterService.java:922)
	at com.amazonaws.mturk.cmd.GetBalance.getBalance(GetBalance.java:50)
	at com.amazonaws.mturk.cmd.GetBalance.runCommand(GetBalance.java:41)
	at com.amazonaws.mturk.cmd.AbstractCmd.run(AbstractCmd.java:148)
	at com.amazonaws.mturk.cmd.GetBalance.main(GetBalance.java:28)
Caused by: This request must be made over a secure channel. You must use 'https' rather than 'http'.
	at org.apache.axis.message.SOAPFaultBuilder.createFault(SOAPFaultBuilder.java:222)
	at org.apache.axis.message.SOAPFaultBuilder.endElement(SOAPFaultBuilder.java:129)
	at org.apache.axis.encoding.DeserializationContext.endElement(DeserializationContext.java:1087)
	at org.apache.xerces.parsers.AbstractSAXParser.endElement(Unknown Source)
	at org.apache.xerces.impl.XMLNSDocumentScannerImpl.scanEndElement(Unknown Source)
	at org.apache.xerces.impl.XMLDocumentFragmentScannerImpl$FragmentContentDispatcher.dispatch(Unknown Source)
	at org.apache.xerces.impl.XMLDocumentFragmentScannerImpl.scanDocument(Unknown Source)
	at org.apache.xerces.parsers.XML11Configuration.parse(Unknown Source)
	at org.apache.xerces.parsers.XML11Configuration.parse(Unknown Source)
	at org.apache.xerces.parsers.XMLParser.parse(Unknown Source)
	at org.apache.xerces.parsers.AbstractSAXParser.parse(Unknown Source)
	at org.apache.xerces.jaxp.SAXParserImpl$JAXPSAXParser.parse(Unknown Source)
	at org.apache.xerces.jaxp.SAXParserImpl.parse(Unknown Source)
	at org.apache.axis.encoding.DeserializationContext.parse(DeserializationContext.java:227)
	at org.apache.axis.SOAPPart.getAsSOAPEnvelope(SOAPPart.java:696)
	at org.apache.axis.Message.getSOAPEnvelope(Message.java:435)
	at org.apache.axis.handlers.soap.MustUnderstandChecker.invoke(MustUnderstandChecker.java:62)
	at org.apache.axis.client.AxisClient.invoke(AxisClient.java:206)
	at org.apache.axis.client.Call.invokeEngine(Call.java:2784)
	at org.apache.axis.client.Call.invoke(Call.java:2767)
	at org.apache.axis.client.Call.invoke(Call.java:2443)
	at org.apache.axis.client.Call.invoke(Call.java:2366)
	at org.apache.axis.client.Call.invoke(Call.java:1812)
	at com.amazonaws.mturk.requester.AWSMechanicalTurkRequesterBindingStub.getAccountBalance(Unknown Source)
	at sun.reflect.NativeMethodAccessorImpl.invoke0(Native Method)
	at sun.reflect.NativeMethodAccessorImpl.invoke(NativeMethodAccessorImpl.java:39)
	at sun.reflect.DelegatingMethodAccessorImpl.invoke(DelegatingMethodAccessorImpl.java:25)
	at java.lang.reflect.Method.invoke(Method.java:597)
	at com.amazonaws.mturk.service.axis.AWSService.executeRequestMessage(AWSService.java:220)
	... 17 more
[2014-01-16 21:01:03] INFO  (GetBalance.java: 51) - Your account balance: $0.00
[2014-01-20 10:02:53] ERROR (AbstractCmd.java: 150) - An error occurred: Invalid configuration for port
java.lang.RuntimeException: Invalid configuration for port
	at com.amazonaws.mturk.service.axis.RequesterServiceRaw.<init>(RequesterServiceRaw.java:240)
	at com.amazonaws.mturk.service.axis.RequesterService.<init>(RequesterService.java:241)
	at com.amazonaws.mturk.cmd.AbstractCmd.initService(AbstractCmd.java:119)
	at com.amazonaws.mturk.cmd.AbstractCmd.run(AbstractCmd.java:143)
	at com.amazonaws.mturk.cmd.LoadHITs.main(LoadHITs.java:55)
Caused by: java.lang.IllegalArgumentException: Empty key
	at javax.crypto.spec.SecretKeySpec.<init>(DashoA13*..)
	at com.amazonaws.mturk.util.HMACSigner.<init>(HMACSigner.java:65)
	at com.amazonaws.mturk.service.axis.AWSService.setAccessKeyId(AWSService.java:124)
	at com.amazonaws.mturk.service.axis.RequesterServiceRaw.<init>(RequesterServiceRaw.java:233)
	... 4 more
[2014-01-20 10:13:29] INFO  (LoadHITs.java: 193) - --[Initializing]----------
[2014-01-20 10:13:29] INFO  (LoadHITs.java: 194) -  Input: ../samples/helloworld/helloworld.input
[2014-01-20 10:13:29] INFO  (LoadHITs.java: 195) -  Properties: ../samples/helloworld/helloworld.properties
[2014-01-20 10:13:29] INFO  (LoadHITs.java: 196) -  Question File: ../samples/helloworld/helloworld.question
[2014-01-20 10:13:29] INFO  (LoadHITs.java: 202) -  Preview mode disabled
[2014-01-20 10:13:30] INFO  (LoadHITs.java: 229) - --[Loading HITs]----------
[2014-01-20 10:13:30] INFO  (LoadHITs.java: 231) -   Start time: Mon Jan 20 10:13:30 PST 2014
[2014-01-20 10:13:30] DEBUG (WorkQueue.java: 53) - Instantiating work queue with 10 threads
[2014-01-20 10:13:31] INFO  (RequesterService.java: 1548) - Created HIT 1: HITId=2C6X7H57DZKS8Y5UAE8DW25LGL61B4
[2014-01-20 10:13:31] INFO  (RequesterService.java: 1548) - Created HIT 2: HITId=2522JE1M7PKN25SC0PQAM04L70LQXW
[2014-01-20 10:13:31] INFO  (RequesterService.java: 1548) - Created HIT 3: HITId=267SI2KYEPLVIR60FNXWT3OAPTANTN
[2014-01-20 10:13:31] INFO  (RequesterService.java: 1548) - Created HIT 4: HITId=2SIHFL42J1L1YSCNW8D0SGFKPGX2NA
[2014-01-20 10:13:31] INFO  (RequesterService.java: 1548) - Created HIT 5: HITId=2YQ8MQU6L5OEOWJHLYO4KIJFFJQWD4
[2014-01-20 10:13:31] INFO  (RequesterService.java: 1592) - 
You may see your HIT(s) with HITTypeId '29DMT6YTWX4KW1355549JGI6IN6W12' here: 
[2014-01-20 10:13:31] INFO  (RequesterService.java: 1593) - 
  https://www.mturk.com/mturk/preview?groupId=29DMT6YTWX4KW1355549JGI6IN6W12

[2014-01-20 10:13:31] INFO  (LoadHITs.java: 239) -   End time: Mon Jan 20 10:13:31 PST 2014
[2014-01-20 10:13:31] INFO  (LoadHITs.java: 240) - --[Done Loading HITs]----------
[2014-01-20 10:13:31] INFO  (LoadHITs.java: 241) -   Total load time: 0 seconds.
[2014-01-20 10:13:31] INFO  (LoadHITs.java: 243) -   Successfully loaded 5 HITs.
[2014-01-20 10:18:01] INFO  (GetBalance.java: 51) - Your account balance: $536.29
[2014-01-20 15:50:19] INFO  (GetBalance.java: 51) - Your account balance: $536.29
[2014-01-20 15:50:40] INFO  (GetBalance.java: 51) - Your account balance: $536.29
[2014-01-26 15:02:53] INFO  (LoadHITs.java: 193) - --[Initializing]----------
[2014-01-26 15:02:53] INFO  (LoadHITs.java: 194) -  Input: ../samples/external_hit/external_hit.input
[2014-01-26 15:02:53] INFO  (LoadHITs.java: 195) -  Properties: ../samples/external_hit/external_hit.properties
[2014-01-26 15:02:53] INFO  (LoadHITs.java: 196) -  Question File: ../samples/external_hit/external_hit.question
[2014-01-26 15:02:53] INFO  (LoadHITs.java: 202) -  Preview mode disabled
[2014-01-26 15:02:53] ERROR (LoadHITs.java: 133) - Error loading HITs: This request must be made over a secure channel. You must use 'https' rather than 'http'.
com.amazonaws.mturk.service.exception.InternalServiceException: This request must be made over a secure channel. You must use 'https' rather than 'http'.
	at com.amazonaws.mturk.service.axis.AWSService.executeRequestMessage(AWSService.java:243)
	at com.amazonaws.mturk.filter.FinalFilter.execute(FinalFilter.java:38)
	at com.amazonaws.mturk.filter.Filter.passMessage(Filter.java:56)
	at com.amazonaws.mturk.filter.ErrorProcessingFilter.execute(ErrorProcessingFilter.java:46)
	at com.amazonaws.mturk.filter.Filter.passMessage(Filter.java:56)
	at com.amazonaws.mturk.filter.RetryFilter.execute(RetryFilter.java:115)
	at com.amazonaws.mturk.filter.Filter.passMessage(Filter.java:56)
	at com.amazonaws.mturk.util.CLTExceptionFilter.sendMessage(CLTExceptionFilter.java:77)
	at com.amazonaws.mturk.util.CLTExceptionFilter.execute(CLTExceptionFilter.java:62)
	at com.amazonaws.mturk.service.axis.FilteredAWSService.executeRequests(FilteredAWSService.java:172)
	at com.amazonaws.mturk.service.axis.FilteredAWSService.executeRequest(FilteredAWSService.java:152)
	at com.amazonaws.mturk.service.axis.FilteredAWSService.executeRequest(FilteredAWSService.java:116)
	at com.amazonaws.mturk.service.axis.RequesterServiceRaw.getAccountBalance(RequesterServiceRaw.java:1193)
	at com.amazonaws.mturk.service.axis.RequesterService.getAccountBalance(RequesterService.java:922)
	at com.amazonaws.mturk.cmd.LoadHITs.checkFunds(LoadHITs.java:150)
	at com.amazonaws.mturk.cmd.LoadHITs.loadHITs(LoadHITs.java:226)
	at com.amazonaws.mturk.cmd.LoadHITs.runCommand(LoadHITs.java:120)
	at com.amazonaws.mturk.cmd.AbstractCmd.run(AbstractCmd.java:148)
	at com.amazonaws.mturk.cmd.LoadHITs.main(LoadHITs.java:55)
Caused by: This request must be made over a secure channel. You must use 'https' rather than 'http'.
	at org.apache.axis.message.SOAPFaultBuilder.createFault(SOAPFaultBuilder.java:222)
	at org.apache.axis.message.SOAPFaultBuilder.endElement(SOAPFaultBuilder.java:129)
	at org.apache.axis.encoding.DeserializationContext.endElement(DeserializationContext.java:1087)
	at org.apache.xerces.parsers.AbstractSAXParser.endElement(Unknown Source)
	at org.apache.xerces.impl.XMLNSDocumentScannerImpl.scanEndElement(Unknown Source)
	at org.apache.xerces.impl.XMLDocumentFragmentScannerImpl$FragmentContentDispatcher.dispatch(Unknown Source)
	at org.apache.xerces.impl.XMLDocumentFragmentScannerImpl.scanDocument(Unknown Source)
	at org.apache.xerces.parsers.XML11Configuration.parse(Unknown Source)
	at org.apache.xerces.parsers.XML11Configuration.parse(Unknown Source)
	at org.apache.xerces.parsers.XMLParser.parse(Unknown Source)
	at org.apache.xerces.parsers.AbstractSAXParser.parse(Unknown Source)
	at org.apache.xerces.jaxp.SAXParserImpl$JAXPSAXParser.parse(Unknown Source)
	at org.apache.xerces.jaxp.SAXParserImpl.parse(Unknown Source)
	at org.apache.axis.encoding.DeserializationContext.parse(DeserializationContext.java:227)
	at org.apache.axis.SOAPPart.getAsSOAPEnvelope(SOAPPart.java:696)
	at org.apache.axis.Message.getSOAPEnvelope(Message.java:435)
	at org.apache.axis.handlers.soap.MustUnderstandChecker.invoke(MustUnderstandChecker.java:62)
	at org.apache.axis.client.AxisClient.invoke(AxisClient.java:206)
	at org.apache.axis.client.Call.invokeEngine(Call.java:2784)
	at org.apache.axis.client.Call.invoke(Call.java:2767)
	at org.apache.axis.client.Call.invoke(Call.java:2443)
	at org.apache.axis.client.Call.invoke(Call.java:2366)
	at org.apache.axis.client.Call.invoke(Call.java:1812)
	at com.amazonaws.mturk.requester.AWSMechanicalTurkRequesterBindingStub.getAccountBalance(Unknown Source)
	at sun.reflect.NativeMethodAccessorImpl.invoke0(Native Method)
	at sun.reflect.NativeMethodAccessorImpl.invoke(NativeMethodAccessorImpl.java:39)
	at sun.reflect.DelegatingMethodAccessorImpl.invoke(DelegatingMethodAccessorImpl.java:25)
	at java.lang.reflect.Method.invoke(Method.java:597)
	at com.amazonaws.mturk.service.axis.AWSService.executeRequestMessage(AWSService.java:220)
	... 18 more
[2014-01-26 15:03:51] INFO  (LoadHITs.java: 193) - --[Initializing]----------
[2014-01-26 15:03:51] INFO  (LoadHITs.java: 194) -  Input: ../samples/external_hit/external_hit.input
[2014-01-26 15:03:51] INFO  (LoadHITs.java: 195) -  Properties: ../samples/external_hit/external_hit.properties
[2014-01-26 15:03:51] INFO  (LoadHITs.java: 196) -  Question File: ../samples/external_hit/external_hit.question
[2014-01-26 15:03:51] INFO  (LoadHITs.java: 202) -  Preview mode disabled
[2014-01-26 15:03:52] INFO  (LoadHITs.java: 229) - --[Loading HITs]----------
[2014-01-26 15:03:52] INFO  (LoadHITs.java: 231) -   Start time: Sun Jan 26 15:03:52 PST 2014
[2014-01-26 15:03:53] DEBUG (WorkQueue.java: 53) - Instantiating work queue with 2 threads
[2014-01-26 15:03:53] INFO  (RequesterService.java: 1548) - Created HIT 1: HITId=28185OZIZEHP3UQ2IPH5HWPXYDZBZ7
[2014-01-26 15:03:53] INFO  (RequesterService.java: 1548) - Created HIT 2: HITId=2Y9RLFQ0ONNYK120BP0EJRB7J38JSV
[2014-01-26 15:03:53] INFO  (RequesterService.java: 1548) - Created HIT 3: HITId=2F4NCWYB49FCLCTXR2SJRNSTIXIOSJ
[2014-01-26 15:03:53] INFO  (RequesterService.java: 1548) - Created HIT 4: HITId=2CO6RLPHIT3KOGBBEJX2QJQ2ENFH9D
[2014-01-26 15:03:53] INFO  (RequesterService.java: 1548) - Created HIT 5: HITId=24NF3Q0JG5T1F7DCSCV9I9SS5XAEID
[2014-01-26 15:03:53] INFO  (RequesterService.java: 1592) - 
You may see your HIT(s) with HITTypeId '2CHX7H57DZKS8Y5UAE8DP25L86XB17' here: 
[2014-01-26 15:03:53] INFO  (RequesterService.java: 1593) - 
  https://workersandbox.mturk.com/mturk/preview?groupId=2CHX7H57DZKS8Y5UAE8DP25L86XB17

[2014-01-26 15:03:53] INFO  (LoadHITs.java: 239) -   End time: Sun Jan 26 15:03:53 PST 2014
[2014-01-26 15:03:53] INFO  (LoadHITs.java: 240) - --[Done Loading HITs]----------
[2014-01-26 15:03:53] INFO  (LoadHITs.java: 241) -   Total load time: 1 seconds.
[2014-01-26 15:03:53] INFO  (LoadHITs.java: 243) -   Successfully loaded 5 HITs.
[2014-01-26 15:06:50] INFO  (GetResults.java: 119) - --[Retrieving Results]----------
[2014-01-26 15:06:50] DEBUG (WorkQueue.java: 53) - Instantiating work queue with 2 threads
[2014-01-26 15:06:51] INFO  (GetResults.java: 162) - Retrieved HIT 1/5, 28185OZIZEHP3UQ2IPH5HWPXYDZBZ7
[2014-01-26 15:06:51] INFO  (GetResults.java: 162) - Retrieved HIT 2/5, 2Y9RLFQ0ONNYK120BP0EJRB7J38JSV
[2014-01-26 15:06:51] INFO  (GetResults.java: 162) - Retrieved HIT 3/5, 2F4NCWYB49FCLCTXR2SJRNSTIXIOSJ
[2014-01-26 15:06:52] INFO  (GetResults.java: 162) - Retrieved HIT 4/5, 2CO6RLPHIT3KOGBBEJX2QJQ2ENFH9D
[2014-01-26 15:06:52] INFO  (GetResults.java: 162) - Retrieved HIT 5/5, 24NF3Q0JG5T1F7DCSCV9I9SS5XAEID
[2014-01-26 15:06:52] INFO  (GetResults.java: 123) - --[Done Retrieving Results]----------
[2014-01-26 15:06:52] INFO  (GetResults.java: 130) - 
Results have been written to file '../samples/external_hit/external_hit.results'.

[2014-01-26 15:06:52] INFO  (GetResults.java: 134) - Assignments completed: 0/5 (0%)
[2014-01-26 15:06:52] INFO  (GetResults.java: 137) -          Time elapsed: 0:02:59 (h:mm:ss)
[2014-01-26 15:06:52] INFO  (GetResults.java: 142) -   Average submit time: 0.0 seconds
[2014-01-26 15:08:36] INFO  (ReviewResults.java: 145) - 
[2014-01-26 15:08:36] ERROR (AbstractCmd.java: 150) - An error occurred: / by zero
java.lang.ArithmeticException: / by zero
	at com.amazonaws.mturk.cmd.ReviewResults.reviewAssignments(ReviewResults.java:146)
	at com.amazonaws.mturk.cmd.ReviewResults.runCommand(ReviewResults.java:69)
	at com.amazonaws.mturk.cmd.AbstractCmd.run(AbstractCmd.java:148)
	at com.amazonaws.mturk.cmd.ReviewResults.main(ReviewResults.java:45)
[2014-01-26 15:08:46] INFO  (ReviewResults.java: 145) - 
[2014-01-26 15:08:46] ERROR (AbstractCmd.java: 150) - An error occurred: / by zero
java.lang.ArithmeticException: / by zero
	at com.amazonaws.mturk.cmd.ReviewResults.reviewAssignments(ReviewResults.java:146)
	at com.amazonaws.mturk.cmd.ReviewResults.runCommand(ReviewResults.java:69)
	at com.amazonaws.mturk.cmd.AbstractCmd.run(AbstractCmd.java:148)
	at com.amazonaws.mturk.cmd.ReviewResults.main(ReviewResults.java:45)
[2014-01-26 15:09:11] INFO  (DeleteHITs.java: 67) - --- Starting to delete HITs ---
[2014-01-26 15:09:11] INFO  (AbstractCmd.java: 224) - You are about to delete 5 HITs.
[2014-01-26 15:09:11] INFO  (AbstractCmd.java: 225) - To confirm this operation, please press ENTER (or press Ctrl+C to abort): 
[2014-01-26 15:09:14] DEBUG (WorkQueue.java: 53) - Instantiating work queue with 2 threads
[2014-01-26 15:09:17] INFO  (DeleteHITs.java: 102) - [28185OZIZEHP3UQ2IPH5HWPXYDZBZ7] Successfully deleted HIT (1/5)
[2014-01-26 15:09:17] INFO  (DeleteHITs.java: 102) - [2Y9RLFQ0ONNYK120BP0EJRB7J38JSV] Successfully deleted HIT (2/5)
[2014-01-26 15:09:17] INFO  (DeleteHITs.java: 102) - [2F4NCWYB49FCLCTXR2SJRNSTIXIOSJ] Successfully deleted HIT (3/5)
[2014-01-26 15:09:17] INFO  (DeleteHITs.java: 102) - [2CO6RLPHIT3KOGBBEJX2QJQ2ENFH9D] Successfully deleted HIT (4/5)
[2014-01-26 15:09:18] INFO  (DeleteHITs.java: 102) - [24NF3Q0JG5T1F7DCSCV9I9SS5XAEID] Successfully deleted HIT (5/5)
[2014-01-26 15:09:18] INFO  (DeleteHITs.java: 74) - --- Finished to delete HITs ---
[2014-01-26 15:09:18] INFO  (DeleteHITs.java: 75) -   5 HITs have been deleted or were deleted previously.
[2014-01-26 15:09:18] INFO  (DeleteHITs.java: 76) -   0 errors occured.
[2014-01-26 15:10:35] INFO  (LoadHITs.java: 193) - --[Initializing]----------
[2014-01-26 15:10:35] INFO  (LoadHITs.java: 194) -  Input: ../samples/helloworld/helloworld.input
[2014-01-26 15:10:35] INFO  (LoadHITs.java: 195) -  Properties: ../samples/helloworld/helloworld.properties
[2014-01-26 15:10:35] INFO  (LoadHITs.java: 196) -  Question File: ../samples/helloworld/helloworld.question
[2014-01-26 15:10:35] INFO  (LoadHITs.java: 202) -  Preview mode disabled
[2014-01-26 15:10:36] INFO  (LoadHITs.java: 229) - --[Loading HITs]----------
[2014-01-26 15:10:36] INFO  (LoadHITs.java: 231) -   Start time: Sun Jan 26 15:10:36 PST 2014
[2014-01-26 15:10:36] DEBUG (WorkQueue.java: 53) - Instantiating work queue with 2 threads
[2014-01-26 15:10:37] INFO  (RequesterService.java: 1548) - Created HIT 1: HITId=2P0UB2YU98JKLDMRXMRFEJ9I1RWMA6
[2014-01-26 15:10:37] INFO  (RequesterService.java: 1548) - Created HIT 2: HITId=2808IUB2YU9BC1T9FCUL3FBJMY1K8V
[2014-01-26 15:10:37] INFO  (RequesterService.java: 1548) - Created HIT 3: HITId=2P7JWKUDD8XP4NRJ30RB9UTOJ9HMB1
[2014-01-26 15:10:37] INFO  (RequesterService.java: 1548) - Created HIT 4: HITId=2UV8XMB3Q392TV7ANPXT7EVS6B4HSO
[2014-01-26 15:10:37] INFO  (RequesterService.java: 1548) - Created HIT 5: HITId=2YYYQ4J3NAB94ZNV9PPYLT1TWVQQDZ
[2014-01-26 15:10:37] INFO  (RequesterService.java: 1592) - 
You may see your HIT(s) with HITTypeId '2C9ULF395SW9G02VM4EYQJBYFP3DRC' here: 
[2014-01-26 15:10:37] INFO  (RequesterService.java: 1593) - 
  https://workersandbox.mturk.com/mturk/preview?groupId=2C9ULF395SW9G02VM4EYQJBYFP3DRC

[2014-01-26 15:10:37] INFO  (LoadHITs.java: 239) -   End time: Sun Jan 26 15:10:37 PST 2014
[2014-01-26 15:10:37] INFO  (LoadHITs.java: 240) - --[Done Loading HITs]----------
[2014-01-26 15:10:37] INFO  (LoadHITs.java: 241) -   Total load time: 1 seconds.
[2014-01-26 15:10:37] INFO  (LoadHITs.java: 243) -   Successfully loaded 5 HITs.
[2014-01-26 15:11:15] INFO  (GetResults.java: 119) - --[Retrieving Results]----------
[2014-01-26 15:11:15] DEBUG (WorkQueue.java: 53) - Instantiating work queue with 2 threads
[2014-01-26 15:11:16] INFO  (GetResults.java: 162) - Retrieved HIT 1/5, 2P0UB2YU98JKLDMRXMRFEJ9I1RWMA6
[2014-01-26 15:11:16] INFO  (GetResults.java: 162) - Retrieved HIT 2/5, 2808IUB2YU9BC1T9FCUL3FBJMY1K8V
[2014-01-26 15:11:16] INFO  (GetResults.java: 162) - Retrieved HIT 3/5, 2P7JWKUDD8XP4NRJ30RB9UTOJ9HMB1
[2014-01-26 15:11:16] INFO  (GetResults.java: 162) - Retrieved HIT 4/5, 2UV8XMB3Q392TV7ANPXT7EVS6B4HSO
[2014-01-26 15:11:16] INFO  (GetResults.java: 162) - Retrieved HIT 5/5, 2YYYQ4J3NAB94ZNV9PPYLT1TWVQQDZ
[2014-01-26 15:11:16] INFO  (GetResults.java: 123) - --[Done Retrieving Results]----------
[2014-01-26 15:11:16] INFO  (GetResults.java: 130) - 
Results have been written to file '../samples/helloworld/helloworld.results'.

[2014-01-26 15:11:16] INFO  (GetResults.java: 134) - Assignments completed: 1/5 (20%)
[2014-01-26 15:11:16] INFO  (GetResults.java: 137) -          Time elapsed: 0:00:40 (h:mm:ss)
[2014-01-26 15:11:16] INFO  (GetResults.java: 142) -   Average submit time: 7.0 seconds
[2014-01-26 15:12:19] INFO  (GetResults.java: 119) - --[Retrieving Results]----------
[2014-01-26 15:12:19] DEBUG (WorkQueue.java: 53) - Instantiating work queue with 2 threads
[2014-01-26 15:12:20] INFO  (GetResults.java: 162) - Retrieved HIT 1/5, 2P0UB2YU98JKLDMRXMRFEJ9I1RWMA6
[2014-01-26 15:12:20] INFO  (GetResults.java: 162) - Retrieved HIT 2/5, 2808IUB2YU9BC1T9FCUL3FBJMY1K8V
[2014-01-26 15:12:21] INFO  (GetResults.java: 162) - Retrieved HIT 3/5, 2P7JWKUDD8XP4NRJ30RB9UTOJ9HMB1
[2014-01-26 15:12:21] INFO  (GetResults.java: 162) - Retrieved HIT 4/5, 2UV8XMB3Q392TV7ANPXT7EVS6B4HSO
[2014-01-26 15:12:21] INFO  (GetResults.java: 162) - Retrieved HIT 5/5, 2YYYQ4J3NAB94ZNV9PPYLT1TWVQQDZ
[2014-01-26 15:12:21] INFO  (GetResults.java: 123) - --[Done Retrieving Results]----------
[2014-01-26 15:12:21] INFO  (GetResults.java: 130) - 
Results have been written to file '../samples/helloworld/helloworld.results'.

[2014-01-26 15:12:21] INFO  (GetResults.java: 134) - Assignments completed: 2/5 (40%)
[2014-01-26 15:12:21] INFO  (GetResults.java: 137) -          Time elapsed: 0:01:45 (h:mm:ss)
[2014-01-26 15:12:21] INFO  (GetResults.java: 142) -   Average submit time: 7.0 seconds
[2014-01-26 15:12:27] INFO  (DeleteHITs.java: 67) - --- Starting to delete HITs ---
[2014-01-26 15:12:27] INFO  (AbstractCmd.java: 224) - You are about to delete 5 HITs.
[2014-01-26 15:12:27] INFO  (AbstractCmd.java: 225) - To confirm this operation, please press ENTER (or press Ctrl+C to abort): 
[2014-01-26 15:12:29] DEBUG (WorkQueue.java: 53) - Instantiating work queue with 2 threads
[2014-01-26 15:12:31] INFO  (DeleteHITs.java: 102) - [2P0UB2YU98JKLDMRXMRFEJ9I1RWMA6] Successfully deleted HIT (1/5)
[2014-01-26 15:12:31] ERROR (DeleteHITs.java: 107) - [2808IUB2YU9BC1T9FCUL3FBJMY1K8V] FAILURE Deleting HIT: HIT still being worked on. Not deleted. (2/5)
com.amazonaws.mturk.service.exception.ServiceException: HIT still being worked on. Not deleted.
	at com.amazonaws.mturk.service.axis.DeleteHITCommand.processFailure(DeleteHITCommand.java:197)
	at com.amazonaws.mturk.service.axis.AsyncRequest.call(AsyncRequest.java:80)
	at java.util.concurrent.FutureTask$Sync.innerRun(FutureTask.java:303)
	at java.util.concurrent.FutureTask.run(FutureTask.java:138)
	at java.util.concurrent.ThreadPoolExecutor$Worker.runTask(ThreadPoolExecutor.java:895)
	at java.util.concurrent.ThreadPoolExecutor$Worker.run(ThreadPoolExecutor.java:918)
	at java.lang.Thread.run(Thread.java:695)
[2014-01-26 15:12:32] INFO  (DeleteHITs.java: 102) - [2P7JWKUDD8XP4NRJ30RB9UTOJ9HMB1] Successfully deleted HIT (3/5)
[2014-01-26 15:12:32] INFO  (DeleteHITs.java: 102) - [2UV8XMB3Q392TV7ANPXT7EVS6B4HSO] Successfully deleted HIT (4/5)
[2014-01-26 15:12:33] INFO  (DeleteHITs.java: 102) - [2YYYQ4J3NAB94ZNV9PPYLT1TWVQQDZ] Successfully deleted HIT (5/5)
[2014-01-26 15:12:33] INFO  (DeleteHITs.java: 74) - --- Finished to delete HITs ---
[2014-01-26 15:12:33] INFO  (DeleteHITs.java: 75) -   4 HITs have been deleted or were deleted previously.
[2014-01-26 15:12:33] INFO  (DeleteHITs.java: 76) -   1 errors occured.
[2014-01-26 15:16:15] INFO  (LoadHITs.java: 193) - --[Initializing]----------
[2014-01-26 15:16:15] INFO  (LoadHITs.java: 194) -  Input: ../samples/best_image/best_image.input
[2014-01-26 15:16:15] INFO  (LoadHITs.java: 195) -  Properties: ../samples/best_image/best_image.properties
[2014-01-26 15:16:15] INFO  (LoadHITs.java: 196) -  Question File: ../samples/best_image/best_image.question
[2014-01-26 15:16:15] INFO  (LoadHITs.java: 202) -  Preview mode enabled
[2014-01-26 15:16:15] INFO  (LoadHITs.java: 208) - Preview file: ../samples/best_image/preview.html
[2014-01-26 15:16:15] INFO  (LoadHITs.java: 214) - --[Previewing HITs]----------
[2014-01-26 15:16:17] ERROR (LoadHITs.java: 133) - Error loading HITs: Error generating preview file ../samples/best_image/preview.html
com.amazonaws.mturk.service.exception.ServiceException: Error generating preview file ../samples/best_image/preview.html
	at com.amazonaws.mturk.service.axis.RequesterService.previewHIT(RequesterService.java:1833)
	at com.amazonaws.mturk.cmd.LoadHITs.loadHITs(LoadHITs.java:216)
	at com.amazonaws.mturk.cmd.LoadHITs.runCommand(LoadHITs.java:120)
	at com.amazonaws.mturk.cmd.AbstractCmd.run(AbstractCmd.java:148)
	at com.amazonaws.mturk.cmd.LoadHITs.main(LoadHITs.java:55)
Caused by: javax.xml.transform.TransformerException: Could not compile stylesheet
	at com.amazon.mechanicalturk.common.domain.XslTransformer.process(XslTransformer.java:137)
	at com.amazon.mechanicalturk.common.domain.XslTransformer.process(XslTransformer.java:90)
	at com.amazon.mechanicalturk.common.domain.XslTransformer.convertQAPtoHTML(XslTransformer.java:74)
	at com.amazonaws.mturk.service.axis.RequesterService.previewHIT(RequesterService.java:1864)
	at com.amazonaws.mturk.service.axis.RequesterService.previewHIT(RequesterService.java:1824)
	... 4 more
[2014-01-26 15:18:04] INFO  (LoadHITs.java: 193) - --[Initializing]----------
[2014-01-26 15:18:04] INFO  (LoadHITs.java: 194) -  Input: ../samples/best_image/best_image.input
[2014-01-26 15:18:04] INFO  (LoadHITs.java: 195) -  Properties: ../samples/best_image/best_image.properties
[2014-01-26 15:18:04] INFO  (LoadHITs.java: 196) -  Question File: ../samples/best_image/best_image.question
[2014-01-26 15:18:04] INFO  (LoadHITs.java: 202) -  Preview mode disabled
[2014-01-26 15:18:05] INFO  (LoadHITs.java: 229) - --[Loading HITs]----------
[2014-01-26 15:18:05] INFO  (LoadHITs.java: 231) -   Start time: Sun Jan 26 15:18:05 PST 2014
[2014-01-26 15:18:05] DEBUG (WorkQueue.java: 53) - Instantiating work queue with 2 threads
[2014-01-26 15:18:05] INFO  (RequesterService.java: 1548) - Created HIT 1: HITId=29UXKNQY2RCMDQ4FPFUHU0KUVQ3R2S
[2014-01-26 15:18:05] INFO  (RequesterService.java: 1592) - 
You may see your HIT(s) with HITTypeId '2TV6DG67D1X6OKG0UDFK5JE1MVDG92' here: 
[2014-01-26 15:18:05] INFO  (RequesterService.java: 1593) - 
  https://workersandbox.mturk.com/mturk/preview?groupId=2TV6DG67D1X6OKG0UDFK5JE1MVDG92

[2014-01-26 15:18:05] INFO  (LoadHITs.java: 239) -   End time: Sun Jan 26 15:18:05 PST 2014
[2014-01-26 15:18:05] INFO  (LoadHITs.java: 240) - --[Done Loading HITs]----------
[2014-01-26 15:18:05] INFO  (LoadHITs.java: 241) -   Total load time: 0 seconds.
[2014-01-26 15:18:05] INFO  (LoadHITs.java: 243) -   Successfully loaded 1 HITs.
[2014-01-26 15:19:55] INFO  (GetResults.java: 119) - --[Retrieving Results]----------
[2014-01-26 15:19:55] DEBUG (WorkQueue.java: 53) - Instantiating work queue with 2 threads
[2014-01-26 15:19:56] INFO  (GetResults.java: 162) - Retrieved HIT 1/1, 29UXKNQY2RCMDQ4FPFUHU0KUVQ3R2S
[2014-01-26 15:19:56] INFO  (GetResults.java: 123) - --[Done Retrieving Results]----------
[2014-01-26 15:19:56] INFO  (GetResults.java: 130) - 
Results have been written to file '../samples/best_image/best_image.results'.

[2014-01-26 15:19:56] INFO  (GetResults.java: 134) - Assignments completed: 1/1 (100%)
[2014-01-26 15:19:56] INFO  (GetResults.java: 139) -          Time elapsed: 0:00:43 (h:mm:ss)
[2014-01-26 15:19:56] INFO  (GetResults.java: 142) -   Average submit time: 20.0 seconds
[2014-01-26 15:21:18] INFO  (DeleteHITs.java: 67) - --- Starting to delete HITs ---
[2014-01-26 15:21:18] INFO  (AbstractCmd.java: 224) - You are about to delete 1 HITs.
[2014-01-26 15:21:18] INFO  (AbstractCmd.java: 225) - To confirm this operation, please press ENTER (or press Ctrl+C to abort): 
[2014-01-26 15:21:20] DEBUG (WorkQueue.java: 53) - Instantiating work queue with 2 threads
[2014-01-26 15:21:22] INFO  (DeleteHITs.java: 102) - [29UXKNQY2RCMDQ4FPFUHU0KUVQ3R2S] Successfully deleted HIT (1/1)
[2014-01-26 15:21:22] INFO  (DeleteHITs.java: 74) - --- Finished to delete HITs ---
[2014-01-26 15:21:22] INFO  (DeleteHITs.java: 75) -   1 HITs have been deleted or were deleted previously.
[2014-01-26 15:21:22] INFO  (DeleteHITs.java: 76) -   0 errors occured.
[2014-01-26 16:55:28] INFO  (LoadHITs.java: 193) - --[Initializing]----------
[2014-01-26 16:55:28] INFO  (LoadHITs.java: 194) -  Input: ../samples/external_hit/external_hit.input
[2014-01-26 16:55:28] INFO  (LoadHITs.java: 195) -  Properties: ../samples/external_hit/external_hit.properties
[2014-01-26 16:55:28] INFO  (LoadHITs.java: 196) -  Question File: ../samples/external_hit/external_hit.question
[2014-01-26 16:55:28] INFO  (LoadHITs.java: 202) -  Preview mode disabled
[2014-01-26 16:55:29] INFO  (LoadHITs.java: 229) - --[Loading HITs]----------
[2014-01-26 16:55:29] INFO  (LoadHITs.java: 231) -   Start time: Sun Jan 26 16:55:29 PST 2014
[2014-01-26 16:55:29] DEBUG (WorkQueue.java: 53) - Instantiating work queue with 2 threads
[2014-01-26 16:55:29] INFO  (RequesterService.java: 1548) - Created HIT 1: HITId=2359U8P9Y38WPGYYXTLYLM0J6QUXGE
[2014-01-26 16:55:29] INFO  (RequesterService.java: 1548) - Created HIT 2: HITId=2KGOCCF0CP5NQ9UYHJ9X1G4PZN1UV8
[2014-01-26 16:55:30] INFO  (RequesterService.java: 1548) - Created HIT 3: HITId=2M998D8J3VEAPCT9HZ3G6MCKLQ7XHD
[2014-01-26 16:55:30] INFO  (RequesterService.java: 1548) - Created HIT 4: HITId=2Q9NDWIOV1SAL74TNHL16YDZL3MXI6
[2014-01-26 16:55:30] INFO  (RequesterService.java: 1548) - Created HIT 5: HITId=24M6UXFCD4505YU37TETNIN36W3UWI
[2014-01-26 16:55:30] INFO  (RequesterService.java: 1592) - 
You may see your HIT(s) with HITTypeId '2CHX7H57DZKS8Y5UAE8DP25L86XB17' here: 
[2014-01-26 16:55:30] INFO  (RequesterService.java: 1593) - 
  https://workersandbox.mturk.com/mturk/preview?groupId=2CHX7H57DZKS8Y5UAE8DP25L86XB17

[2014-01-26 16:55:30] INFO  (LoadHITs.java: 239) -   End time: Sun Jan 26 16:55:30 PST 2014
[2014-01-26 16:55:30] INFO  (LoadHITs.java: 240) - --[Done Loading HITs]----------
[2014-01-26 16:55:30] INFO  (LoadHITs.java: 241) -   Total load time: 0 seconds.
[2014-01-26 16:55:30] INFO  (LoadHITs.java: 243) -   Successfully loaded 5 HITs.
[2014-01-26 16:56:29] INFO  (LoadHITs.java: 193) - --[Initializing]----------
[2014-01-26 16:56:29] INFO  (LoadHITs.java: 194) -  Input: ../samples/external_hit/external_hit.input
[2014-01-26 16:56:29] INFO  (LoadHITs.java: 195) -  Properties: ../samples/external_hit/external_hit.properties
[2014-01-26 16:56:29] INFO  (LoadHITs.java: 196) -  Question File: ../samples/external_hit/external_hit.question
[2014-01-26 16:56:29] INFO  (LoadHITs.java: 202) -  Preview mode disabled
[2014-01-26 16:56:30] INFO  (LoadHITs.java: 229) - --[Loading HITs]----------
[2014-01-26 16:56:30] INFO  (LoadHITs.java: 231) -   Start time: Sun Jan 26 16:56:30 PST 2014
[2014-01-26 16:56:30] DEBUG (WorkQueue.java: 53) - Instantiating work queue with 2 threads
[2014-01-26 16:56:31] INFO  (RequesterService.java: 1548) - Created HIT 1: HITId=2A4OFXRDS4IFUYZTHYAFP11AFY9UXB
[2014-01-26 16:56:31] INFO  (RequesterService.java: 1548) - Created HIT 2: HITId=24SB6BFMFFO1R2UHNK6DJESCD7BXKH
[2014-01-26 16:56:31] INFO  (RequesterService.java: 1548) - Created HIT 3: HITId=29BLB3L0FBJCB8CZ8KIEYE5R27GXLK
[2014-01-26 16:56:31] INFO  (RequesterService.java: 1548) - Created HIT 4: HITId=2OKJENLVWJ5RIV1EPHQ81MWBKU3S0Y
[2014-01-26 16:56:31] INFO  (RequesterService.java: 1548) - Created HIT 5: HITId=2N633FDEY5CRPKMWL0U8FRFLPM9S11
[2014-01-26 16:56:31] INFO  (RequesterService.java: 1592) - 
You may see your HIT(s) with HITTypeId '2CHX7H57DZKS8Y5UAE8DP25L86XB17' here: 
[2014-01-26 16:56:31] INFO  (RequesterService.java: 1593) - 
  https://workersandbox.mturk.com/mturk/preview?groupId=2CHX7H57DZKS8Y5UAE8DP25L86XB17

[2014-01-26 16:56:31] INFO  (LoadHITs.java: 239) -   End time: Sun Jan 26 16:56:31 PST 2014
[2014-01-26 16:56:31] INFO  (LoadHITs.java: 240) - --[Done Loading HITs]----------
[2014-01-26 16:56:31] INFO  (LoadHITs.java: 241) -   Total load time: 1 seconds.
[2014-01-26 16:56:31] INFO  (LoadHITs.java: 243) -   Successfully loaded 5 HITs.
[2014-01-26 16:57:07] INFO  (LoadHITs.java: 193) - --[Initializing]----------
[2014-01-26 16:57:07] INFO  (LoadHITs.java: 194) -  Input: ../samples/external_hit/external_hit.input
[2014-01-26 16:57:07] INFO  (LoadHITs.java: 195) -  Properties: ../samples/external_hit/external_hit.properties
[2014-01-26 16:57:07] INFO  (LoadHITs.java: 196) -  Question File: ../samples/external_hit/external_hit.question
[2014-01-26 16:57:07] INFO  (LoadHITs.java: 202) -  Preview mode disabled
[2014-01-26 16:57:09] INFO  (LoadHITs.java: 229) - --[Loading HITs]----------
[2014-01-26 16:57:09] INFO  (LoadHITs.java: 231) -   Start time: Sun Jan 26 16:57:09 PST 2014
[2014-01-26 16:57:09] DEBUG (WorkQueue.java: 53) - Instantiating work queue with 2 threads
[2014-01-26 16:57:09] INFO  (RequesterService.java: 1548) - Created HIT 1: HITId=2SLQ39Z0B6UWHQUK8WJTYRKG2C6XMM
[2014-01-26 16:57:09] INFO  (RequesterService.java: 1548) - Created HIT 2: HITId=25C3K4F0OHOYKL5YRLF2O92HRSB219
[2014-01-26 16:57:09] INFO  (RequesterService.java: 1548) - Created HIT 3: HITId=2FJTHV8ER9YBM7LYG0JM8KFH5I2Q32
[2014-01-26 16:57:09] INFO  (RequesterService.java: 1548) - Created HIT 4: HITId=2RWSCWY2AOO596NUAPFGTSCMJYP22Q
[2014-01-26 16:57:09] INFO  (RequesterService.java: 1548) - Created HIT 5: HITId=29QSV7WGKCCYE54S44UMKAPQHSNS2I
[2014-01-26 16:57:09] INFO  (RequesterService.java: 1592) - 
You may see your HIT(s) with HITTypeId '2CHX7H57DZKS8Y5UAE8DP25L86XB17' here: 
[2014-01-26 16:57:09] INFO  (RequesterService.java: 1593) - 
  https://workersandbox.mturk.com/mturk/preview?groupId=2CHX7H57DZKS8Y5UAE8DP25L86XB17

[2014-01-26 16:57:09] INFO  (LoadHITs.java: 239) -   End time: Sun Jan 26 16:57:09 PST 2014
[2014-01-26 16:57:09] INFO  (LoadHITs.java: 240) - --[Done Loading HITs]----------
[2014-01-26 16:57:09] INFO  (LoadHITs.java: 241) -   Total load time: 0 seconds.
[2014-01-26 16:57:09] INFO  (LoadHITs.java: 243) -   Successfully loaded 5 HITs.
[2014-01-26 17:02:18] INFO  (GetResults.java: 119) - --[Retrieving Results]----------
[2014-01-26 17:02:18] DEBUG (WorkQueue.java: 53) - Instantiating work queue with 2 threads
[2014-01-26 17:02:20] INFO  (GetResults.java: 162) - Retrieved HIT 1/5, 2SLQ39Z0B6UWHQUK8WJTYRKG2C6XMM
[2014-01-26 17:02:20] INFO  (GetResults.java: 162) - Retrieved HIT 2/5, 25C3K4F0OHOYKL5YRLF2O92HRSB219
[2014-01-26 17:02:21] INFO  (GetResults.java: 162) - Retrieved HIT 3/5, 2FJTHV8ER9YBM7LYG0JM8KFH5I2Q32
[2014-01-26 17:02:21] INFO  (GetResults.java: 162) - Retrieved HIT 4/5, 2RWSCWY2AOO596NUAPFGTSCMJYP22Q
[2014-01-26 17:02:21] INFO  (GetResults.java: 162) - Retrieved HIT 5/5, 29QSV7WGKCCYE54S44UMKAPQHSNS2I
[2014-01-26 17:02:21] INFO  (GetResults.java: 123) - --[Done Retrieving Results]----------
[2014-01-26 17:02:21] INFO  (GetResults.java: 130) - 
Results have been written to file '../samples/external_hit/external_hit.results'.

[2014-01-26 17:02:21] INFO  (GetResults.java: 134) - Assignments completed: 1/5 (20%)
[2014-01-26 17:02:21] INFO  (GetResults.java: 137) -          Time elapsed: 0:05:12 (h:mm:ss)
[2014-01-26 17:02:21] INFO  (GetResults.java: 142) -   Average submit time: 4.0 seconds
[2014-01-26 17:02:34] INFO  (GetResults.java: 119) - --[Retrieving Results]----------
[2014-01-26 17:02:34] DEBUG (WorkQueue.java: 53) - Instantiating work queue with 2 threads
[2014-01-26 17:02:35] INFO  (GetResults.java: 162) - Retrieved HIT 1/5, 2SLQ39Z0B6UWHQUK8WJTYRKG2C6XMM
[2014-01-26 17:02:35] INFO  (GetResults.java: 162) - Retrieved HIT 2/5, 25C3K4F0OHOYKL5YRLF2O92HRSB219
[2014-01-26 17:02:35] INFO  (GetResults.java: 162) - Retrieved HIT 3/5, 2FJTHV8ER9YBM7LYG0JM8KFH5I2Q32
[2014-01-26 17:02:35] INFO  (GetResults.java: 162) - Retrieved HIT 4/5, 2RWSCWY2AOO596NUAPFGTSCMJYP22Q
[2014-01-26 17:02:35] INFO  (GetResults.java: 162) - Retrieved HIT 5/5, 29QSV7WGKCCYE54S44UMKAPQHSNS2I
[2014-01-26 17:02:35] INFO  (GetResults.java: 123) - --[Done Retrieving Results]----------
[2014-01-26 17:02:35] INFO  (GetResults.java: 130) - 
Results have been written to file '../samples/external_hit/external_hit.results'.

[2014-01-26 17:02:35] INFO  (GetResults.java: 134) - Assignments completed: 1/5 (20%)
[2014-01-26 17:02:35] INFO  (GetResults.java: 137) -          Time elapsed: 0:05:26 (h:mm:ss)
[2014-01-26 17:02:35] INFO  (GetResults.java: 142) -   Average submit time: 4.0 seconds
[2014-01-26 17:06:54] INFO  (GetResults.java: 119) - --[Retrieving Results]----------
[2014-01-26 17:06:54] DEBUG (WorkQueue.java: 53) - Instantiating work queue with 2 threads
[2014-01-26 17:06:55] INFO  (GetResults.java: 162) - Retrieved HIT 1/5, 2SLQ39Z0B6UWHQUK8WJTYRKG2C6XMM
[2014-01-26 17:06:55] INFO  (GetResults.java: 162) - Retrieved HIT 2/5, 25C3K4F0OHOYKL5YRLF2O92HRSB219
[2014-01-26 17:06:55] INFO  (GetResults.java: 162) - Retrieved HIT 3/5, 2FJTHV8ER9YBM7LYG0JM8KFH5I2Q32
[2014-01-26 17:06:56] INFO  (GetResults.java: 162) - Retrieved HIT 4/5, 2RWSCWY2AOO596NUAPFGTSCMJYP22Q
[2014-01-26 17:06:56] INFO  (GetResults.java: 162) - Retrieved HIT 5/5, 29QSV7WGKCCYE54S44UMKAPQHSNS2I
[2014-01-26 17:06:56] INFO  (GetResults.java: 123) - --[Done Retrieving Results]----------
[2014-01-26 17:06:56] INFO  (GetResults.java: 130) - 
Results have been written to file '../samples/external_hit/external_hit.results'.

[2014-01-26 17:06:56] INFO  (GetResults.java: 134) - Assignments completed: 2/5 (40%)
[2014-01-26 17:06:56] INFO  (GetResults.java: 137) -          Time elapsed: 0:09:47 (h:mm:ss)
[2014-01-26 17:06:56] INFO  (GetResults.java: 142) -   Average submit time: 5.5 seconds
[2014-01-26 20:04:59] INFO  (LoadHITs.java: 193) - --[Initializing]----------
[2014-01-26 20:04:59] INFO  (LoadHITs.java: 194) -  Input: ../samples/external_hit/external_hit.input
[2014-01-26 20:04:59] INFO  (LoadHITs.java: 195) -  Properties: ../samples/external_hit/external_hit.properties
[2014-01-26 20:04:59] INFO  (LoadHITs.java: 196) -  Question File: ../samples/external_hit/external_hit.question
[2014-01-26 20:04:59] INFO  (LoadHITs.java: 202) -  Preview mode disabled
[2014-01-26 20:05:00] INFO  (LoadHITs.java: 229) - --[Loading HITs]----------
[2014-01-26 20:05:00] INFO  (LoadHITs.java: 231) -   Start time: Sun Jan 26 20:05:00 PST 2014
[2014-01-26 20:05:00] DEBUG (WorkQueue.java: 53) - Instantiating work queue with 2 threads
[2014-01-26 20:05:01] INFO  (RequesterService.java: 1548) - Created HIT 1: HITId=2UJX3V0FK0CRDMKUVNYPNK9L4CMNGM
[2014-01-26 20:05:01] INFO  (RequesterService.java: 1548) - Created HIT 2: HITId=2DNXH0JPPSI5DIF5FTG78KLMJCZNHL
[2014-01-26 20:05:01] INFO  (RequesterService.java: 1548) - Created HIT 3: HITId=217EIB9BAWLVFHQ6ZWOUG3MT47PZ2W
[2014-01-26 20:05:01] INFO  (RequesterService.java: 1548) - Created HIT 4: HITId=2LW6AUBXHWSK0ZMP3W2ZZDRLALPZ37
[2014-01-26 20:05:02] INFO  (RequesterService.java: 1548) - Created HIT 5: HITId=2LKJ1LY58B75061YAGBHG16YS8BS70
[2014-01-26 20:05:02] INFO  (RequesterService.java: 1548) - Created HIT 6: HITId=2PFMB3Q39Z0EZEU40UVEYSTV40WUJP
[2014-01-26 20:05:02] INFO  (RequesterService.java: 1548) - Created HIT 7: HITId=2H6NNVRH1KHR2YH758XNY9LK9NDPYI
[2014-01-26 20:05:02] INFO  (RequesterService.java: 1548) - Created HIT 8: HITId=24M6UXFCD4505YU37TETNIN36W5WUM
[2014-01-26 20:05:02] INFO  (RequesterService.java: 1548) - Created HIT 9: HITId=2N6Q1SNQQ7Q90K6HKL3NU12T3SHS8N
[2014-01-26 20:05:02] INFO  (RequesterService.java: 1548) - Created HIT 10: HITId=2HNBMJTUHYW59DQPLBYS8WM1JPENIE
[2014-01-26 20:05:02] INFO  (RequesterService.java: 1592) - 
You may see your HIT(s) with HITTypeId '2EVQ45UUKQO197JCVOJ8RG010VGDV5' here: 
[2014-01-26 20:05:02] INFO  (RequesterService.java: 1593) - 
  https://workersandbox.mturk.com/mturk/preview?groupId=2EVQ45UUKQO197JCVOJ8RG010VGDV5

[2014-01-26 20:05:02] INFO  (LoadHITs.java: 239) -   End time: Sun Jan 26 20:05:02 PST 2014
[2014-01-26 20:05:02] INFO  (LoadHITs.java: 240) - --[Done Loading HITs]----------
[2014-01-26 20:05:02] INFO  (LoadHITs.java: 241) -   Total load time: 1 seconds.
[2014-01-26 20:05:02] INFO  (LoadHITs.java: 243) -   Successfully loaded 10 HITs.
[2014-01-26 20:10:28] INFO  (GetResults.java: 119) - --[Retrieving Results]----------
[2014-01-26 20:10:28] DEBUG (WorkQueue.java: 53) - Instantiating work queue with 2 threads
[2014-01-26 20:10:29] INFO  (GetResults.java: 162) - Retrieved HIT 1/10, 2UJX3V0FK0CRDMKUVNYPNK9L4CMNGM
[2014-01-26 20:10:29] INFO  (GetResults.java: 162) - Retrieved HIT 2/10, 2DNXH0JPPSI5DIF5FTG78KLMJCZNHL
[2014-01-26 20:10:29] INFO  (GetResults.java: 162) - Retrieved HIT 3/10, 217EIB9BAWLVFHQ6ZWOUG3MT47PZ2W
[2014-01-26 20:10:29] INFO  (GetResults.java: 162) - Retrieved HIT 4/10, 2LW6AUBXHWSK0ZMP3W2ZZDRLALPZ37
[2014-01-26 20:10:29] INFO  (GetResults.java: 162) - Retrieved HIT 5/10, 2LKJ1LY58B75061YAGBHG16YS8BS70
[2014-01-26 20:10:30] INFO  (GetResults.java: 162) - Retrieved HIT 6/10, 2PFMB3Q39Z0EZEU40UVEYSTV40WUJP
[2014-01-26 20:10:30] INFO  (GetResults.java: 162) - Retrieved HIT 7/10, 2H6NNVRH1KHR2YH758XNY9LK9NDPYI
[2014-01-26 20:10:30] INFO  (GetResults.java: 162) - Retrieved HIT 8/10, 24M6UXFCD4505YU37TETNIN36W5WUM
[2014-01-26 20:10:30] INFO  (GetResults.java: 162) - Retrieved HIT 9/10, 2N6Q1SNQQ7Q90K6HKL3NU12T3SHS8N
[2014-01-26 20:10:30] INFO  (GetResults.java: 162) - Retrieved HIT 10/10, 2HNBMJTUHYW59DQPLBYS8WM1JPENIE
[2014-01-26 20:10:30] INFO  (GetResults.java: 123) - --[Done Retrieving Results]----------
[2014-01-26 20:10:30] INFO  (GetResults.java: 130) - 
Results have been written to file '../samples/external_hit/external_hit.results'.

[2014-01-26 20:10:30] INFO  (GetResults.java: 134) - Assignments completed: 7/10 (70%)
[2014-01-26 20:10:30] INFO  (GetResults.java: 137) -          Time elapsed: 0:05:29 (h:mm:ss)
[2014-01-26 20:10:30] INFO  (GetResults.java: 142) -   Average submit time: 37.6 seconds
[2014-01-26 20:12:42] INFO  (DeleteHITs.java: 67) - --- Starting to delete HITs ---
[2014-01-26 20:12:42] INFO  (AbstractCmd.java: 224) - You are about to delete 10 HITs.
[2014-01-26 20:12:42] INFO  (AbstractCmd.java: 225) - To confirm this operation, please press ENTER (or press Ctrl+C to abort): 
[2014-01-26 20:12:45] DEBUG (WorkQueue.java: 53) - Instantiating work queue with 2 threads
[2014-01-26 20:12:47] INFO  (DeleteHITs.java: 102) - [2UJX3V0FK0CRDMKUVNYPNK9L4CMNGM] Successfully deleted HIT (1/10)
[2014-01-26 20:12:47] INFO  (DeleteHITs.java: 102) - [2DNXH0JPPSI5DIF5FTG78KLMJCZNHL] Successfully deleted HIT (2/10)
[2014-01-26 20:12:47] ERROR (DeleteHITs.java: 107) - [217EIB9BAWLVFHQ6ZWOUG3MT47PZ2W] FAILURE Deleting HIT: HIT still being worked on. Not deleted. (3/10)
com.amazonaws.mturk.service.exception.ServiceException: HIT still being worked on. Not deleted.
	at com.amazonaws.mturk.service.axis.DeleteHITCommand.processFailure(DeleteHITCommand.java:197)
	at com.amazonaws.mturk.service.axis.AsyncRequest.call(AsyncRequest.java:80)
	at java.util.concurrent.FutureTask$Sync.innerRun(FutureTask.java:303)
	at java.util.concurrent.FutureTask.run(FutureTask.java:138)
	at java.util.concurrent.ThreadPoolExecutor$Worker.runTask(ThreadPoolExecutor.java:895)
	at java.util.concurrent.ThreadPoolExecutor$Worker.run(ThreadPoolExecutor.java:918)
	at java.lang.Thread.run(Thread.java:695)
[2014-01-26 20:12:48] INFO  (DeleteHITs.java: 102) - [2LW6AUBXHWSK0ZMP3W2ZZDRLALPZ37] Successfully deleted HIT (4/10)
[2014-01-26 20:12:48] INFO  (DeleteHITs.java: 102) - [2LKJ1LY58B75061YAGBHG16YS8BS70] Successfully deleted HIT (5/10)
[2014-01-26 20:12:48] INFO  (DeleteHITs.java: 102) - [2PFMB3Q39Z0EZEU40UVEYSTV40WUJP] Successfully deleted HIT (6/10)
[2014-01-26 20:12:49] INFO  (DeleteHITs.java: 102) - [2H6NNVRH1KHR2YH758XNY9LK9NDPYI] Successfully deleted HIT (7/10)
[2014-01-26 20:12:49] INFO  (DeleteHITs.java: 102) - [24M6UXFCD4505YU37TETNIN36W5WUM] Successfully deleted HIT (8/10)
[2014-01-26 20:12:50] INFO  (DeleteHITs.java: 102) - [2N6Q1SNQQ7Q90K6HKL3NU12T3SHS8N] Successfully deleted HIT (9/10)
[2014-01-26 20:12:50] INFO  (DeleteHITs.java: 102) - [2HNBMJTUHYW59DQPLBYS8WM1JPENIE] Successfully deleted HIT (10/10)
[2014-01-26 20:12:50] INFO  (DeleteHITs.java: 74) - --- Finished to delete HITs ---
[2014-01-26 20:12:50] INFO  (DeleteHITs.java: 75) -   9 HITs have been deleted or were deleted previously.
[2014-01-26 20:12:50] INFO  (DeleteHITs.java: 76) -   1 errors occured.
[2014-01-26 21:35:36] INFO  (LoadHITs.java: 193) - --[Initializing]----------
[2014-01-26 21:35:36] INFO  (LoadHITs.java: 194) -  Input: ../samples/external_hit/external_hit.input
[2014-01-26 21:35:36] INFO  (LoadHITs.java: 195) -  Properties: ../samples/external_hit/external_hit.properties
[2014-01-26 21:35:36] INFO  (LoadHITs.java: 196) -  Question File: ../samples/external_hit/external_hit.question
[2014-01-26 21:35:36] INFO  (LoadHITs.java: 202) -  Preview mode disabled
[2014-01-26 21:35:37] INFO  (LoadHITs.java: 229) - --[Loading HITs]----------
[2014-01-26 21:35:37] INFO  (LoadHITs.java: 231) -   Start time: Sun Jan 26 21:35:37 PST 2014
[2014-01-26 21:35:37] DEBUG (WorkQueue.java: 53) - Instantiating work queue with 2 threads
[2014-01-26 21:35:38] INFO  (RequesterService.java: 1548) - Created HIT 1: HITId=27ZM8JIA0RYQCT33DLD08BMJ6AZ50D
[2014-01-26 21:35:38] INFO  (RequesterService.java: 1548) - Created HIT 2: HITId=20ZSTLB3L0FECTJ45K5JUEVEI76VJG
[2014-01-26 21:35:38] INFO  (RequesterService.java: 1548) - Created HIT 3: HITId=26L6XBAT2D5QJIOL94H0MG5TB2551G
[2014-01-26 21:35:38] INFO  (RequesterService.java: 1548) - Created HIT 4: HITId=2G1MJUNU8LZ9KR1WZS08G8J38UP2I4
[2014-01-26 21:35:38] INFO  (RequesterService.java: 1548) - Created HIT 5: HITId=2CFX2Q45UUKTHIH3CXSNV8OGDHHTBD
[2014-01-26 21:35:38] INFO  (RequesterService.java: 1548) - Created HIT 6: HITId=2LOUXFCD45XF7DOTMOKKLN3TT5LXV6
[2014-01-26 21:35:38] INFO  (RequesterService.java: 1548) - Created HIT 7: HITId=2DKDIPDOBDDS19KCEV4DBXMBG6L0B9
[2014-01-26 21:35:39] INFO  (RequesterService.java: 1548) - Created HIT 8: HITId=2E4B3Q39Z0B9NDPMN55VVTVRXW6VKF
[2014-01-26 21:35:39] INFO  (RequesterService.java: 1548) - Created HIT 9: HITId=25UCF0CP5KXSM2OYCYPG7PM70ENXWG
[2014-01-26 21:35:39] INFO  (RequesterService.java: 1548) - Created HIT 10: HITId=2C8VJ8EBDPGIEQWSJXQ9UNDWV4D0FR
[2014-01-26 21:35:39] INFO  (RequesterService.java: 1592) - 
You may see your HIT(s) with HITTypeId '2EVQ45UUKQO197JCVOJ8RG010VGDV5' here: 
[2014-01-26 21:35:39] INFO  (RequesterService.java: 1593) - 
  https://workersandbox.mturk.com/mturk/preview?groupId=2EVQ45UUKQO197JCVOJ8RG010VGDV5

[2014-01-26 21:35:39] INFO  (LoadHITs.java: 239) -   End time: Sun Jan 26 21:35:39 PST 2014
[2014-01-26 21:35:39] INFO  (LoadHITs.java: 240) - --[Done Loading HITs]----------
[2014-01-26 21:35:39] INFO  (LoadHITs.java: 241) -   Total load time: 1 seconds.
[2014-01-26 21:35:39] INFO  (LoadHITs.java: 243) -   Successfully loaded 10 HITs.
