2014-01-20 10:13:29,534 - Log4JLogChute initialized using file 'velocity.log'
2014-01-20 10:13:29,534 - Starting Apache Velocity v1.5 (compiled: 2007-02-22 08:52:29)
2014-01-20 10:13:29,535 - Default Properties File: org/apache/velocity/runtime/defaults/velocity.properties
2014-01-20 10:13:29,535 - Trying to use logger class org.apache.velocity.runtime.log.AvalonLogChute
2014-01-20 10:13:29,535 - Couldn't find class org.apache.velocity.runtime.log.AvalonLogChute or necessary supporting classes in classpath.
java.lang.NoClassDefFoundError: org/apache/log/format/Formatter
	at java.lang.Class.forName0(Native Method)
	at java.lang.Class.forName(Class.java:249)
	at org.apache.velocity.util.ClassUtils.getClass(ClassUtils.java:63)
	at org.apache.velocity.util.ClassUtils.getNewInstance(ClassUtils.java:95)
	at org.apache.velocity.runtime.log.LogManager.createLogChute(LogManager.java:147)
	at org.apache.velocity.runtime.log.LogManager.updateLog(LogManager.java:208)
	at org.apache.velocity.runtime.RuntimeInstance.initializeLog(RuntimeInstance.java:728)
	at org.apache.velocity.runtime.RuntimeInstance.init(RuntimeInstance.java:240)
	at org.apache.velocity.runtime.RuntimeInstance.init(RuntimeInstance.java:534)
	at org.apache.velocity.app.VelocityEngine.init(VelocityEngine.java:144)
	at com.amazonaws.mturk.addon.HITQuestion.<init>(HITQuestion.java:69)
	at com.amazonaws.mturk.cmd.LoadHITs.loadHITs(LoadHITs.java:185)
	at com.amazonaws.mturk.cmd.LoadHITs.runCommand(LoadHITs.java:120)
	at com.amazonaws.mturk.cmd.AbstractCmd.run(AbstractCmd.java:148)
	at com.amazonaws.mturk.cmd.LoadHITs.main(LoadHITs.java:55)
Caused by: java.lang.ClassNotFoundException: org.apache.log.format.Formatter
	at java.net.URLClassLoader$1.run(URLClassLoader.java:202)
	at java.security.AccessController.doPrivileged(Native Method)
	at java.net.URLClassLoader.findClass(URLClassLoader.java:190)
	at java.lang.ClassLoader.loadClass(ClassLoader.java:306)
	at sun.misc.Launcher$AppClassLoader.loadClass(Launcher.java:301)
	at java.lang.ClassLoader.loadClass(ClassLoader.java:247)
	... 15 more
2014-01-20 10:13:29,545 - Trying to use logger class org.apache.velocity.runtime.log.Log4JLogChute
2014-01-20 10:13:29,545 - Using logger class org.apache.velocity.runtime.log.Log4JLogChute
2014-01-20 10:13:29,548 - Default ResourceManager initializing. (class org.apache.velocity.runtime.resource.ResourceManagerImpl)
2014-01-20 10:13:29,552 - ResourceLoader instantiated: org.apache.velocity.runtime.resource.loader.FileResourceLoader
2014-01-20 10:13:29,553 - Do unicode file recognition:  false
2014-01-20 10:13:29,553 - FileResourceLoader : adding path '../samples/helloworld'
2014-01-20 10:13:29,566 - ResourceCache: initialized (class org.apache.velocity.runtime.resource.ResourceCacheImpl)
2014-01-20 10:13:29,567 - Loaded System Directive: org.apache.velocity.runtime.directive.Literal
2014-01-20 10:13:29,568 - Loaded System Directive: org.apache.velocity.runtime.directive.Macro
2014-01-20 10:13:29,569 - Loaded System Directive: org.apache.velocity.runtime.directive.Parse
2014-01-20 10:13:29,570 - Loaded System Directive: org.apache.velocity.runtime.directive.Include
2014-01-20 10:13:29,570 - Loaded System Directive: org.apache.velocity.runtime.directive.Foreach
2014-01-20 10:13:29,591 - Created '20' parsers.
2014-01-20 10:13:29,597 - Velocimacro : "velocimacro.library" is not set.  Trying default library: VM_global_library.vm
2014-01-20 10:13:29,597 - Velocimacro : Default library not found.
2014-01-20 10:13:29,597 - Velocimacro : allowInline = true : VMs can be defined inline in templates
2014-01-20 10:13:29,597 - Velocimacro : allowInlineToOverride = false : VMs defined inline may NOT replace previous VM definitions
2014-01-20 10:13:29,597 - Velocimacro : allowInlineLocal = false : VMs defined inline will be global in scope if allowed.
2014-01-20 10:13:29,597 - Velocimacro : autoload off : VM system will not automatically reload global library macros
2014-01-20 10:13:29,605 - ResourceManager : found helloworld.question with loader org.apache.velocity.runtime.resource.loader.FileResourceLoader
2014-01-20 10:13:29,611 - Log4JLogChute initialized using file 'velocity.log'
2014-01-20 10:13:29,611 - Log4JLogChute initialized using file 'velocity.log'
2014-01-20 10:13:29,611 - Starting Apache Velocity v1.5 (compiled: 2007-02-22 08:52:29)
2014-01-20 10:13:29,611 - Starting Apache Velocity v1.5 (compiled: 2007-02-22 08:52:29)
2014-01-20 10:13:29,611 - Default Properties File: org/apache/velocity/runtime/defaults/velocity.properties
2014-01-20 10:13:29,611 - Default Properties File: org/apache/velocity/runtime/defaults/velocity.properties
2014-01-20 10:13:29,611 - Trying to use logger class org.apache.velocity.runtime.log.AvalonLogChute
2014-01-20 10:13:29,611 - Trying to use logger class org.apache.velocity.runtime.log.AvalonLogChute
2014-01-20 10:13:29,611 - Couldn't find class org.apache.velocity.runtime.log.AvalonLogChute or necessary supporting classes in classpath.
java.lang.NoClassDefFoundError: org/apache/log/format/Formatter
	at java.lang.Class.forName0(Native Method)
	at java.lang.Class.forName(Class.java:249)
	at org.apache.velocity.util.ClassUtils.getClass(ClassUtils.java:63)
	at org.apache.velocity.util.ClassUtils.getNewInstance(ClassUtils.java:95)
	at org.apache.velocity.runtime.log.LogManager.createLogChute(LogManager.java:147)
	at org.apache.velocity.runtime.log.LogManager.updateLog(LogManager.java:208)
	at org.apache.velocity.runtime.RuntimeInstance.initializeLog(RuntimeInstance.java:728)
	at org.apache.velocity.runtime.RuntimeInstance.init(RuntimeInstance.java:240)
	at org.apache.velocity.runtime.RuntimeSingleton.init(RuntimeSingleton.java:113)
	at org.apache.velocity.app.Velocity.init(Velocity.java:83)
	at com.amazonaws.mturk.util.VelocityUtil.doMerge(VelocityUtil.java:34)
	at com.amazonaws.mturk.addon.HITProperties.getMaxAssignments(HITProperties.java:268)
	at com.amazonaws.mturk.cmd.LoadHITs.loadHITs(LoadHITs.java:226)
	at com.amazonaws.mturk.cmd.LoadHITs.runCommand(LoadHITs.java:120)
	at com.amazonaws.mturk.cmd.AbstractCmd.run(AbstractCmd.java:148)
	at com.amazonaws.mturk.cmd.LoadHITs.main(LoadHITs.java:55)
Caused by: java.lang.ClassNotFoundException: org.apache.log.format.Formatter
	at java.net.URLClassLoader$1.run(URLClassLoader.java:202)
	at java.security.AccessController.doPrivileged(Native Method)
	at java.net.URLClassLoader.findClass(URLClassLoader.java:190)
	at java.lang.ClassLoader.loadClass(ClassLoader.java:306)
	at sun.misc.Launcher$AppClassLoader.loadClass(Launcher.java:301)
	at java.lang.ClassLoader.loadClass(ClassLoader.java:247)
	... 16 more
2014-01-20 10:13:29,611 - Couldn't find class org.apache.velocity.runtime.log.AvalonLogChute or necessary supporting classes in classpath.
java.lang.NoClassDefFoundError: org/apache/log/format/Formatter
	at java.lang.Class.forName0(Native Method)
	at java.lang.Class.forName(Class.java:249)
	at org.apache.velocity.util.ClassUtils.getClass(ClassUtils.java:63)
	at org.apache.velocity.util.ClassUtils.getNewInstance(ClassUtils.java:95)
	at org.apache.velocity.runtime.log.LogManager.createLogChute(LogManager.java:147)
	at org.apache.velocity.runtime.log.LogManager.updateLog(LogManager.java:208)
	at org.apache.velocity.runtime.RuntimeInstance.initializeLog(RuntimeInstance.java:728)
	at org.apache.velocity.runtime.RuntimeInstance.init(RuntimeInstance.java:240)
	at org.apache.velocity.runtime.RuntimeSingleton.init(RuntimeSingleton.java:113)
	at org.apache.velocity.app.Velocity.init(Velocity.java:83)
	at com.amazonaws.mturk.util.VelocityUtil.doMerge(VelocityUtil.java:34)
	at com.amazonaws.mturk.addon.HITProperties.getMaxAssignments(HITProperties.java:268)
	at com.amazonaws.mturk.cmd.LoadHITs.loadHITs(LoadHITs.java:226)
	at com.amazonaws.mturk.cmd.LoadHITs.runCommand(LoadHITs.java:120)
	at com.amazonaws.mturk.cmd.AbstractCmd.run(AbstractCmd.java:148)
	at com.amazonaws.mturk.cmd.LoadHITs.main(LoadHITs.java:55)
Caused by: java.lang.ClassNotFoundException: org.apache.log.format.Formatter
	at java.net.URLClassLoader$1.run(URLClassLoader.java:202)
	at java.security.AccessController.doPrivileged(Native Method)
	at java.net.URLClassLoader.findClass(URLClassLoader.java:190)
	at java.lang.ClassLoader.loadClass(ClassLoader.java:306)
	at sun.misc.Launcher$AppClassLoader.loadClass(Launcher.java:301)
	at java.lang.ClassLoader.loadClass(ClassLoader.java:247)
	... 16 more
2014-01-20 10:13:29,612 - Trying to use logger class org.apache.velocity.runtime.log.Log4JLogChute
2014-01-20 10:13:29,612 - Trying to use logger class org.apache.velocity.runtime.log.Log4JLogChute
2014-01-20 10:13:29,612 - Using logger class org.apache.velocity.runtime.log.Log4JLogChute
2014-01-20 10:13:29,612 - Using logger class org.apache.velocity.runtime.log.Log4JLogChute
2014-01-20 10:13:29,612 - Default ResourceManager initializing. (class org.apache.velocity.runtime.resource.ResourceManagerImpl)
2014-01-20 10:13:29,612 - Default ResourceManager initializing. (class org.apache.velocity.runtime.resource.ResourceManagerImpl)
2014-01-20 10:13:29,612 - ResourceLoader instantiated: org.apache.velocity.runtime.resource.loader.FileResourceLoader
2014-01-20 10:13:29,612 - ResourceLoader instantiated: org.apache.velocity.runtime.resource.loader.FileResourceLoader
2014-01-20 10:13:29,612 - Do unicode file recognition:  false
2014-01-20 10:13:29,612 - Do unicode file recognition:  false
2014-01-20 10:13:29,612 - FileResourceLoader : adding path '.'
2014-01-20 10:13:29,612 - FileResourceLoader : adding path '.'
2014-01-20 10:13:29,612 - ResourceCache: initialized (class org.apache.velocity.runtime.resource.ResourceCacheImpl)
2014-01-20 10:13:29,612 - ResourceCache: initialized (class org.apache.velocity.runtime.resource.ResourceCacheImpl)
2014-01-20 10:13:29,613 - Loaded System Directive: org.apache.velocity.runtime.directive.Literal
2014-01-20 10:13:29,613 - Loaded System Directive: org.apache.velocity.runtime.directive.Literal
2014-01-20 10:13:29,613 - Loaded System Directive: org.apache.velocity.runtime.directive.Macro
2014-01-20 10:13:29,613 - Loaded System Directive: org.apache.velocity.runtime.directive.Macro
2014-01-20 10:13:29,613 - Loaded System Directive: org.apache.velocity.runtime.directive.Parse
2014-01-20 10:13:29,613 - Loaded System Directive: org.apache.velocity.runtime.directive.Parse
2014-01-20 10:13:29,613 - Loaded System Directive: org.apache.velocity.runtime.directive.Include
2014-01-20 10:13:29,613 - Loaded System Directive: org.apache.velocity.runtime.directive.Include
2014-01-20 10:13:29,613 - Loaded System Directive: org.apache.velocity.runtime.directive.Foreach
2014-01-20 10:13:29,613 - Loaded System Directive: org.apache.velocity.runtime.directive.Foreach
2014-01-20 10:13:29,614 - Created '20' parsers.
2014-01-20 10:13:29,614 - Created '20' parsers.
2014-01-20 10:13:29,614 - Velocimacro : "velocimacro.library" is not set.  Trying default library: VM_global_library.vm
2014-01-20 10:13:29,614 - Velocimacro : "velocimacro.library" is not set.  Trying default library: VM_global_library.vm
2014-01-20 10:13:29,614 - Velocimacro : Default library not found.
2014-01-20 10:13:29,614 - Velocimacro : Default library not found.
2014-01-20 10:13:29,614 - Velocimacro : allowInline = true : VMs can be defined inline in templates
2014-01-20 10:13:29,614 - Velocimacro : allowInline = true : VMs can be defined inline in templates
2014-01-20 10:13:29,614 - Velocimacro : allowInlineToOverride = false : VMs defined inline may NOT replace previous VM definitions
2014-01-20 10:13:29,614 - Velocimacro : allowInlineToOverride = false : VMs defined inline may NOT replace previous VM definitions
2014-01-20 10:13:29,614 - Velocimacro : allowInlineLocal = false : VMs defined inline will be global in scope if allowed.
2014-01-20 10:13:29,614 - Velocimacro : allowInlineLocal = false : VMs defined inline will be global in scope if allowed.
2014-01-20 10:13:29,614 - Velocimacro : autoload off : VM system will not automatically reload global library macros
2014-01-20 10:13:29,614 - Velocimacro : autoload off : VM system will not automatically reload global library macros
2014-01-26 15:02:53,288 - Log4JLogChute initialized using file 'velocity.log'
2014-01-26 15:02:53,288 - Starting Apache Velocity v1.5 (compiled: 2007-02-22 08:52:29)
2014-01-26 15:02:53,288 - Default Properties File: org/apache/velocity/runtime/defaults/velocity.properties
2014-01-26 15:02:53,288 - Trying to use logger class org.apache.velocity.runtime.log.AvalonLogChute
2014-01-26 15:02:53,289 - Couldn't find class org.apache.velocity.runtime.log.AvalonLogChute or necessary supporting classes in classpath.
java.lang.NoClassDefFoundError: org/apache/log/format/Formatter
	at java.lang.Class.forName0(Native Method)
	at java.lang.Class.forName(Class.java:249)
	at org.apache.velocity.util.ClassUtils.getClass(ClassUtils.java:63)
	at org.apache.velocity.util.ClassUtils.getNewInstance(ClassUtils.java:95)
	at org.apache.velocity.runtime.log.LogManager.createLogChute(LogManager.java:147)
	at org.apache.velocity.runtime.log.LogManager.updateLog(LogManager.java:208)
	at org.apache.velocity.runtime.RuntimeInstance.initializeLog(RuntimeInstance.java:728)
	at org.apache.velocity.runtime.RuntimeInstance.init(RuntimeInstance.java:240)
	at org.apache.velocity.runtime.RuntimeInstance.init(RuntimeInstance.java:534)
	at org.apache.velocity.app.VelocityEngine.init(VelocityEngine.java:144)
	at com.amazonaws.mturk.addon.HITQuestion.<init>(HITQuestion.java:69)
	at com.amazonaws.mturk.cmd.LoadHITs.loadHITs(LoadHITs.java:185)
	at com.amazonaws.mturk.cmd.LoadHITs.runCommand(LoadHITs.java:120)
	at com.amazonaws.mturk.cmd.AbstractCmd.run(AbstractCmd.java:148)
	at com.amazonaws.mturk.cmd.LoadHITs.main(LoadHITs.java:55)
Caused by: java.lang.ClassNotFoundException: org.apache.log.format.Formatter
	at java.net.URLClassLoader$1.run(URLClassLoader.java:202)
	at java.security.AccessController.doPrivileged(Native Method)
	at java.net.URLClassLoader.findClass(URLClassLoader.java:190)
	at java.lang.ClassLoader.loadClass(ClassLoader.java:306)
	at sun.misc.Launcher$AppClassLoader.loadClass(Launcher.java:301)
	at java.lang.ClassLoader.loadClass(ClassLoader.java:247)
	... 15 more
2014-01-26 15:02:53,289 - Trying to use logger class org.apache.velocity.runtime.log.Log4JLogChute
2014-01-26 15:02:53,289 - Using logger class org.apache.velocity.runtime.log.Log4JLogChute
2014-01-26 15:02:53,298 - Default ResourceManager initializing. (class org.apache.velocity.runtime.resource.ResourceManagerImpl)
2014-01-26 15:02:53,300 - ResourceLoader instantiated: org.apache.velocity.runtime.resource.loader.FileResourceLoader
2014-01-26 15:02:53,301 - Do unicode file recognition:  false
2014-01-26 15:02:53,301 - FileResourceLoader : adding path '../samples/external_hit'
2014-01-26 15:02:53,308 - ResourceCache: initialized (class org.apache.velocity.runtime.resource.ResourceCacheImpl)
2014-01-26 15:02:53,309 - Loaded System Directive: org.apache.velocity.runtime.directive.Literal
2014-01-26 15:02:53,310 - Loaded System Directive: org.apache.velocity.runtime.directive.Macro
2014-01-26 15:02:53,311 - Loaded System Directive: org.apache.velocity.runtime.directive.Parse
2014-01-26 15:02:53,312 - Loaded System Directive: org.apache.velocity.runtime.directive.Include
2014-01-26 15:02:53,312 - Loaded System Directive: org.apache.velocity.runtime.directive.Foreach
2014-01-26 15:02:53,335 - Created '20' parsers.
2014-01-26 15:02:53,339 - Velocimacro : "velocimacro.library" is not set.  Trying default library: VM_global_library.vm
2014-01-26 15:02:53,339 - Velocimacro : Default library not found.
2014-01-26 15:02:53,339 - Velocimacro : allowInline = true : VMs can be defined inline in templates
2014-01-26 15:02:53,339 - Velocimacro : allowInlineToOverride = false : VMs defined inline may NOT replace previous VM definitions
2014-01-26 15:02:53,339 - Velocimacro : allowInlineLocal = false : VMs defined inline will be global in scope if allowed.
2014-01-26 15:02:53,339 - Velocimacro : autoload off : VM system will not automatically reload global library macros
2014-01-26 15:02:53,347 - ResourceManager : found external_hit.question with loader org.apache.velocity.runtime.resource.loader.FileResourceLoader
2014-01-26 15:02:53,354 - Log4JLogChute initialized using file 'velocity.log'
2014-01-26 15:02:53,354 - Log4JLogChute initialized using file 'velocity.log'
2014-01-26 15:02:53,354 - Starting Apache Velocity v1.5 (compiled: 2007-02-22 08:52:29)
2014-01-26 15:02:53,354 - Starting Apache Velocity v1.5 (compiled: 2007-02-22 08:52:29)
2014-01-26 15:02:53,354 - Default Properties File: org/apache/velocity/runtime/defaults/velocity.properties
2014-01-26 15:02:53,354 - Default Properties File: org/apache/velocity/runtime/defaults/velocity.properties
2014-01-26 15:02:53,354 - Trying to use logger class org.apache.velocity.runtime.log.AvalonLogChute
2014-01-26 15:02:53,354 - Trying to use logger class org.apache.velocity.runtime.log.AvalonLogChute
2014-01-26 15:02:53,354 - Couldn't find class org.apache.velocity.runtime.log.AvalonLogChute or necessary supporting classes in classpath.
java.lang.NoClassDefFoundError: org/apache/log/format/Formatter
	at java.lang.Class.forName0(Native Method)
	at java.lang.Class.forName(Class.java:249)
	at org.apache.velocity.util.ClassUtils.getClass(ClassUtils.java:63)
	at org.apache.velocity.util.ClassUtils.getNewInstance(ClassUtils.java:95)
	at org.apache.velocity.runtime.log.LogManager.createLogChute(LogManager.java:147)
	at org.apache.velocity.runtime.log.LogManager.updateLog(LogManager.java:208)
	at org.apache.velocity.runtime.RuntimeInstance.initializeLog(RuntimeInstance.java:728)
	at org.apache.velocity.runtime.RuntimeInstance.init(RuntimeInstance.java:240)
	at org.apache.velocity.runtime.RuntimeSingleton.init(RuntimeSingleton.java:113)
	at org.apache.velocity.app.Velocity.init(Velocity.java:83)
	at com.amazonaws.mturk.util.VelocityUtil.doMerge(VelocityUtil.java:34)
	at com.amazonaws.mturk.addon.HITProperties.getMaxAssignments(HITProperties.java:268)
	at com.amazonaws.mturk.cmd.LoadHITs.loadHITs(LoadHITs.java:226)
	at com.amazonaws.mturk.cmd.LoadHITs.runCommand(LoadHITs.java:120)
	at com.amazonaws.mturk.cmd.AbstractCmd.run(AbstractCmd.java:148)
	at com.amazonaws.mturk.cmd.LoadHITs.main(LoadHITs.java:55)
Caused by: java.lang.ClassNotFoundException: org.apache.log.format.Formatter
	at java.net.URLClassLoader$1.run(URLClassLoader.java:202)
	at java.security.AccessController.doPrivileged(Native Method)
	at java.net.URLClassLoader.findClass(URLClassLoader.java:190)
	at java.lang.ClassLoader.loadClass(ClassLoader.java:306)
	at sun.misc.Launcher$AppClassLoader.loadClass(Launcher.java:301)
	at java.lang.ClassLoader.loadClass(ClassLoader.java:247)
	... 16 more
2014-01-26 15:02:53,354 - Couldn't find class org.apache.velocity.runtime.log.AvalonLogChute or necessary supporting classes in classpath.
java.lang.NoClassDefFoundError: org/apache/log/format/Formatter
	at java.lang.Class.forName0(Native Method)
	at java.lang.Class.forName(Class.java:249)
	at org.apache.velocity.util.ClassUtils.getClass(ClassUtils.java:63)
	at org.apache.velocity.util.ClassUtils.getNewInstance(ClassUtils.java:95)
	at org.apache.velocity.runtime.log.LogManager.createLogChute(LogManager.java:147)
	at org.apache.velocity.runtime.log.LogManager.updateLog(LogManager.java:208)
	at org.apache.velocity.runtime.RuntimeInstance.initializeLog(RuntimeInstance.java:728)
	at org.apache.velocity.runtime.RuntimeInstance.init(RuntimeInstance.java:240)
	at org.apache.velocity.runtime.RuntimeSingleton.init(RuntimeSingleton.java:113)
	at org.apache.velocity.app.Velocity.init(Velocity.java:83)
	at com.amazonaws.mturk.util.VelocityUtil.doMerge(VelocityUtil.java:34)
	at com.amazonaws.mturk.addon.HITProperties.getMaxAssignments(HITProperties.java:268)
	at com.amazonaws.mturk.cmd.LoadHITs.loadHITs(LoadHITs.java:226)
	at com.amazonaws.mturk.cmd.LoadHITs.runCommand(LoadHITs.java:120)
	at com.amazonaws.mturk.cmd.AbstractCmd.run(AbstractCmd.java:148)
	at com.amazonaws.mturk.cmd.LoadHITs.main(LoadHITs.java:55)
Caused by: java.lang.ClassNotFoundException: org.apache.log.format.Formatter
	at java.net.URLClassLoader$1.run(URLClassLoader.java:202)
	at java.security.AccessController.doPrivileged(Native Method)
	at java.net.URLClassLoader.findClass(URLClassLoader.java:190)
	at java.lang.ClassLoader.loadClass(ClassLoader.java:306)
	at sun.misc.Launcher$AppClassLoader.loadClass(Launcher.java:301)
	at java.lang.ClassLoader.loadClass(ClassLoader.java:247)
	... 16 more
2014-01-26 15:02:53,355 - Trying to use logger class org.apache.velocity.runtime.log.Log4JLogChute
2014-01-26 15:02:53,355 - Trying to use logger class org.apache.velocity.runtime.log.Log4JLogChute
2014-01-26 15:02:53,355 - Using logger class org.apache.velocity.runtime.log.Log4JLogChute
2014-01-26 15:02:53,355 - Using logger class org.apache.velocity.runtime.log.Log4JLogChute
2014-01-26 15:02:53,355 - Default ResourceManager initializing. (class org.apache.velocity.runtime.resource.ResourceManagerImpl)
2014-01-26 15:02:53,355 - Default ResourceManager initializing. (class org.apache.velocity.runtime.resource.ResourceManagerImpl)
2014-01-26 15:02:53,355 - ResourceLoader instantiated: org.apache.velocity.runtime.resource.loader.FileResourceLoader
2014-01-26 15:02:53,355 - ResourceLoader instantiated: org.apache.velocity.runtime.resource.loader.FileResourceLoader
2014-01-26 15:02:53,355 - Do unicode file recognition:  false
2014-01-26 15:02:53,355 - Do unicode file recognition:  false
2014-01-26 15:02:53,355 - FileResourceLoader : adding path '.'
2014-01-26 15:02:53,355 - FileResourceLoader : adding path '.'
2014-01-26 15:02:53,355 - ResourceCache: initialized (class org.apache.velocity.runtime.resource.ResourceCacheImpl)
2014-01-26 15:02:53,355 - ResourceCache: initialized (class org.apache.velocity.runtime.resource.ResourceCacheImpl)
2014-01-26 15:02:53,356 - Loaded System Directive: org.apache.velocity.runtime.directive.Literal
2014-01-26 15:02:53,356 - Loaded System Directive: org.apache.velocity.runtime.directive.Literal
2014-01-26 15:02:53,356 - Loaded System Directive: org.apache.velocity.runtime.directive.Macro
2014-01-26 15:02:53,356 - Loaded System Directive: org.apache.velocity.runtime.directive.Macro
2014-01-26 15:02:53,356 - Loaded System Directive: org.apache.velocity.runtime.directive.Parse
2014-01-26 15:02:53,356 - Loaded System Directive: org.apache.velocity.runtime.directive.Parse
2014-01-26 15:02:53,356 - Loaded System Directive: org.apache.velocity.runtime.directive.Include
2014-01-26 15:02:53,356 - Loaded System Directive: org.apache.velocity.runtime.directive.Include
2014-01-26 15:02:53,356 - Loaded System Directive: org.apache.velocity.runtime.directive.Foreach
2014-01-26 15:02:53,356 - Loaded System Directive: org.apache.velocity.runtime.directive.Foreach
2014-01-26 15:02:53,357 - Created '20' parsers.
2014-01-26 15:02:53,357 - Created '20' parsers.
2014-01-26 15:02:53,357 - Velocimacro : "velocimacro.library" is not set.  Trying default library: VM_global_library.vm
2014-01-26 15:02:53,357 - Velocimacro : "velocimacro.library" is not set.  Trying default library: VM_global_library.vm
2014-01-26 15:02:53,357 - Velocimacro : Default library not found.
2014-01-26 15:02:53,357 - Velocimacro : Default library not found.
2014-01-26 15:02:53,357 - Velocimacro : allowInline = true : VMs can be defined inline in templates
2014-01-26 15:02:53,357 - Velocimacro : allowInline = true : VMs can be defined inline in templates
2014-01-26 15:02:53,357 - Velocimacro : allowInlineToOverride = false : VMs defined inline may NOT replace previous VM definitions
2014-01-26 15:02:53,357 - Velocimacro : allowInlineToOverride = false : VMs defined inline may NOT replace previous VM definitions
2014-01-26 15:02:53,357 - Velocimacro : allowInlineLocal = false : VMs defined inline will be global in scope if allowed.
2014-01-26 15:02:53,357 - Velocimacro : allowInlineLocal = false : VMs defined inline will be global in scope if allowed.
2014-01-26 15:02:53,357 - Velocimacro : autoload off : VM system will not automatically reload global library macros
2014-01-26 15:02:53,357 - Velocimacro : autoload off : VM system will not automatically reload global library macros
2014-01-26 15:03:51,745 - Log4JLogChute initialized using file 'velocity.log'
2014-01-26 15:03:51,746 - Starting Apache Velocity v1.5 (compiled: 2007-02-22 08:52:29)
2014-01-26 15:03:51,746 - Default Properties File: org/apache/velocity/runtime/defaults/velocity.properties
2014-01-26 15:03:51,746 - Trying to use logger class org.apache.velocity.runtime.log.AvalonLogChute
2014-01-26 15:03:51,746 - Couldn't find class org.apache.velocity.runtime.log.AvalonLogChute or necessary supporting classes in classpath.
java.lang.NoClassDefFoundError: org/apache/log/format/Formatter
	at java.lang.Class.forName0(Native Method)
	at java.lang.Class.forName(Class.java:249)
	at org.apache.velocity.util.ClassUtils.getClass(ClassUtils.java:63)
	at org.apache.velocity.util.ClassUtils.getNewInstance(ClassUtils.java:95)
	at org.apache.velocity.runtime.log.LogManager.createLogChute(LogManager.java:147)
	at org.apache.velocity.runtime.log.LogManager.updateLog(LogManager.java:208)
	at org.apache.velocity.runtime.RuntimeInstance.initializeLog(RuntimeInstance.java:728)
	at org.apache.velocity.runtime.RuntimeInstance.init(RuntimeInstance.java:240)
	at org.apache.velocity.runtime.RuntimeInstance.init(RuntimeInstance.java:534)
	at org.apache.velocity.app.VelocityEngine.init(VelocityEngine.java:144)
	at com.amazonaws.mturk.addon.HITQuestion.<init>(HITQuestion.java:69)
	at com.amazonaws.mturk.cmd.LoadHITs.loadHITs(LoadHITs.java:185)
	at com.amazonaws.mturk.cmd.LoadHITs.runCommand(LoadHITs.java:120)
	at com.amazonaws.mturk.cmd.AbstractCmd.run(AbstractCmd.java:148)
	at com.amazonaws.mturk.cmd.LoadHITs.main(LoadHITs.java:55)
Caused by: java.lang.ClassNotFoundException: org.apache.log.format.Formatter
	at java.net.URLClassLoader$1.run(URLClassLoader.java:202)
	at java.security.AccessController.doPrivileged(Native Method)
	at java.net.URLClassLoader.findClass(URLClassLoader.java:190)
	at java.lang.ClassLoader.loadClass(ClassLoader.java:306)
	at sun.misc.Launcher$AppClassLoader.loadClass(Launcher.java:301)
	at java.lang.ClassLoader.loadClass(ClassLoader.java:247)
	... 15 more
2014-01-26 15:03:51,747 - Trying to use logger class org.apache.velocity.runtime.log.Log4JLogChute
2014-01-26 15:03:51,747 - Using logger class org.apache.velocity.runtime.log.Log4JLogChute
2014-01-26 15:03:51,756 - Default ResourceManager initializing. (class org.apache.velocity.runtime.resource.ResourceManagerImpl)
2014-01-26 15:03:51,758 - ResourceLoader instantiated: org.apache.velocity.runtime.resource.loader.FileResourceLoader
2014-01-26 15:03:51,759 - Do unicode file recognition:  false
2014-01-26 15:03:51,759 - FileResourceLoader : adding path '../samples/external_hit'
2014-01-26 15:03:51,767 - ResourceCache: initialized (class org.apache.velocity.runtime.resource.ResourceCacheImpl)
2014-01-26 15:03:51,768 - Loaded System Directive: org.apache.velocity.runtime.directive.Literal
2014-01-26 15:03:51,769 - Loaded System Directive: org.apache.velocity.runtime.directive.Macro
2014-01-26 15:03:51,770 - Loaded System Directive: org.apache.velocity.runtime.directive.Parse
2014-01-26 15:03:51,770 - Loaded System Directive: org.apache.velocity.runtime.directive.Include
2014-01-26 15:03:51,771 - Loaded System Directive: org.apache.velocity.runtime.directive.Foreach
2014-01-26 15:03:51,788 - Created '20' parsers.
2014-01-26 15:03:51,792 - Velocimacro : "velocimacro.library" is not set.  Trying default library: VM_global_library.vm
2014-01-26 15:03:51,792 - Velocimacro : Default library not found.
2014-01-26 15:03:51,792 - Velocimacro : allowInline = true : VMs can be defined inline in templates
2014-01-26 15:03:51,793 - Velocimacro : allowInlineToOverride = false : VMs defined inline may NOT replace previous VM definitions
2014-01-26 15:03:51,793 - Velocimacro : allowInlineLocal = false : VMs defined inline will be global in scope if allowed.
2014-01-26 15:03:51,793 - Velocimacro : autoload off : VM system will not automatically reload global library macros
2014-01-26 15:03:51,802 - ResourceManager : found external_hit.question with loader org.apache.velocity.runtime.resource.loader.FileResourceLoader
2014-01-26 15:03:51,808 - Log4JLogChute initialized using file 'velocity.log'
2014-01-26 15:03:51,808 - Log4JLogChute initialized using file 'velocity.log'
2014-01-26 15:03:51,808 - Starting Apache Velocity v1.5 (compiled: 2007-02-22 08:52:29)
2014-01-26 15:03:51,808 - Starting Apache Velocity v1.5 (compiled: 2007-02-22 08:52:29)
2014-01-26 15:03:51,808 - Default Properties File: org/apache/velocity/runtime/defaults/velocity.properties
2014-01-26 15:03:51,808 - Default Properties File: org/apache/velocity/runtime/defaults/velocity.properties
2014-01-26 15:03:51,808 - Trying to use logger class org.apache.velocity.runtime.log.AvalonLogChute
2014-01-26 15:03:51,808 - Trying to use logger class org.apache.velocity.runtime.log.AvalonLogChute
2014-01-26 15:03:51,808 - Couldn't find class org.apache.velocity.runtime.log.AvalonLogChute or necessary supporting classes in classpath.
java.lang.NoClassDefFoundError: org/apache/log/format/Formatter
	at java.lang.Class.forName0(Native Method)
	at java.lang.Class.forName(Class.java:249)
	at org.apache.velocity.util.ClassUtils.getClass(ClassUtils.java:63)
	at org.apache.velocity.util.ClassUtils.getNewInstance(ClassUtils.java:95)
	at org.apache.velocity.runtime.log.LogManager.createLogChute(LogManager.java:147)
	at org.apache.velocity.runtime.log.LogManager.updateLog(LogManager.java:208)
	at org.apache.velocity.runtime.RuntimeInstance.initializeLog(RuntimeInstance.java:728)
	at org.apache.velocity.runtime.RuntimeInstance.init(RuntimeInstance.java:240)
	at org.apache.velocity.runtime.RuntimeSingleton.init(RuntimeSingleton.java:113)
	at org.apache.velocity.app.Velocity.init(Velocity.java:83)
	at com.amazonaws.mturk.util.VelocityUtil.doMerge(VelocityUtil.java:34)
	at com.amazonaws.mturk.addon.HITProperties.getMaxAssignments(HITProperties.java:268)
	at com.amazonaws.mturk.cmd.LoadHITs.loadHITs(LoadHITs.java:226)
	at com.amazonaws.mturk.cmd.LoadHITs.runCommand(LoadHITs.java:120)
	at com.amazonaws.mturk.cmd.AbstractCmd.run(AbstractCmd.java:148)
	at com.amazonaws.mturk.cmd.LoadHITs.main(LoadHITs.java:55)
Caused by: java.lang.ClassNotFoundException: org.apache.log.format.Formatter
	at java.net.URLClassLoader$1.run(URLClassLoader.java:202)
	at java.security.AccessController.doPrivileged(Native Method)
	at java.net.URLClassLoader.findClass(URLClassLoader.java:190)
	at java.lang.ClassLoader.loadClass(ClassLoader.java:306)
	at sun.misc.Launcher$AppClassLoader.loadClass(Launcher.java:301)
	at java.lang.ClassLoader.loadClass(ClassLoader.java:247)
	... 16 more
2014-01-26 15:03:51,808 - Couldn't find class org.apache.velocity.runtime.log.AvalonLogChute or necessary supporting classes in classpath.
java.lang.NoClassDefFoundError: org/apache/log/format/Formatter
	at java.lang.Class.forName0(Native Method)
	at java.lang.Class.forName(Class.java:249)
	at org.apache.velocity.util.ClassUtils.getClass(ClassUtils.java:63)
	at org.apache.velocity.util.ClassUtils.getNewInstance(ClassUtils.java:95)
	at org.apache.velocity.runtime.log.LogManager.createLogChute(LogManager.java:147)
	at org.apache.velocity.runtime.log.LogManager.updateLog(LogManager.java:208)
	at org.apache.velocity.runtime.RuntimeInstance.initializeLog(RuntimeInstance.java:728)
	at org.apache.velocity.runtime.RuntimeInstance.init(RuntimeInstance.java:240)
	at org.apache.velocity.runtime.RuntimeSingleton.init(RuntimeSingleton.java:113)
	at org.apache.velocity.app.Velocity.init(Velocity.java:83)
	at com.amazonaws.mturk.util.VelocityUtil.doMerge(VelocityUtil.java:34)
	at com.amazonaws.mturk.addon.HITProperties.getMaxAssignments(HITProperties.java:268)
	at com.amazonaws.mturk.cmd.LoadHITs.loadHITs(LoadHITs.java:226)
	at com.amazonaws.mturk.cmd.LoadHITs.runCommand(LoadHITs.java:120)
	at com.amazonaws.mturk.cmd.AbstractCmd.run(AbstractCmd.java:148)
	at com.amazonaws.mturk.cmd.LoadHITs.main(LoadHITs.java:55)
Caused by: java.lang.ClassNotFoundException: org.apache.log.format.Formatter
	at java.net.URLClassLoader$1.run(URLClassLoader.java:202)
	at java.security.AccessController.doPrivileged(Native Method)
	at java.net.URLClassLoader.findClass(URLClassLoader.java:190)
	at java.lang.ClassLoader.loadClass(ClassLoader.java:306)
	at sun.misc.Launcher$AppClassLoader.loadClass(Launcher.java:301)
	at java.lang.ClassLoader.loadClass(ClassLoader.java:247)
	... 16 more
2014-01-26 15:03:51,808 - Trying to use logger class org.apache.velocity.runtime.log.Log4JLogChute
2014-01-26 15:03:51,808 - Trying to use logger class org.apache.velocity.runtime.log.Log4JLogChute
2014-01-26 15:03:51,808 - Using logger class org.apache.velocity.runtime.log.Log4JLogChute
2014-01-26 15:03:51,808 - Using logger class org.apache.velocity.runtime.log.Log4JLogChute
2014-01-26 15:03:51,809 - Default ResourceManager initializing. (class org.apache.velocity.runtime.resource.ResourceManagerImpl)
2014-01-26 15:03:51,809 - Default ResourceManager initializing. (class org.apache.velocity.runtime.resource.ResourceManagerImpl)
2014-01-26 15:03:51,809 - ResourceLoader instantiated: org.apache.velocity.runtime.resource.loader.FileResourceLoader
2014-01-26 15:03:51,809 - ResourceLoader instantiated: org.apache.velocity.runtime.resource.loader.FileResourceLoader
2014-01-26 15:03:51,809 - Do unicode file recognition:  false
2014-01-26 15:03:51,809 - Do unicode file recognition:  false
2014-01-26 15:03:51,809 - FileResourceLoader : adding path '.'
2014-01-26 15:03:51,809 - FileResourceLoader : adding path '.'
2014-01-26 15:03:51,809 - ResourceCache: initialized (class org.apache.velocity.runtime.resource.ResourceCacheImpl)
2014-01-26 15:03:51,809 - ResourceCache: initialized (class org.apache.velocity.runtime.resource.ResourceCacheImpl)
2014-01-26 15:03:51,809 - Loaded System Directive: org.apache.velocity.runtime.directive.Literal
2014-01-26 15:03:51,809 - Loaded System Directive: org.apache.velocity.runtime.directive.Literal
2014-01-26 15:03:51,809 - Loaded System Directive: org.apache.velocity.runtime.directive.Macro
2014-01-26 15:03:51,809 - Loaded System Directive: org.apache.velocity.runtime.directive.Macro
2014-01-26 15:03:51,809 - Loaded System Directive: org.apache.velocity.runtime.directive.Parse
2014-01-26 15:03:51,809 - Loaded System Directive: org.apache.velocity.runtime.directive.Parse
2014-01-26 15:03:51,809 - Loaded System Directive: org.apache.velocity.runtime.directive.Include
2014-01-26 15:03:51,809 - Loaded System Directive: org.apache.velocity.runtime.directive.Include
2014-01-26 15:03:51,809 - Loaded System Directive: org.apache.velocity.runtime.directive.Foreach
2014-01-26 15:03:51,809 - Loaded System Directive: org.apache.velocity.runtime.directive.Foreach
2014-01-26 15:03:51,810 - Created '20' parsers.
2014-01-26 15:03:51,810 - Created '20' parsers.
2014-01-26 15:03:51,810 - Velocimacro : "velocimacro.library" is not set.  Trying default library: VM_global_library.vm
2014-01-26 15:03:51,810 - Velocimacro : "velocimacro.library" is not set.  Trying default library: VM_global_library.vm
2014-01-26 15:03:51,811 - Velocimacro : Default library not found.
2014-01-26 15:03:51,811 - Velocimacro : Default library not found.
2014-01-26 15:03:51,811 - Velocimacro : allowInline = true : VMs can be defined inline in templates
2014-01-26 15:03:51,811 - Velocimacro : allowInline = true : VMs can be defined inline in templates
2014-01-26 15:03:51,811 - Velocimacro : allowInlineToOverride = false : VMs defined inline may NOT replace previous VM definitions
2014-01-26 15:03:51,811 - Velocimacro : allowInlineToOverride = false : VMs defined inline may NOT replace previous VM definitions
2014-01-26 15:03:51,811 - Velocimacro : allowInlineLocal = false : VMs defined inline will be global in scope if allowed.
2014-01-26 15:03:51,811 - Velocimacro : allowInlineLocal = false : VMs defined inline will be global in scope if allowed.
2014-01-26 15:03:51,811 - Velocimacro : autoload off : VM system will not automatically reload global library macros
2014-01-26 15:03:51,811 - Velocimacro : autoload off : VM system will not automatically reload global library macros
2014-01-26 15:10:35,294 - Log4JLogChute initialized using file 'velocity.log'
2014-01-26 15:10:35,294 - Starting Apache Velocity v1.5 (compiled: 2007-02-22 08:52:29)
2014-01-26 15:10:35,294 - Default Properties File: org/apache/velocity/runtime/defaults/velocity.properties
2014-01-26 15:10:35,294 - Trying to use logger class org.apache.velocity.runtime.log.AvalonLogChute
2014-01-26 15:10:35,295 - Couldn't find class org.apache.velocity.runtime.log.AvalonLogChute or necessary supporting classes in classpath.
java.lang.NoClassDefFoundError: org/apache/log/format/Formatter
	at java.lang.Class.forName0(Native Method)
	at java.lang.Class.forName(Class.java:249)
	at org.apache.velocity.util.ClassUtils.getClass(ClassUtils.java:63)
	at org.apache.velocity.util.ClassUtils.getNewInstance(ClassUtils.java:95)
	at org.apache.velocity.runtime.log.LogManager.createLogChute(LogManager.java:147)
	at org.apache.velocity.runtime.log.LogManager.updateLog(LogManager.java:208)
	at org.apache.velocity.runtime.RuntimeInstance.initializeLog(RuntimeInstance.java:728)
	at org.apache.velocity.runtime.RuntimeInstance.init(RuntimeInstance.java:240)
	at org.apache.velocity.runtime.RuntimeInstance.init(RuntimeInstance.java:534)
	at org.apache.velocity.app.VelocityEngine.init(VelocityEngine.java:144)
	at com.amazonaws.mturk.addon.HITQuestion.<init>(HITQuestion.java:69)
	at com.amazonaws.mturk.cmd.LoadHITs.loadHITs(LoadHITs.java:185)
	at com.amazonaws.mturk.cmd.LoadHITs.runCommand(LoadHITs.java:120)
	at com.amazonaws.mturk.cmd.AbstractCmd.run(AbstractCmd.java:148)
	at com.amazonaws.mturk.cmd.LoadHITs.main(LoadHITs.java:55)
Caused by: java.lang.ClassNotFoundException: org.apache.log.format.Formatter
	at java.net.URLClassLoader$1.run(URLClassLoader.java:202)
	at java.security.AccessController.doPrivileged(Native Method)
	at java.net.URLClassLoader.findClass(URLClassLoader.java:190)
	at java.lang.ClassLoader.loadClass(ClassLoader.java:306)
	at sun.misc.Launcher$AppClassLoader.loadClass(Launcher.java:301)
	at java.lang.ClassLoader.loadClass(ClassLoader.java:247)
	... 15 more
2014-01-26 15:10:35,295 - Trying to use logger class org.apache.velocity.runtime.log.Log4JLogChute
2014-01-26 15:10:35,296 - Using logger class org.apache.velocity.runtime.log.Log4JLogChute
2014-01-26 15:10:35,304 - Default ResourceManager initializing. (class org.apache.velocity.runtime.resource.ResourceManagerImpl)
2014-01-26 15:10:35,306 - ResourceLoader instantiated: org.apache.velocity.runtime.resource.loader.FileResourceLoader
2014-01-26 15:10:35,307 - Do unicode file recognition:  false
2014-01-26 15:10:35,307 - FileResourceLoader : adding path '../samples/helloworld'
2014-01-26 15:10:35,314 - ResourceCache: initialized (class org.apache.velocity.runtime.resource.ResourceCacheImpl)
2014-01-26 15:10:35,315 - Loaded System Directive: org.apache.velocity.runtime.directive.Literal
2014-01-26 15:10:35,316 - Loaded System Directive: org.apache.velocity.runtime.directive.Macro
2014-01-26 15:10:35,317 - Loaded System Directive: org.apache.velocity.runtime.directive.Parse
2014-01-26 15:10:35,318 - Loaded System Directive: org.apache.velocity.runtime.directive.Include
2014-01-26 15:10:35,318 - Loaded System Directive: org.apache.velocity.runtime.directive.Foreach
2014-01-26 15:10:35,335 - Created '20' parsers.
2014-01-26 15:10:35,340 - Velocimacro : "velocimacro.library" is not set.  Trying default library: VM_global_library.vm
2014-01-26 15:10:35,340 - Velocimacro : Default library not found.
2014-01-26 15:10:35,340 - Velocimacro : allowInline = true : VMs can be defined inline in templates
2014-01-26 15:10:35,340 - Velocimacro : allowInlineToOverride = false : VMs defined inline may NOT replace previous VM definitions
2014-01-26 15:10:35,340 - Velocimacro : allowInlineLocal = false : VMs defined inline will be global in scope if allowed.
2014-01-26 15:10:35,340 - Velocimacro : autoload off : VM system will not automatically reload global library macros
2014-01-26 15:10:35,346 - ResourceManager : found helloworld.question with loader org.apache.velocity.runtime.resource.loader.FileResourceLoader
2014-01-26 15:10:35,351 - Log4JLogChute initialized using file 'velocity.log'
2014-01-26 15:10:35,351 - Log4JLogChute initialized using file 'velocity.log'
2014-01-26 15:10:35,351 - Starting Apache Velocity v1.5 (compiled: 2007-02-22 08:52:29)
2014-01-26 15:10:35,351 - Starting Apache Velocity v1.5 (compiled: 2007-02-22 08:52:29)
2014-01-26 15:10:35,351 - Default Properties File: org/apache/velocity/runtime/defaults/velocity.properties
2014-01-26 15:10:35,351 - Default Properties File: org/apache/velocity/runtime/defaults/velocity.properties
2014-01-26 15:10:35,352 - Trying to use logger class org.apache.velocity.runtime.log.AvalonLogChute
2014-01-26 15:10:35,352 - Trying to use logger class org.apache.velocity.runtime.log.AvalonLogChute
2014-01-26 15:10:35,352 - Couldn't find class org.apache.velocity.runtime.log.AvalonLogChute or necessary supporting classes in classpath.
java.lang.NoClassDefFoundError: org/apache/log/format/Formatter
	at java.lang.Class.forName0(Native Method)
	at java.lang.Class.forName(Class.java:249)
	at org.apache.velocity.util.ClassUtils.getClass(ClassUtils.java:63)
	at org.apache.velocity.util.ClassUtils.getNewInstance(ClassUtils.java:95)
	at org.apache.velocity.runtime.log.LogManager.createLogChute(LogManager.java:147)
	at org.apache.velocity.runtime.log.LogManager.updateLog(LogManager.java:208)
	at org.apache.velocity.runtime.RuntimeInstance.initializeLog(RuntimeInstance.java:728)
	at org.apache.velocity.runtime.RuntimeInstance.init(RuntimeInstance.java:240)
	at org.apache.velocity.runtime.RuntimeSingleton.init(RuntimeSingleton.java:113)
	at org.apache.velocity.app.Velocity.init(Velocity.java:83)
	at com.amazonaws.mturk.util.VelocityUtil.doMerge(VelocityUtil.java:34)
	at com.amazonaws.mturk.addon.HITProperties.getMaxAssignments(HITProperties.java:268)
	at com.amazonaws.mturk.cmd.LoadHITs.loadHITs(LoadHITs.java:226)
	at com.amazonaws.mturk.cmd.LoadHITs.runCommand(LoadHITs.java:120)
	at com.amazonaws.mturk.cmd.AbstractCmd.run(AbstractCmd.java:148)
	at com.amazonaws.mturk.cmd.LoadHITs.main(LoadHITs.java:55)
Caused by: java.lang.ClassNotFoundException: org.apache.log.format.Formatter
	at java.net.URLClassLoader$1.run(URLClassLoader.java:202)
	at java.security.AccessController.doPrivileged(Native Method)
	at java.net.URLClassLoader.findClass(URLClassLoader.java:190)
	at java.lang.ClassLoader.loadClass(ClassLoader.java:306)
	at sun.misc.Launcher$AppClassLoader.loadClass(Launcher.java:301)
	at java.lang.ClassLoader.loadClass(ClassLoader.java:247)
	... 16 more
2014-01-26 15:10:35,352 - Couldn't find class org.apache.velocity.runtime.log.AvalonLogChute or necessary supporting classes in classpath.
java.lang.NoClassDefFoundError: org/apache/log/format/Formatter
	at java.lang.Class.forName0(Native Method)
	at java.lang.Class.forName(Class.java:249)
	at org.apache.velocity.util.ClassUtils.getClass(ClassUtils.java:63)
	at org.apache.velocity.util.ClassUtils.getNewInstance(ClassUtils.java:95)
	at org.apache.velocity.runtime.log.LogManager.createLogChute(LogManager.java:147)
	at org.apache.velocity.runtime.log.LogManager.updateLog(LogManager.java:208)
	at org.apache.velocity.runtime.RuntimeInstance.initializeLog(RuntimeInstance.java:728)
	at org.apache.velocity.runtime.RuntimeInstance.init(RuntimeInstance.java:240)
	at org.apache.velocity.runtime.RuntimeSingleton.init(RuntimeSingleton.java:113)
	at org.apache.velocity.app.Velocity.init(Velocity.java:83)
	at com.amazonaws.mturk.util.VelocityUtil.doMerge(VelocityUtil.java:34)
	at com.amazonaws.mturk.addon.HITProperties.getMaxAssignments(HITProperties.java:268)
	at com.amazonaws.mturk.cmd.LoadHITs.loadHITs(LoadHITs.java:226)
	at com.amazonaws.mturk.cmd.LoadHITs.runCommand(LoadHITs.java:120)
	at com.amazonaws.mturk.cmd.AbstractCmd.run(AbstractCmd.java:148)
	at com.amazonaws.mturk.cmd.LoadHITs.main(LoadHITs.java:55)
Caused by: java.lang.ClassNotFoundException: org.apache.log.format.Formatter
	at java.net.URLClassLoader$1.run(URLClassLoader.java:202)
	at java.security.AccessController.doPrivileged(Native Method)
	at java.net.URLClassLoader.findClass(URLClassLoader.java:190)
	at java.lang.ClassLoader.loadClass(ClassLoader.java:306)
	at sun.misc.Launcher$AppClassLoader.loadClass(Launcher.java:301)
	at java.lang.ClassLoader.loadClass(ClassLoader.java:247)
	... 16 more
2014-01-26 15:10:35,352 - Trying to use logger class org.apache.velocity.runtime.log.Log4JLogChute
2014-01-26 15:10:35,352 - Trying to use logger class org.apache.velocity.runtime.log.Log4JLogChute
2014-01-26 15:10:35,352 - Using logger class org.apache.velocity.runtime.log.Log4JLogChute
2014-01-26 15:10:35,352 - Using logger class org.apache.velocity.runtime.log.Log4JLogChute
2014-01-26 15:10:35,352 - Default ResourceManager initializing. (class org.apache.velocity.runtime.resource.ResourceManagerImpl)
2014-01-26 15:10:35,352 - Default ResourceManager initializing. (class org.apache.velocity.runtime.resource.ResourceManagerImpl)
2014-01-26 15:10:35,352 - ResourceLoader instantiated: org.apache.velocity.runtime.resource.loader.FileResourceLoader
2014-01-26 15:10:35,352 - ResourceLoader instantiated: org.apache.velocity.runtime.resource.loader.FileResourceLoader
2014-01-26 15:10:35,352 - Do unicode file recognition:  false
2014-01-26 15:10:35,352 - Do unicode file recognition:  false
2014-01-26 15:10:35,352 - FileResourceLoader : adding path '.'
2014-01-26 15:10:35,352 - FileResourceLoader : adding path '.'
2014-01-26 15:10:35,352 - ResourceCache: initialized (class org.apache.velocity.runtime.resource.ResourceCacheImpl)
2014-01-26 15:10:35,352 - ResourceCache: initialized (class org.apache.velocity.runtime.resource.ResourceCacheImpl)
2014-01-26 15:10:35,353 - Loaded System Directive: org.apache.velocity.runtime.directive.Literal
2014-01-26 15:10:35,353 - Loaded System Directive: org.apache.velocity.runtime.directive.Literal
2014-01-26 15:10:35,353 - Loaded System Directive: org.apache.velocity.runtime.directive.Macro
2014-01-26 15:10:35,353 - Loaded System Directive: org.apache.velocity.runtime.directive.Macro
2014-01-26 15:10:35,353 - Loaded System Directive: org.apache.velocity.runtime.directive.Parse
2014-01-26 15:10:35,353 - Loaded System Directive: org.apache.velocity.runtime.directive.Parse
2014-01-26 15:10:35,353 - Loaded System Directive: org.apache.velocity.runtime.directive.Include
2014-01-26 15:10:35,353 - Loaded System Directive: org.apache.velocity.runtime.directive.Include
2014-01-26 15:10:35,353 - Loaded System Directive: org.apache.velocity.runtime.directive.Foreach
2014-01-26 15:10:35,353 - Loaded System Directive: org.apache.velocity.runtime.directive.Foreach
2014-01-26 15:10:35,354 - Created '20' parsers.
2014-01-26 15:10:35,354 - Created '20' parsers.
2014-01-26 15:10:35,354 - Velocimacro : "velocimacro.library" is not set.  Trying default library: VM_global_library.vm
2014-01-26 15:10:35,354 - Velocimacro : "velocimacro.library" is not set.  Trying default library: VM_global_library.vm
2014-01-26 15:10:35,354 - Velocimacro : Default library not found.
2014-01-26 15:10:35,354 - Velocimacro : Default library not found.
2014-01-26 15:10:35,354 - Velocimacro : allowInline = true : VMs can be defined inline in templates
2014-01-26 15:10:35,354 - Velocimacro : allowInline = true : VMs can be defined inline in templates
2014-01-26 15:10:35,354 - Velocimacro : allowInlineToOverride = false : VMs defined inline may NOT replace previous VM definitions
2014-01-26 15:10:35,354 - Velocimacro : allowInlineToOverride = false : VMs defined inline may NOT replace previous VM definitions
2014-01-26 15:10:35,354 - Velocimacro : allowInlineLocal = false : VMs defined inline will be global in scope if allowed.
2014-01-26 15:10:35,354 - Velocimacro : allowInlineLocal = false : VMs defined inline will be global in scope if allowed.
2014-01-26 15:10:35,354 - Velocimacro : autoload off : VM system will not automatically reload global library macros
2014-01-26 15:10:35,354 - Velocimacro : autoload off : VM system will not automatically reload global library macros
2014-01-26 15:16:15,475 - Log4JLogChute initialized using file 'velocity.log'
2014-01-26 15:16:15,475 - Starting Apache Velocity v1.5 (compiled: 2007-02-22 08:52:29)
2014-01-26 15:16:15,475 - Default Properties File: org/apache/velocity/runtime/defaults/velocity.properties
2014-01-26 15:16:15,475 - Trying to use logger class org.apache.velocity.runtime.log.AvalonLogChute
2014-01-26 15:16:15,476 - Couldn't find class org.apache.velocity.runtime.log.AvalonLogChute or necessary supporting classes in classpath.
java.lang.NoClassDefFoundError: org/apache/log/format/Formatter
	at java.lang.Class.forName0(Native Method)
	at java.lang.Class.forName(Class.java:249)
	at org.apache.velocity.util.ClassUtils.getClass(ClassUtils.java:63)
	at org.apache.velocity.util.ClassUtils.getNewInstance(ClassUtils.java:95)
	at org.apache.velocity.runtime.log.LogManager.createLogChute(LogManager.java:147)
	at org.apache.velocity.runtime.log.LogManager.updateLog(LogManager.java:208)
	at org.apache.velocity.runtime.RuntimeInstance.initializeLog(RuntimeInstance.java:728)
	at org.apache.velocity.runtime.RuntimeInstance.init(RuntimeInstance.java:240)
	at org.apache.velocity.runtime.RuntimeInstance.init(RuntimeInstance.java:534)
	at org.apache.velocity.app.VelocityEngine.init(VelocityEngine.java:144)
	at com.amazonaws.mturk.addon.HITQuestion.<init>(HITQuestion.java:69)
	at com.amazonaws.mturk.cmd.LoadHITs.loadHITs(LoadHITs.java:185)
	at com.amazonaws.mturk.cmd.LoadHITs.runCommand(LoadHITs.java:120)
	at com.amazonaws.mturk.cmd.AbstractCmd.run(AbstractCmd.java:148)
	at com.amazonaws.mturk.cmd.LoadHITs.main(LoadHITs.java:55)
Caused by: java.lang.ClassNotFoundException: org.apache.log.format.Formatter
	at java.net.URLClassLoader$1.run(URLClassLoader.java:202)
	at java.security.AccessController.doPrivileged(Native Method)
	at java.net.URLClassLoader.findClass(URLClassLoader.java:190)
	at java.lang.ClassLoader.loadClass(ClassLoader.java:306)
	at sun.misc.Launcher$AppClassLoader.loadClass(Launcher.java:301)
	at java.lang.ClassLoader.loadClass(ClassLoader.java:247)
	... 15 more
2014-01-26 15:16:15,476 - Trying to use logger class org.apache.velocity.runtime.log.Log4JLogChute
2014-01-26 15:16:15,476 - Using logger class org.apache.velocity.runtime.log.Log4JLogChute
2014-01-26 15:16:15,488 - Default ResourceManager initializing. (class org.apache.velocity.runtime.resource.ResourceManagerImpl)
2014-01-26 15:16:15,490 - ResourceLoader instantiated: org.apache.velocity.runtime.resource.loader.FileResourceLoader
2014-01-26 15:16:15,491 - Do unicode file recognition:  false
2014-01-26 15:16:15,491 - FileResourceLoader : adding path '../samples/best_image'
2014-01-26 15:16:15,498 - ResourceCache: initialized (class org.apache.velocity.runtime.resource.ResourceCacheImpl)
2014-01-26 15:16:15,499 - Loaded System Directive: org.apache.velocity.runtime.directive.Literal
2014-01-26 15:16:15,500 - Loaded System Directive: org.apache.velocity.runtime.directive.Macro
2014-01-26 15:16:15,501 - Loaded System Directive: org.apache.velocity.runtime.directive.Parse
2014-01-26 15:16:15,501 - Loaded System Directive: org.apache.velocity.runtime.directive.Include
2014-01-26 15:16:15,502 - Loaded System Directive: org.apache.velocity.runtime.directive.Foreach
2014-01-26 15:16:15,520 - Created '20' parsers.
2014-01-26 15:16:15,524 - Velocimacro : "velocimacro.library" is not set.  Trying default library: VM_global_library.vm
2014-01-26 15:16:15,524 - Velocimacro : Default library not found.
2014-01-26 15:16:15,524 - Velocimacro : allowInline = true : VMs can be defined inline in templates
2014-01-26 15:16:15,524 - Velocimacro : allowInlineToOverride = false : VMs defined inline may NOT replace previous VM definitions
2014-01-26 15:16:15,524 - Velocimacro : allowInlineLocal = false : VMs defined inline will be global in scope if allowed.
2014-01-26 15:16:15,524 - Velocimacro : autoload off : VM system will not automatically reload global library macros
2014-01-26 15:16:15,534 - ResourceManager : found best_image.question with loader org.apache.velocity.runtime.resource.loader.FileResourceLoader
2014-01-26 15:18:04,011 - Log4JLogChute initialized using file 'velocity.log'
2014-01-26 15:18:04,012 - Starting Apache Velocity v1.5 (compiled: 2007-02-22 08:52:29)
2014-01-26 15:18:04,012 - Default Properties File: org/apache/velocity/runtime/defaults/velocity.properties
2014-01-26 15:18:04,012 - Trying to use logger class org.apache.velocity.runtime.log.AvalonLogChute
2014-01-26 15:18:04,012 - Couldn't find class org.apache.velocity.runtime.log.AvalonLogChute or necessary supporting classes in classpath.
java.lang.NoClassDefFoundError: org/apache/log/format/Formatter
	at java.lang.Class.forName0(Native Method)
	at java.lang.Class.forName(Class.java:249)
	at org.apache.velocity.util.ClassUtils.getClass(ClassUtils.java:63)
	at org.apache.velocity.util.ClassUtils.getNewInstance(ClassUtils.java:95)
	at org.apache.velocity.runtime.log.LogManager.createLogChute(LogManager.java:147)
	at org.apache.velocity.runtime.log.LogManager.updateLog(LogManager.java:208)
	at org.apache.velocity.runtime.RuntimeInstance.initializeLog(RuntimeInstance.java:728)
	at org.apache.velocity.runtime.RuntimeInstance.init(RuntimeInstance.java:240)
	at org.apache.velocity.runtime.RuntimeInstance.init(RuntimeInstance.java:534)
	at org.apache.velocity.app.VelocityEngine.init(VelocityEngine.java:144)
	at com.amazonaws.mturk.addon.HITQuestion.<init>(HITQuestion.java:69)
	at com.amazonaws.mturk.cmd.LoadHITs.loadHITs(LoadHITs.java:185)
	at com.amazonaws.mturk.cmd.LoadHITs.runCommand(LoadHITs.java:120)
	at com.amazonaws.mturk.cmd.AbstractCmd.run(AbstractCmd.java:148)
	at com.amazonaws.mturk.cmd.LoadHITs.main(LoadHITs.java:55)
Caused by: java.lang.ClassNotFoundException: org.apache.log.format.Formatter
	at java.net.URLClassLoader$1.run(URLClassLoader.java:202)
	at java.security.AccessController.doPrivileged(Native Method)
	at java.net.URLClassLoader.findClass(URLClassLoader.java:190)
	at java.lang.ClassLoader.loadClass(ClassLoader.java:306)
	at sun.misc.Launcher$AppClassLoader.loadClass(Launcher.java:301)
	at java.lang.ClassLoader.loadClass(ClassLoader.java:247)
	... 15 more
2014-01-26 15:18:04,013 - Trying to use logger class org.apache.velocity.runtime.log.Log4JLogChute
2014-01-26 15:18:04,013 - Using logger class org.apache.velocity.runtime.log.Log4JLogChute
2014-01-26 15:18:04,022 - Default ResourceManager initializing. (class org.apache.velocity.runtime.resource.ResourceManagerImpl)
2014-01-26 15:18:04,024 - ResourceLoader instantiated: org.apache.velocity.runtime.resource.loader.FileResourceLoader
2014-01-26 15:18:04,025 - Do unicode file recognition:  false
2014-01-26 15:18:04,025 - FileResourceLoader : adding path '../samples/best_image'
2014-01-26 15:18:04,033 - ResourceCache: initialized (class org.apache.velocity.runtime.resource.ResourceCacheImpl)
2014-01-26 15:18:04,033 - Loaded System Directive: org.apache.velocity.runtime.directive.Literal
2014-01-26 15:18:04,034 - Loaded System Directive: org.apache.velocity.runtime.directive.Macro
2014-01-26 15:18:04,035 - Loaded System Directive: org.apache.velocity.runtime.directive.Parse
2014-01-26 15:18:04,036 - Loaded System Directive: org.apache.velocity.runtime.directive.Include
2014-01-26 15:18:04,037 - Loaded System Directive: org.apache.velocity.runtime.directive.Foreach
2014-01-26 15:18:04,053 - Created '20' parsers.
2014-01-26 15:18:04,058 - Velocimacro : "velocimacro.library" is not set.  Trying default library: VM_global_library.vm
2014-01-26 15:18:04,058 - Velocimacro : Default library not found.
2014-01-26 15:18:04,058 - Velocimacro : allowInline = true : VMs can be defined inline in templates
2014-01-26 15:18:04,058 - Velocimacro : allowInlineToOverride = false : VMs defined inline may NOT replace previous VM definitions
2014-01-26 15:18:04,058 - Velocimacro : allowInlineLocal = false : VMs defined inline will be global in scope if allowed.
2014-01-26 15:18:04,058 - Velocimacro : autoload off : VM system will not automatically reload global library macros
2014-01-26 15:18:04,068 - ResourceManager : found best_image.question with loader org.apache.velocity.runtime.resource.loader.FileResourceLoader
2014-01-26 15:18:04,073 - Log4JLogChute initialized using file 'velocity.log'
2014-01-26 15:18:04,073 - Log4JLogChute initialized using file 'velocity.log'
2014-01-26 15:18:04,074 - Starting Apache Velocity v1.5 (compiled: 2007-02-22 08:52:29)
2014-01-26 15:18:04,074 - Starting Apache Velocity v1.5 (compiled: 2007-02-22 08:52:29)
2014-01-26 15:18:04,074 - Default Properties File: org/apache/velocity/runtime/defaults/velocity.properties
2014-01-26 15:18:04,074 - Default Properties File: org/apache/velocity/runtime/defaults/velocity.properties
2014-01-26 15:18:04,074 - Trying to use logger class org.apache.velocity.runtime.log.AvalonLogChute
2014-01-26 15:18:04,074 - Trying to use logger class org.apache.velocity.runtime.log.AvalonLogChute
2014-01-26 15:18:04,074 - Couldn't find class org.apache.velocity.runtime.log.AvalonLogChute or necessary supporting classes in classpath.
java.lang.NoClassDefFoundError: org/apache/log/format/Formatter
	at java.lang.Class.forName0(Native Method)
	at java.lang.Class.forName(Class.java:249)
	at org.apache.velocity.util.ClassUtils.getClass(ClassUtils.java:63)
	at org.apache.velocity.util.ClassUtils.getNewInstance(ClassUtils.java:95)
	at org.apache.velocity.runtime.log.LogManager.createLogChute(LogManager.java:147)
	at org.apache.velocity.runtime.log.LogManager.updateLog(LogManager.java:208)
	at org.apache.velocity.runtime.RuntimeInstance.initializeLog(RuntimeInstance.java:728)
	at org.apache.velocity.runtime.RuntimeInstance.init(RuntimeInstance.java:240)
	at org.apache.velocity.runtime.RuntimeSingleton.init(RuntimeSingleton.java:113)
	at org.apache.velocity.app.Velocity.init(Velocity.java:83)
	at com.amazonaws.mturk.util.VelocityUtil.doMerge(VelocityUtil.java:34)
	at com.amazonaws.mturk.addon.HITProperties.getMaxAssignments(HITProperties.java:268)
	at com.amazonaws.mturk.cmd.LoadHITs.loadHITs(LoadHITs.java:226)
	at com.amazonaws.mturk.cmd.LoadHITs.runCommand(LoadHITs.java:120)
	at com.amazonaws.mturk.cmd.AbstractCmd.run(AbstractCmd.java:148)
	at com.amazonaws.mturk.cmd.LoadHITs.main(LoadHITs.java:55)
Caused by: java.lang.ClassNotFoundException: org.apache.log.format.Formatter
	at java.net.URLClassLoader$1.run(URLClassLoader.java:202)
	at java.security.AccessController.doPrivileged(Native Method)
	at java.net.URLClassLoader.findClass(URLClassLoader.java:190)
	at java.lang.ClassLoader.loadClass(ClassLoader.java:306)
	at sun.misc.Launcher$AppClassLoader.loadClass(Launcher.java:301)
	at java.lang.ClassLoader.loadClass(ClassLoader.java:247)
	... 16 more
2014-01-26 15:18:04,074 - Couldn't find class org.apache.velocity.runtime.log.AvalonLogChute or necessary supporting classes in classpath.
java.lang.NoClassDefFoundError: org/apache/log/format/Formatter
	at java.lang.Class.forName0(Native Method)
	at java.lang.Class.forName(Class.java:249)
	at org.apache.velocity.util.ClassUtils.getClass(ClassUtils.java:63)
	at org.apache.velocity.util.ClassUtils.getNewInstance(ClassUtils.java:95)
	at org.apache.velocity.runtime.log.LogManager.createLogChute(LogManager.java:147)
	at org.apache.velocity.runtime.log.LogManager.updateLog(LogManager.java:208)
	at org.apache.velocity.runtime.RuntimeInstance.initializeLog(RuntimeInstance.java:728)
	at org.apache.velocity.runtime.RuntimeInstance.init(RuntimeInstance.java:240)
	at org.apache.velocity.runtime.RuntimeSingleton.init(RuntimeSingleton.java:113)
	at org.apache.velocity.app.Velocity.init(Velocity.java:83)
	at com.amazonaws.mturk.util.VelocityUtil.doMerge(VelocityUtil.java:34)
	at com.amazonaws.mturk.addon.HITProperties.getMaxAssignments(HITProperties.java:268)
	at com.amazonaws.mturk.cmd.LoadHITs.loadHITs(LoadHITs.java:226)
	at com.amazonaws.mturk.cmd.LoadHITs.runCommand(LoadHITs.java:120)
	at com.amazonaws.mturk.cmd.AbstractCmd.run(AbstractCmd.java:148)
	at com.amazonaws.mturk.cmd.LoadHITs.main(LoadHITs.java:55)
Caused by: java.lang.ClassNotFoundException: org.apache.log.format.Formatter
	at java.net.URLClassLoader$1.run(URLClassLoader.java:202)
	at java.security.AccessController.doPrivileged(Native Method)
	at java.net.URLClassLoader.findClass(URLClassLoader.java:190)
	at java.lang.ClassLoader.loadClass(ClassLoader.java:306)
	at sun.misc.Launcher$AppClassLoader.loadClass(Launcher.java:301)
	at java.lang.ClassLoader.loadClass(ClassLoader.java:247)
	... 16 more
2014-01-26 15:18:04,074 - Trying to use logger class org.apache.velocity.runtime.log.Log4JLogChute
2014-01-26 15:18:04,074 - Trying to use logger class org.apache.velocity.runtime.log.Log4JLogChute
2014-01-26 15:18:04,074 - Using logger class org.apache.velocity.runtime.log.Log4JLogChute
2014-01-26 15:18:04,074 - Using logger class org.apache.velocity.runtime.log.Log4JLogChute
2014-01-26 15:18:04,074 - Default ResourceManager initializing. (class org.apache.velocity.runtime.resource.ResourceManagerImpl)
2014-01-26 15:18:04,074 - Default ResourceManager initializing. (class org.apache.velocity.runtime.resource.ResourceManagerImpl)
2014-01-26 15:18:04,074 - ResourceLoader instantiated: org.apache.velocity.runtime.resource.loader.FileResourceLoader
2014-01-26 15:18:04,074 - ResourceLoader instantiated: org.apache.velocity.runtime.resource.loader.FileResourceLoader
2014-01-26 15:18:04,074 - Do unicode file recognition:  false
2014-01-26 15:18:04,074 - Do unicode file recognition:  false
2014-01-26 15:18:04,075 - FileResourceLoader : adding path '.'
2014-01-26 15:18:04,075 - FileResourceLoader : adding path '.'
2014-01-26 15:18:04,075 - ResourceCache: initialized (class org.apache.velocity.runtime.resource.ResourceCacheImpl)
2014-01-26 15:18:04,075 - ResourceCache: initialized (class org.apache.velocity.runtime.resource.ResourceCacheImpl)
2014-01-26 15:18:04,075 - Loaded System Directive: org.apache.velocity.runtime.directive.Literal
2014-01-26 15:18:04,075 - Loaded System Directive: org.apache.velocity.runtime.directive.Literal
2014-01-26 15:18:04,075 - Loaded System Directive: org.apache.velocity.runtime.directive.Macro
2014-01-26 15:18:04,075 - Loaded System Directive: org.apache.velocity.runtime.directive.Macro
2014-01-26 15:18:04,075 - Loaded System Directive: org.apache.velocity.runtime.directive.Parse
2014-01-26 15:18:04,075 - Loaded System Directive: org.apache.velocity.runtime.directive.Parse
2014-01-26 15:18:04,075 - Loaded System Directive: org.apache.velocity.runtime.directive.Include
2014-01-26 15:18:04,075 - Loaded System Directive: org.apache.velocity.runtime.directive.Include
2014-01-26 15:18:04,075 - Loaded System Directive: org.apache.velocity.runtime.directive.Foreach
2014-01-26 15:18:04,075 - Loaded System Directive: org.apache.velocity.runtime.directive.Foreach
2014-01-26 15:18:04,076 - Created '20' parsers.
2014-01-26 15:18:04,076 - Created '20' parsers.
2014-01-26 15:18:04,076 - Velocimacro : "velocimacro.library" is not set.  Trying default library: VM_global_library.vm
2014-01-26 15:18:04,076 - Velocimacro : "velocimacro.library" is not set.  Trying default library: VM_global_library.vm
2014-01-26 15:18:04,076 - Velocimacro : Default library not found.
2014-01-26 15:18:04,076 - Velocimacro : Default library not found.
2014-01-26 15:18:04,076 - Velocimacro : allowInline = true : VMs can be defined inline in templates
2014-01-26 15:18:04,076 - Velocimacro : allowInline = true : VMs can be defined inline in templates
2014-01-26 15:18:04,076 - Velocimacro : allowInlineToOverride = false : VMs defined inline may NOT replace previous VM definitions
2014-01-26 15:18:04,076 - Velocimacro : allowInlineToOverride = false : VMs defined inline may NOT replace previous VM definitions
2014-01-26 15:18:04,076 - Velocimacro : allowInlineLocal = false : VMs defined inline will be global in scope if allowed.
2014-01-26 15:18:04,076 - Velocimacro : allowInlineLocal = false : VMs defined inline will be global in scope if allowed.
2014-01-26 15:18:04,076 - Velocimacro : autoload off : VM system will not automatically reload global library macros
2014-01-26 15:18:04,076 - Velocimacro : autoload off : VM system will not automatically reload global library macros
