2014-02-01 16:56:29,693 - Log4JLogChute initialized using file 'velocity.log'
2014-02-01 16:56:29,694 - Starting Apache Velocity v1.5 (compiled: 2007-02-22 08:52:29)
2014-02-01 16:56:29,694 - Default Properties File: org/apache/velocity/runtime/defaults/velocity.properties
2014-02-01 16:56:29,694 - Trying to use logger class org.apache.velocity.runtime.log.AvalonLogChute
2014-02-01 16:56:29,694 - Couldn't find class org.apache.velocity.runtime.log.AvalonLogChute or necessary supporting classes in classpath.
java.lang.NoClassDefFoundError: org/apache/log/format/Formatter
	at java.lang.Class.forName0(Native Method)
	at java.lang.Class.forName(Class.java:270)
	at org.apache.velocity.util.ClassUtils.getClass(ClassUtils.java:63)
	at org.apache.velocity.util.ClassUtils.getNewInstance(ClassUtils.java:95)
	at org.apache.velocity.runtime.log.LogManager.createLogChute(LogManager.java:147)
	at org.apache.velocity.runtime.log.LogManager.updateLog(LogManager.java:208)
	at org.apache.velocity.runtime.RuntimeInstance.initializeLog(RuntimeInstance.java:728)
	at org.apache.velocity.runtime.RuntimeInstance.init(RuntimeInstance.java:240)
	at org.apache.velocity.runtime.RuntimeInstance.init(RuntimeInstance.java:534)
	at org.apache.velocity.app.VelocityEngine.init(VelocityEngine.java:144)
	at com.amazonaws.mturk.addon.HITQuestion.<init>(HITQuestion.java:69)
	at com.amazonaws.mturk.cmd.LoadHITs.loadHITs(LoadHITs.java:185)
	at com.amazonaws.mturk.cmd.LoadHITs.runCommand(LoadHITs.java:120)
	at com.amazonaws.mturk.cmd.AbstractCmd.run(AbstractCmd.java:148)
	at com.amazonaws.mturk.cmd.LoadHITs.main(LoadHITs.java:55)
Caused by: java.lang.ClassNotFoundException: org.apache.log.format.Formatter
	at java.net.URLClassLoader$1.run(URLClassLoader.java:217)
	at java.security.AccessController.doPrivileged(Native Method)
	at java.net.URLClassLoader.findClass(URLClassLoader.java:205)
	at java.lang.ClassLoader.loadClass(ClassLoader.java:323)
	at sun.misc.Launcher$AppClassLoader.loadClass(Launcher.java:294)
	at java.lang.ClassLoader.loadClass(ClassLoader.java:268)
	... 15 more
2014-02-01 16:56:29,695 - Trying to use logger class org.apache.velocity.runtime.log.Log4JLogChute
2014-02-01 16:56:29,695 - Using logger class org.apache.velocity.runtime.log.Log4JLogChute
2014-02-01 16:56:29,697 - Default ResourceManager initializing. (class org.apache.velocity.runtime.resource.ResourceManagerImpl)
2014-02-01 16:56:29,699 - ResourceLoader instantiated: org.apache.velocity.runtime.resource.loader.FileResourceLoader
2014-02-01 16:56:29,700 - Do unicode file recognition:  false
2014-02-01 16:56:29,700 - FileResourceLoader : adding path '/afs/cs.stanford.edu/u/andriluka/code/mechturk/mturk_hits/car_detect_580E_split0'
2014-02-01 16:56:29,708 - ResourceCache: initialized (class org.apache.velocity.runtime.resource.ResourceCacheImpl)
2014-02-01 16:56:29,708 - Loaded System Directive: org.apache.velocity.runtime.directive.Literal
2014-02-01 16:56:29,709 - Loaded System Directive: org.apache.velocity.runtime.directive.Macro
2014-02-01 16:56:29,711 - Loaded System Directive: org.apache.velocity.runtime.directive.Parse
2014-02-01 16:56:29,711 - Loaded System Directive: org.apache.velocity.runtime.directive.Include
2014-02-01 16:56:29,712 - Loaded System Directive: org.apache.velocity.runtime.directive.Foreach
2014-02-01 16:56:29,728 - Created '20' parsers.
2014-02-01 16:56:29,733 - Velocimacro : "velocimacro.library" is not set.  Trying default library: VM_global_library.vm
2014-02-01 16:56:29,733 - Velocimacro : Default library not found.
2014-02-01 16:56:29,733 - Velocimacro : allowInline = true : VMs can be defined inline in templates
2014-02-01 16:56:29,733 - Velocimacro : allowInlineToOverride = false : VMs defined inline may NOT replace previous VM definitions
2014-02-01 16:56:29,733 - Velocimacro : allowInlineLocal = false : VMs defined inline will be global in scope if allowed.
2014-02-01 16:56:29,733 - Velocimacro : autoload off : VM system will not automatically reload global library macros
2014-02-01 16:56:29,739 - ResourceManager : found question with loader org.apache.velocity.runtime.resource.loader.FileResourceLoader
2014-02-01 16:56:29,744 - Log4JLogChute initialized using file 'velocity.log'
2014-02-01 16:56:29,744 - Log4JLogChute initialized using file 'velocity.log'
2014-02-01 16:56:29,744 - Starting Apache Velocity v1.5 (compiled: 2007-02-22 08:52:29)
2014-02-01 16:56:29,744 - Starting Apache Velocity v1.5 (compiled: 2007-02-22 08:52:29)
2014-02-01 16:56:29,744 - Default Properties File: org/apache/velocity/runtime/defaults/velocity.properties
2014-02-01 16:56:29,744 - Default Properties File: org/apache/velocity/runtime/defaults/velocity.properties
2014-02-01 16:56:29,744 - Trying to use logger class org.apache.velocity.runtime.log.AvalonLogChute
2014-02-01 16:56:29,744 - Trying to use logger class org.apache.velocity.runtime.log.AvalonLogChute
2014-02-01 16:56:29,744 - Couldn't find class org.apache.velocity.runtime.log.AvalonLogChute or necessary supporting classes in classpath.
java.lang.NoClassDefFoundError: org/apache/log/format/Formatter
	at java.lang.Class.forName0(Native Method)
	at java.lang.Class.forName(Class.java:270)
	at org.apache.velocity.util.ClassUtils.getClass(ClassUtils.java:63)
	at org.apache.velocity.util.ClassUtils.getNewInstance(ClassUtils.java:95)
	at org.apache.velocity.runtime.log.LogManager.createLogChute(LogManager.java:147)
	at org.apache.velocity.runtime.log.LogManager.updateLog(LogManager.java:208)
	at org.apache.velocity.runtime.RuntimeInstance.initializeLog(RuntimeInstance.java:728)
	at org.apache.velocity.runtime.RuntimeInstance.init(RuntimeInstance.java:240)
	at org.apache.velocity.runtime.RuntimeSingleton.init(RuntimeSingleton.java:113)
	at org.apache.velocity.app.Velocity.init(Velocity.java:83)
	at com.amazonaws.mturk.util.VelocityUtil.doMerge(VelocityUtil.java:34)
	at com.amazonaws.mturk.addon.HITProperties.getMaxAssignments(HITProperties.java:268)
	at com.amazonaws.mturk.cmd.LoadHITs.loadHITs(LoadHITs.java:226)
	at com.amazonaws.mturk.cmd.LoadHITs.runCommand(LoadHITs.java:120)
	at com.amazonaws.mturk.cmd.AbstractCmd.run(AbstractCmd.java:148)
	at com.amazonaws.mturk.cmd.LoadHITs.main(LoadHITs.java:55)
Caused by: java.lang.ClassNotFoundException: org.apache.log.format.Formatter
	at java.net.URLClassLoader$1.run(URLClassLoader.java:217)
	at java.security.AccessController.doPrivileged(Native Method)
	at java.net.URLClassLoader.findClass(URLClassLoader.java:205)
	at java.lang.ClassLoader.loadClass(ClassLoader.java:323)
	at sun.misc.Launcher$AppClassLoader.loadClass(Launcher.java:294)
	at java.lang.ClassLoader.loadClass(ClassLoader.java:268)
	... 16 more
2014-02-01 16:56:29,744 - Couldn't find class org.apache.velocity.runtime.log.AvalonLogChute or necessary supporting classes in classpath.
java.lang.NoClassDefFoundError: org/apache/log/format/Formatter
	at java.lang.Class.forName0(Native Method)
	at java.lang.Class.forName(Class.java:270)
	at org.apache.velocity.util.ClassUtils.getClass(ClassUtils.java:63)
	at org.apache.velocity.util.ClassUtils.getNewInstance(ClassUtils.java:95)
	at org.apache.velocity.runtime.log.LogManager.createLogChute(LogManager.java:147)
	at org.apache.velocity.runtime.log.LogManager.updateLog(LogManager.java:208)
	at org.apache.velocity.runtime.RuntimeInstance.initializeLog(RuntimeInstance.java:728)
	at org.apache.velocity.runtime.RuntimeInstance.init(RuntimeInstance.java:240)
	at org.apache.velocity.runtime.RuntimeSingleton.init(RuntimeSingleton.java:113)
	at org.apache.velocity.app.Velocity.init(Velocity.java:83)
	at com.amazonaws.mturk.util.VelocityUtil.doMerge(VelocityUtil.java:34)
	at com.amazonaws.mturk.addon.HITProperties.getMaxAssignments(HITProperties.java:268)
	at com.amazonaws.mturk.cmd.LoadHITs.loadHITs(LoadHITs.java:226)
	at com.amazonaws.mturk.cmd.LoadHITs.runCommand(LoadHITs.java:120)
	at com.amazonaws.mturk.cmd.AbstractCmd.run(AbstractCmd.java:148)
	at com.amazonaws.mturk.cmd.LoadHITs.main(LoadHITs.java:55)
Caused by: java.lang.ClassNotFoundException: org.apache.log.format.Formatter
	at java.net.URLClassLoader$1.run(URLClassLoader.java:217)
	at java.security.AccessController.doPrivileged(Native Method)
	at java.net.URLClassLoader.findClass(URLClassLoader.java:205)
	at java.lang.ClassLoader.loadClass(ClassLoader.java:323)
	at sun.misc.Launcher$AppClassLoader.loadClass(Launcher.java:294)
	at java.lang.ClassLoader.loadClass(ClassLoader.java:268)
	... 16 more
2014-02-01 16:56:29,744 - Trying to use logger class org.apache.velocity.runtime.log.Log4JLogChute
2014-02-01 16:56:29,744 - Trying to use logger class org.apache.velocity.runtime.log.Log4JLogChute
2014-02-01 16:56:29,744 - Using logger class org.apache.velocity.runtime.log.Log4JLogChute
2014-02-01 16:56:29,744 - Using logger class org.apache.velocity.runtime.log.Log4JLogChute
2014-02-01 16:56:29,745 - Default ResourceManager initializing. (class org.apache.velocity.runtime.resource.ResourceManagerImpl)
2014-02-01 16:56:29,745 - Default ResourceManager initializing. (class org.apache.velocity.runtime.resource.ResourceManagerImpl)
2014-02-01 16:56:29,745 - ResourceLoader instantiated: org.apache.velocity.runtime.resource.loader.FileResourceLoader
2014-02-01 16:56:29,745 - ResourceLoader instantiated: org.apache.velocity.runtime.resource.loader.FileResourceLoader
2014-02-01 16:56:29,745 - Do unicode file recognition:  false
2014-02-01 16:56:29,745 - Do unicode file recognition:  false
2014-02-01 16:56:29,745 - FileResourceLoader : adding path '.'
2014-02-01 16:56:29,745 - FileResourceLoader : adding path '.'
2014-02-01 16:56:29,745 - ResourceCache: initialized (class org.apache.velocity.runtime.resource.ResourceCacheImpl)
2014-02-01 16:56:29,745 - ResourceCache: initialized (class org.apache.velocity.runtime.resource.ResourceCacheImpl)
2014-02-01 16:56:29,745 - Loaded System Directive: org.apache.velocity.runtime.directive.Literal
2014-02-01 16:56:29,745 - Loaded System Directive: org.apache.velocity.runtime.directive.Literal
2014-02-01 16:56:29,745 - Loaded System Directive: org.apache.velocity.runtime.directive.Macro
2014-02-01 16:56:29,745 - Loaded System Directive: org.apache.velocity.runtime.directive.Macro
2014-02-01 16:56:29,745 - Loaded System Directive: org.apache.velocity.runtime.directive.Parse
2014-02-01 16:56:29,745 - Loaded System Directive: org.apache.velocity.runtime.directive.Parse
2014-02-01 16:56:29,745 - Loaded System Directive: org.apache.velocity.runtime.directive.Include
2014-02-01 16:56:29,745 - Loaded System Directive: org.apache.velocity.runtime.directive.Include
2014-02-01 16:56:29,745 - Loaded System Directive: org.apache.velocity.runtime.directive.Foreach
2014-02-01 16:56:29,745 - Loaded System Directive: org.apache.velocity.runtime.directive.Foreach
2014-02-01 16:56:29,746 - Created '20' parsers.
2014-02-01 16:56:29,746 - Created '20' parsers.
2014-02-01 16:56:29,746 - Velocimacro : "velocimacro.library" is not set.  Trying default library: VM_global_library.vm
2014-02-01 16:56:29,746 - Velocimacro : "velocimacro.library" is not set.  Trying default library: VM_global_library.vm
2014-02-01 16:56:29,747 - Velocimacro : Default library not found.
2014-02-01 16:56:29,747 - Velocimacro : Default library not found.
2014-02-01 16:56:29,747 - Velocimacro : allowInline = true : VMs can be defined inline in templates
2014-02-01 16:56:29,747 - Velocimacro : allowInline = true : VMs can be defined inline in templates
2014-02-01 16:56:29,747 - Velocimacro : allowInlineToOverride = false : VMs defined inline may NOT replace previous VM definitions
2014-02-01 16:56:29,747 - Velocimacro : allowInlineToOverride = false : VMs defined inline may NOT replace previous VM definitions
2014-02-01 16:56:29,747 - Velocimacro : allowInlineLocal = false : VMs defined inline will be global in scope if allowed.
2014-02-01 16:56:29,747 - Velocimacro : allowInlineLocal = false : VMs defined inline will be global in scope if allowed.
2014-02-01 16:56:29,747 - Velocimacro : autoload off : VM system will not automatically reload global library macros
2014-02-01 16:56:29,747 - Velocimacro : autoload off : VM system will not automatically reload global library macros
2014-02-01 16:57:10,136 - Log4JLogChute initialized using file 'velocity.log'
2014-02-01 16:57:10,136 - Starting Apache Velocity v1.5 (compiled: 2007-02-22 08:52:29)
2014-02-01 16:57:10,136 - Default Properties File: org/apache/velocity/runtime/defaults/velocity.properties
2014-02-01 16:57:10,136 - Trying to use logger class org.apache.velocity.runtime.log.AvalonLogChute
2014-02-01 16:57:10,137 - Couldn't find class org.apache.velocity.runtime.log.AvalonLogChute or necessary supporting classes in classpath.
java.lang.NoClassDefFoundError: org/apache/log/format/Formatter
	at java.lang.Class.forName0(Native Method)
	at java.lang.Class.forName(Class.java:270)
	at org.apache.velocity.util.ClassUtils.getClass(ClassUtils.java:63)
	at org.apache.velocity.util.ClassUtils.getNewInstance(ClassUtils.java:95)
	at org.apache.velocity.runtime.log.LogManager.createLogChute(LogManager.java:147)
	at org.apache.velocity.runtime.log.LogManager.updateLog(LogManager.java:208)
	at org.apache.velocity.runtime.RuntimeInstance.initializeLog(RuntimeInstance.java:728)
	at org.apache.velocity.runtime.RuntimeInstance.init(RuntimeInstance.java:240)
	at org.apache.velocity.runtime.RuntimeInstance.init(RuntimeInstance.java:534)
	at org.apache.velocity.app.VelocityEngine.init(VelocityEngine.java:144)
	at com.amazonaws.mturk.addon.HITQuestion.<init>(HITQuestion.java:69)
	at com.amazonaws.mturk.cmd.LoadHITs.loadHITs(LoadHITs.java:185)
	at com.amazonaws.mturk.cmd.LoadHITs.runCommand(LoadHITs.java:120)
	at com.amazonaws.mturk.cmd.AbstractCmd.run(AbstractCmd.java:148)
	at com.amazonaws.mturk.cmd.LoadHITs.main(LoadHITs.java:55)
Caused by: java.lang.ClassNotFoundException: org.apache.log.format.Formatter
	at java.net.URLClassLoader$1.run(URLClassLoader.java:217)
	at java.security.AccessController.doPrivileged(Native Method)
	at java.net.URLClassLoader.findClass(URLClassLoader.java:205)
	at java.lang.ClassLoader.loadClass(ClassLoader.java:323)
	at sun.misc.Launcher$AppClassLoader.loadClass(Launcher.java:294)
	at java.lang.ClassLoader.loadClass(ClassLoader.java:268)
	... 15 more
2014-02-01 16:57:10,137 - Trying to use logger class org.apache.velocity.runtime.log.Log4JLogChute
2014-02-01 16:57:10,137 - Using logger class org.apache.velocity.runtime.log.Log4JLogChute
2014-02-01 16:57:10,139 - Default ResourceManager initializing. (class org.apache.velocity.runtime.resource.ResourceManagerImpl)
2014-02-01 16:57:10,141 - ResourceLoader instantiated: org.apache.velocity.runtime.resource.loader.FileResourceLoader
2014-02-01 16:57:10,142 - Do unicode file recognition:  false
2014-02-01 16:57:10,142 - FileResourceLoader : adding path '/afs/cs.stanford.edu/u/andriluka/code/mechturk/mturk_hits/car_detect_580E_split0'
2014-02-01 16:57:10,149 - ResourceCache: initialized (class org.apache.velocity.runtime.resource.ResourceCacheImpl)
2014-02-01 16:57:10,150 - Loaded System Directive: org.apache.velocity.runtime.directive.Literal
2014-02-01 16:57:10,151 - Loaded System Directive: org.apache.velocity.runtime.directive.Macro
2014-02-01 16:57:10,152 - Loaded System Directive: org.apache.velocity.runtime.directive.Parse
2014-02-01 16:57:10,153 - Loaded System Directive: org.apache.velocity.runtime.directive.Include
2014-02-01 16:57:10,153 - Loaded System Directive: org.apache.velocity.runtime.directive.Foreach
2014-02-01 16:57:10,169 - Created '20' parsers.
2014-02-01 16:57:10,174 - Velocimacro : "velocimacro.library" is not set.  Trying default library: VM_global_library.vm
2014-02-01 16:57:10,174 - Velocimacro : Default library not found.
2014-02-01 16:57:10,174 - Velocimacro : allowInline = true : VMs can be defined inline in templates
2014-02-01 16:57:10,174 - Velocimacro : allowInlineToOverride = false : VMs defined inline may NOT replace previous VM definitions
2014-02-01 16:57:10,174 - Velocimacro : allowInlineLocal = false : VMs defined inline will be global in scope if allowed.
2014-02-01 16:57:10,174 - Velocimacro : autoload off : VM system will not automatically reload global library macros
2014-02-01 16:57:10,179 - ResourceManager : found question with loader org.apache.velocity.runtime.resource.loader.FileResourceLoader
2014-02-01 16:57:10,184 - Log4JLogChute initialized using file 'velocity.log'
2014-02-01 16:57:10,184 - Log4JLogChute initialized using file 'velocity.log'
2014-02-01 16:57:10,185 - Starting Apache Velocity v1.5 (compiled: 2007-02-22 08:52:29)
2014-02-01 16:57:10,185 - Starting Apache Velocity v1.5 (compiled: 2007-02-22 08:52:29)
2014-02-01 16:57:10,185 - Default Properties File: org/apache/velocity/runtime/defaults/velocity.properties
2014-02-01 16:57:10,185 - Default Properties File: org/apache/velocity/runtime/defaults/velocity.properties
2014-02-01 16:57:10,185 - Trying to use logger class org.apache.velocity.runtime.log.AvalonLogChute
2014-02-01 16:57:10,185 - Trying to use logger class org.apache.velocity.runtime.log.AvalonLogChute
2014-02-01 16:57:10,185 - Couldn't find class org.apache.velocity.runtime.log.AvalonLogChute or necessary supporting classes in classpath.
java.lang.NoClassDefFoundError: org/apache/log/format/Formatter
	at java.lang.Class.forName0(Native Method)
	at java.lang.Class.forName(Class.java:270)
	at org.apache.velocity.util.ClassUtils.getClass(ClassUtils.java:63)
	at org.apache.velocity.util.ClassUtils.getNewInstance(ClassUtils.java:95)
	at org.apache.velocity.runtime.log.LogManager.createLogChute(LogManager.java:147)
	at org.apache.velocity.runtime.log.LogManager.updateLog(LogManager.java:208)
	at org.apache.velocity.runtime.RuntimeInstance.initializeLog(RuntimeInstance.java:728)
	at org.apache.velocity.runtime.RuntimeInstance.init(RuntimeInstance.java:240)
	at org.apache.velocity.runtime.RuntimeSingleton.init(RuntimeSingleton.java:113)
	at org.apache.velocity.app.Velocity.init(Velocity.java:83)
	at com.amazonaws.mturk.util.VelocityUtil.doMerge(VelocityUtil.java:34)
	at com.amazonaws.mturk.addon.HITProperties.getMaxAssignments(HITProperties.java:268)
	at com.amazonaws.mturk.cmd.LoadHITs.loadHITs(LoadHITs.java:226)
	at com.amazonaws.mturk.cmd.LoadHITs.runCommand(LoadHITs.java:120)
	at com.amazonaws.mturk.cmd.AbstractCmd.run(AbstractCmd.java:148)
	at com.amazonaws.mturk.cmd.LoadHITs.main(LoadHITs.java:55)
Caused by: java.lang.ClassNotFoundException: org.apache.log.format.Formatter
	at java.net.URLClassLoader$1.run(URLClassLoader.java:217)
	at java.security.AccessController.doPrivileged(Native Method)
	at java.net.URLClassLoader.findClass(URLClassLoader.java:205)
	at java.lang.ClassLoader.loadClass(ClassLoader.java:323)
	at sun.misc.Launcher$AppClassLoader.loadClass(Launcher.java:294)
	at java.lang.ClassLoader.loadClass(ClassLoader.java:268)
	... 16 more
2014-02-01 16:57:10,185 - Couldn't find class org.apache.velocity.runtime.log.AvalonLogChute or necessary supporting classes in classpath.
java.lang.NoClassDefFoundError: org/apache/log/format/Formatter
	at java.lang.Class.forName0(Native Method)
	at java.lang.Class.forName(Class.java:270)
	at org.apache.velocity.util.ClassUtils.getClass(ClassUtils.java:63)
	at org.apache.velocity.util.ClassUtils.getNewInstance(ClassUtils.java:95)
	at org.apache.velocity.runtime.log.LogManager.createLogChute(LogManager.java:147)
	at org.apache.velocity.runtime.log.LogManager.updateLog(LogManager.java:208)
	at org.apache.velocity.runtime.RuntimeInstance.initializeLog(RuntimeInstance.java:728)
	at org.apache.velocity.runtime.RuntimeInstance.init(RuntimeInstance.java:240)
	at org.apache.velocity.runtime.RuntimeSingleton.init(RuntimeSingleton.java:113)
	at org.apache.velocity.app.Velocity.init(Velocity.java:83)
	at com.amazonaws.mturk.util.VelocityUtil.doMerge(VelocityUtil.java:34)
	at com.amazonaws.mturk.addon.HITProperties.getMaxAssignments(HITProperties.java:268)
	at com.amazonaws.mturk.cmd.LoadHITs.loadHITs(LoadHITs.java:226)
	at com.amazonaws.mturk.cmd.LoadHITs.runCommand(LoadHITs.java:120)
	at com.amazonaws.mturk.cmd.AbstractCmd.run(AbstractCmd.java:148)
	at com.amazonaws.mturk.cmd.LoadHITs.main(LoadHITs.java:55)
Caused by: java.lang.ClassNotFoundException: org.apache.log.format.Formatter
	at java.net.URLClassLoader$1.run(URLClassLoader.java:217)
	at java.security.AccessController.doPrivileged(Native Method)
	at java.net.URLClassLoader.findClass(URLClassLoader.java:205)
	at java.lang.ClassLoader.loadClass(ClassLoader.java:323)
	at sun.misc.Launcher$AppClassLoader.loadClass(Launcher.java:294)
	at java.lang.ClassLoader.loadClass(ClassLoader.java:268)
	... 16 more
2014-02-01 16:57:10,185 - Trying to use logger class org.apache.velocity.runtime.log.Log4JLogChute
2014-02-01 16:57:10,185 - Trying to use logger class org.apache.velocity.runtime.log.Log4JLogChute
2014-02-01 16:57:10,185 - Using logger class org.apache.velocity.runtime.log.Log4JLogChute
2014-02-01 16:57:10,185 - Using logger class org.apache.velocity.runtime.log.Log4JLogChute
2014-02-01 16:57:10,185 - Default ResourceManager initializing. (class org.apache.velocity.runtime.resource.ResourceManagerImpl)
2014-02-01 16:57:10,185 - Default ResourceManager initializing. (class org.apache.velocity.runtime.resource.ResourceManagerImpl)
2014-02-01 16:57:10,185 - ResourceLoader instantiated: org.apache.velocity.runtime.resource.loader.FileResourceLoader
2014-02-01 16:57:10,185 - ResourceLoader instantiated: org.apache.velocity.runtime.resource.loader.FileResourceLoader
2014-02-01 16:57:10,185 - Do unicode file recognition:  false
2014-02-01 16:57:10,185 - Do unicode file recognition:  false
2014-02-01 16:57:10,185 - FileResourceLoader : adding path '.'
2014-02-01 16:57:10,185 - FileResourceLoader : adding path '.'
2014-02-01 16:57:10,186 - ResourceCache: initialized (class org.apache.velocity.runtime.resource.ResourceCacheImpl)
2014-02-01 16:57:10,186 - ResourceCache: initialized (class org.apache.velocity.runtime.resource.ResourceCacheImpl)
2014-02-01 16:57:10,186 - Loaded System Directive: org.apache.velocity.runtime.directive.Literal
2014-02-01 16:57:10,186 - Loaded System Directive: org.apache.velocity.runtime.directive.Literal
2014-02-01 16:57:10,186 - Loaded System Directive: org.apache.velocity.runtime.directive.Macro
2014-02-01 16:57:10,186 - Loaded System Directive: org.apache.velocity.runtime.directive.Macro
2014-02-01 16:57:10,186 - Loaded System Directive: org.apache.velocity.runtime.directive.Parse
2014-02-01 16:57:10,186 - Loaded System Directive: org.apache.velocity.runtime.directive.Parse
2014-02-01 16:57:10,186 - Loaded System Directive: org.apache.velocity.runtime.directive.Include
2014-02-01 16:57:10,186 - Loaded System Directive: org.apache.velocity.runtime.directive.Include
2014-02-01 16:57:10,186 - Loaded System Directive: org.apache.velocity.runtime.directive.Foreach
2014-02-01 16:57:10,186 - Loaded System Directive: org.apache.velocity.runtime.directive.Foreach
2014-02-01 16:57:10,187 - Created '20' parsers.
2014-02-01 16:57:10,187 - Created '20' parsers.
2014-02-01 16:57:10,187 - Velocimacro : "velocimacro.library" is not set.  Trying default library: VM_global_library.vm
2014-02-01 16:57:10,187 - Velocimacro : "velocimacro.library" is not set.  Trying default library: VM_global_library.vm
2014-02-01 16:57:10,187 - Velocimacro : Default library not found.
2014-02-01 16:57:10,187 - Velocimacro : Default library not found.
2014-02-01 16:57:10,187 - Velocimacro : allowInline = true : VMs can be defined inline in templates
2014-02-01 16:57:10,187 - Velocimacro : allowInline = true : VMs can be defined inline in templates
2014-02-01 16:57:10,187 - Velocimacro : allowInlineToOverride = false : VMs defined inline may NOT replace previous VM definitions
2014-02-01 16:57:10,187 - Velocimacro : allowInlineToOverride = false : VMs defined inline may NOT replace previous VM definitions
2014-02-01 16:57:10,187 - Velocimacro : allowInlineLocal = false : VMs defined inline will be global in scope if allowed.
2014-02-01 16:57:10,187 - Velocimacro : allowInlineLocal = false : VMs defined inline will be global in scope if allowed.
2014-02-01 16:57:10,187 - Velocimacro : autoload off : VM system will not automatically reload global library macros
2014-02-01 16:57:10,187 - Velocimacro : autoload off : VM system will not automatically reload global library macros
2014-02-01 17:36:11,041 - Log4JLogChute initialized using file 'velocity.log'
2014-02-01 17:36:11,041 - Starting Apache Velocity v1.5 (compiled: 2007-02-22 08:52:29)
2014-02-01 17:36:11,041 - Default Properties File: org/apache/velocity/runtime/defaults/velocity.properties
2014-02-01 17:36:11,041 - Trying to use logger class org.apache.velocity.runtime.log.AvalonLogChute
2014-02-01 17:36:11,042 - Couldn't find class org.apache.velocity.runtime.log.AvalonLogChute or necessary supporting classes in classpath.
java.lang.NoClassDefFoundError: org/apache/log/format/Formatter
	at java.lang.Class.forName0(Native Method)
	at java.lang.Class.forName(Class.java:270)
	at org.apache.velocity.util.ClassUtils.getClass(ClassUtils.java:63)
	at org.apache.velocity.util.ClassUtils.getNewInstance(ClassUtils.java:95)
	at org.apache.velocity.runtime.log.LogManager.createLogChute(LogManager.java:147)
	at org.apache.velocity.runtime.log.LogManager.updateLog(LogManager.java:208)
	at org.apache.velocity.runtime.RuntimeInstance.initializeLog(RuntimeInstance.java:728)
	at org.apache.velocity.runtime.RuntimeInstance.init(RuntimeInstance.java:240)
	at org.apache.velocity.runtime.RuntimeInstance.init(RuntimeInstance.java:534)
	at org.apache.velocity.app.VelocityEngine.init(VelocityEngine.java:144)
	at com.amazonaws.mturk.addon.HITQuestion.<init>(HITQuestion.java:69)
	at com.amazonaws.mturk.cmd.LoadHITs.loadHITs(LoadHITs.java:185)
	at com.amazonaws.mturk.cmd.LoadHITs.runCommand(LoadHITs.java:120)
	at com.amazonaws.mturk.cmd.AbstractCmd.run(AbstractCmd.java:148)
	at com.amazonaws.mturk.cmd.LoadHITs.main(LoadHITs.java:55)
Caused by: java.lang.ClassNotFoundException: org.apache.log.format.Formatter
	at java.net.URLClassLoader$1.run(URLClassLoader.java:217)
	at java.security.AccessController.doPrivileged(Native Method)
	at java.net.URLClassLoader.findClass(URLClassLoader.java:205)
	at java.lang.ClassLoader.loadClass(ClassLoader.java:323)
	at sun.misc.Launcher$AppClassLoader.loadClass(Launcher.java:294)
	at java.lang.ClassLoader.loadClass(ClassLoader.java:268)
	... 15 more
2014-02-01 17:36:11,042 - Trying to use logger class org.apache.velocity.runtime.log.Log4JLogChute
2014-02-01 17:36:11,042 - Using logger class org.apache.velocity.runtime.log.Log4JLogChute
2014-02-01 17:36:11,044 - Default ResourceManager initializing. (class org.apache.velocity.runtime.resource.ResourceManagerImpl)
2014-02-01 17:36:11,046 - ResourceLoader instantiated: org.apache.velocity.runtime.resource.loader.FileResourceLoader
2014-02-01 17:36:11,046 - Do unicode file recognition:  false
2014-02-01 17:36:11,046 - FileResourceLoader : adding path '/afs/cs.stanford.edu/u/andriluka/code/mechturk/mturk_hits/car_detect_580E_split0_small'
2014-02-01 17:36:11,054 - ResourceCache: initialized (class org.apache.velocity.runtime.resource.ResourceCacheImpl)
2014-02-01 17:36:11,055 - Loaded System Directive: org.apache.velocity.runtime.directive.Literal
2014-02-01 17:36:11,056 - Loaded System Directive: org.apache.velocity.runtime.directive.Macro
2014-02-01 17:36:11,057 - Loaded System Directive: org.apache.velocity.runtime.directive.Parse
2014-02-01 17:36:11,058 - Loaded System Directive: org.apache.velocity.runtime.directive.Include
2014-02-01 17:36:11,058 - Loaded System Directive: org.apache.velocity.runtime.directive.Foreach
2014-02-01 17:36:11,074 - Created '20' parsers.
2014-02-01 17:36:11,079 - Velocimacro : "velocimacro.library" is not set.  Trying default library: VM_global_library.vm
2014-02-01 17:36:11,079 - Velocimacro : Default library not found.
2014-02-01 17:36:11,079 - Velocimacro : allowInline = true : VMs can be defined inline in templates
2014-02-01 17:36:11,079 - Velocimacro : allowInlineToOverride = false : VMs defined inline may NOT replace previous VM definitions
2014-02-01 17:36:11,079 - Velocimacro : allowInlineLocal = false : VMs defined inline will be global in scope if allowed.
2014-02-01 17:36:11,079 - Velocimacro : autoload off : VM system will not automatically reload global library macros
2014-02-01 17:36:11,084 - ResourceManager : found question with loader org.apache.velocity.runtime.resource.loader.FileResourceLoader
2014-02-01 17:36:11,089 - Log4JLogChute initialized using file 'velocity.log'
2014-02-01 17:36:11,089 - Log4JLogChute initialized using file 'velocity.log'
2014-02-01 17:36:11,089 - Starting Apache Velocity v1.5 (compiled: 2007-02-22 08:52:29)
2014-02-01 17:36:11,089 - Starting Apache Velocity v1.5 (compiled: 2007-02-22 08:52:29)
2014-02-01 17:36:11,089 - Default Properties File: org/apache/velocity/runtime/defaults/velocity.properties
2014-02-01 17:36:11,089 - Default Properties File: org/apache/velocity/runtime/defaults/velocity.properties
2014-02-01 17:36:11,090 - Trying to use logger class org.apache.velocity.runtime.log.AvalonLogChute
2014-02-01 17:36:11,090 - Trying to use logger class org.apache.velocity.runtime.log.AvalonLogChute
2014-02-01 17:36:11,090 - Couldn't find class org.apache.velocity.runtime.log.AvalonLogChute or necessary supporting classes in classpath.
java.lang.NoClassDefFoundError: org/apache/log/format/Formatter
	at java.lang.Class.forName0(Native Method)
	at java.lang.Class.forName(Class.java:270)
	at org.apache.velocity.util.ClassUtils.getClass(ClassUtils.java:63)
	at org.apache.velocity.util.ClassUtils.getNewInstance(ClassUtils.java:95)
	at org.apache.velocity.runtime.log.LogManager.createLogChute(LogManager.java:147)
	at org.apache.velocity.runtime.log.LogManager.updateLog(LogManager.java:208)
	at org.apache.velocity.runtime.RuntimeInstance.initializeLog(RuntimeInstance.java:728)
	at org.apache.velocity.runtime.RuntimeInstance.init(RuntimeInstance.java:240)
	at org.apache.velocity.runtime.RuntimeSingleton.init(RuntimeSingleton.java:113)
	at org.apache.velocity.app.Velocity.init(Velocity.java:83)
	at com.amazonaws.mturk.util.VelocityUtil.doMerge(VelocityUtil.java:34)
	at com.amazonaws.mturk.addon.HITProperties.getMaxAssignments(HITProperties.java:268)
	at com.amazonaws.mturk.cmd.LoadHITs.loadHITs(LoadHITs.java:226)
	at com.amazonaws.mturk.cmd.LoadHITs.runCommand(LoadHITs.java:120)
	at com.amazonaws.mturk.cmd.AbstractCmd.run(AbstractCmd.java:148)
	at com.amazonaws.mturk.cmd.LoadHITs.main(LoadHITs.java:55)
Caused by: java.lang.ClassNotFoundException: org.apache.log.format.Formatter
	at java.net.URLClassLoader$1.run(URLClassLoader.java:217)
	at java.security.AccessController.doPrivileged(Native Method)
	at java.net.URLClassLoader.findClass(URLClassLoader.java:205)
	at java.lang.ClassLoader.loadClass(ClassLoader.java:323)
	at sun.misc.Launcher$AppClassLoader.loadClass(Launcher.java:294)
	at java.lang.ClassLoader.loadClass(ClassLoader.java:268)
	... 16 more
2014-02-01 17:36:11,090 - Couldn't find class org.apache.velocity.runtime.log.AvalonLogChute or necessary supporting classes in classpath.
java.lang.NoClassDefFoundError: org/apache/log/format/Formatter
	at java.lang.Class.forName0(Native Method)
	at java.lang.Class.forName(Class.java:270)
	at org.apache.velocity.util.ClassUtils.getClass(ClassUtils.java:63)
	at org.apache.velocity.util.ClassUtils.getNewInstance(ClassUtils.java:95)
	at org.apache.velocity.runtime.log.LogManager.createLogChute(LogManager.java:147)
	at org.apache.velocity.runtime.log.LogManager.updateLog(LogManager.java:208)
	at org.apache.velocity.runtime.RuntimeInstance.initializeLog(RuntimeInstance.java:728)
	at org.apache.velocity.runtime.RuntimeInstance.init(RuntimeInstance.java:240)
	at org.apache.velocity.runtime.RuntimeSingleton.init(RuntimeSingleton.java:113)
	at org.apache.velocity.app.Velocity.init(Velocity.java:83)
	at com.amazonaws.mturk.util.VelocityUtil.doMerge(VelocityUtil.java:34)
	at com.amazonaws.mturk.addon.HITProperties.getMaxAssignments(HITProperties.java:268)
	at com.amazonaws.mturk.cmd.LoadHITs.loadHITs(LoadHITs.java:226)
	at com.amazonaws.mturk.cmd.LoadHITs.runCommand(LoadHITs.java:120)
	at com.amazonaws.mturk.cmd.AbstractCmd.run(AbstractCmd.java:148)
	at com.amazonaws.mturk.cmd.LoadHITs.main(LoadHITs.java:55)
Caused by: java.lang.ClassNotFoundException: org.apache.log.format.Formatter
	at java.net.URLClassLoader$1.run(URLClassLoader.java:217)
	at java.security.AccessController.doPrivileged(Native Method)
	at java.net.URLClassLoader.findClass(URLClassLoader.java:205)
	at java.lang.ClassLoader.loadClass(ClassLoader.java:323)
	at sun.misc.Launcher$AppClassLoader.loadClass(Launcher.java:294)
	at java.lang.ClassLoader.loadClass(ClassLoader.java:268)
	... 16 more
2014-02-01 17:36:11,090 - Trying to use logger class org.apache.velocity.runtime.log.Log4JLogChute
2014-02-01 17:36:11,090 - Trying to use logger class org.apache.velocity.runtime.log.Log4JLogChute
2014-02-01 17:36:11,090 - Using logger class org.apache.velocity.runtime.log.Log4JLogChute
2014-02-01 17:36:11,090 - Using logger class org.apache.velocity.runtime.log.Log4JLogChute
2014-02-01 17:36:11,090 - Default ResourceManager initializing. (class org.apache.velocity.runtime.resource.ResourceManagerImpl)
2014-02-01 17:36:11,090 - Default ResourceManager initializing. (class org.apache.velocity.runtime.resource.ResourceManagerImpl)
2014-02-01 17:36:11,090 - ResourceLoader instantiated: org.apache.velocity.runtime.resource.loader.FileResourceLoader
2014-02-01 17:36:11,090 - ResourceLoader instantiated: org.apache.velocity.runtime.resource.loader.FileResourceLoader
2014-02-01 17:36:11,090 - Do unicode file recognition:  false
2014-02-01 17:36:11,090 - Do unicode file recognition:  false
2014-02-01 17:36:11,090 - FileResourceLoader : adding path '.'
2014-02-01 17:36:11,090 - FileResourceLoader : adding path '.'
2014-02-01 17:36:11,090 - ResourceCache: initialized (class org.apache.velocity.runtime.resource.ResourceCacheImpl)
2014-02-01 17:36:11,090 - ResourceCache: initialized (class org.apache.velocity.runtime.resource.ResourceCacheImpl)
2014-02-01 17:36:11,091 - Loaded System Directive: org.apache.velocity.runtime.directive.Literal
2014-02-01 17:36:11,091 - Loaded System Directive: org.apache.velocity.runtime.directive.Literal
2014-02-01 17:36:11,091 - Loaded System Directive: org.apache.velocity.runtime.directive.Macro
2014-02-01 17:36:11,091 - Loaded System Directive: org.apache.velocity.runtime.directive.Macro
2014-02-01 17:36:11,091 - Loaded System Directive: org.apache.velocity.runtime.directive.Parse
2014-02-01 17:36:11,091 - Loaded System Directive: org.apache.velocity.runtime.directive.Parse
2014-02-01 17:36:11,091 - Loaded System Directive: org.apache.velocity.runtime.directive.Include
2014-02-01 17:36:11,091 - Loaded System Directive: org.apache.velocity.runtime.directive.Include
2014-02-01 17:36:11,091 - Loaded System Directive: org.apache.velocity.runtime.directive.Foreach
2014-02-01 17:36:11,091 - Loaded System Directive: org.apache.velocity.runtime.directive.Foreach
2014-02-01 17:36:11,092 - Created '20' parsers.
2014-02-01 17:36:11,092 - Created '20' parsers.
2014-02-01 17:36:11,092 - Velocimacro : "velocimacro.library" is not set.  Trying default library: VM_global_library.vm
2014-02-01 17:36:11,092 - Velocimacro : "velocimacro.library" is not set.  Trying default library: VM_global_library.vm
2014-02-01 17:36:11,092 - Velocimacro : Default library not found.
2014-02-01 17:36:11,092 - Velocimacro : Default library not found.
2014-02-01 17:36:11,092 - Velocimacro : allowInline = true : VMs can be defined inline in templates
2014-02-01 17:36:11,092 - Velocimacro : allowInline = true : VMs can be defined inline in templates
2014-02-01 17:36:11,092 - Velocimacro : allowInlineToOverride = false : VMs defined inline may NOT replace previous VM definitions
2014-02-01 17:36:11,092 - Velocimacro : allowInlineToOverride = false : VMs defined inline may NOT replace previous VM definitions
2014-02-01 17:36:11,092 - Velocimacro : allowInlineLocal = false : VMs defined inline will be global in scope if allowed.
2014-02-01 17:36:11,092 - Velocimacro : allowInlineLocal = false : VMs defined inline will be global in scope if allowed.
2014-02-01 17:36:11,092 - Velocimacro : autoload off : VM system will not automatically reload global library macros
2014-02-01 17:36:11,092 - Velocimacro : autoload off : VM system will not automatically reload global library macros
2014-02-01 18:48:28,311 - Log4JLogChute initialized using file 'velocity.log'
2014-02-01 18:48:28,311 - Starting Apache Velocity v1.5 (compiled: 2007-02-22 08:52:29)
2014-02-01 18:48:28,311 - Default Properties File: org/apache/velocity/runtime/defaults/velocity.properties
2014-02-01 18:48:28,311 - Trying to use logger class org.apache.velocity.runtime.log.AvalonLogChute
2014-02-01 18:48:28,311 - Couldn't find class org.apache.velocity.runtime.log.AvalonLogChute or necessary supporting classes in classpath.
java.lang.NoClassDefFoundError: org/apache/log/format/Formatter
	at java.lang.Class.forName0(Native Method)
	at java.lang.Class.forName(Class.java:270)
	at org.apache.velocity.util.ClassUtils.getClass(ClassUtils.java:63)
	at org.apache.velocity.util.ClassUtils.getNewInstance(ClassUtils.java:95)
	at org.apache.velocity.runtime.log.LogManager.createLogChute(LogManager.java:147)
	at org.apache.velocity.runtime.log.LogManager.updateLog(LogManager.java:208)
	at org.apache.velocity.runtime.RuntimeInstance.initializeLog(RuntimeInstance.java:728)
	at org.apache.velocity.runtime.RuntimeInstance.init(RuntimeInstance.java:240)
	at org.apache.velocity.runtime.RuntimeInstance.init(RuntimeInstance.java:534)
	at org.apache.velocity.app.VelocityEngine.init(VelocityEngine.java:144)
	at com.amazonaws.mturk.addon.HITQuestion.<init>(HITQuestion.java:69)
	at com.amazonaws.mturk.cmd.LoadHITs.loadHITs(LoadHITs.java:185)
	at com.amazonaws.mturk.cmd.LoadHITs.runCommand(LoadHITs.java:120)
	at com.amazonaws.mturk.cmd.AbstractCmd.run(AbstractCmd.java:148)
	at com.amazonaws.mturk.cmd.LoadHITs.main(LoadHITs.java:55)
Caused by: java.lang.ClassNotFoundException: org.apache.log.format.Formatter
	at java.net.URLClassLoader$1.run(URLClassLoader.java:217)
	at java.security.AccessController.doPrivileged(Native Method)
	at java.net.URLClassLoader.findClass(URLClassLoader.java:205)
	at java.lang.ClassLoader.loadClass(ClassLoader.java:323)
	at sun.misc.Launcher$AppClassLoader.loadClass(Launcher.java:294)
	at java.lang.ClassLoader.loadClass(ClassLoader.java:268)
	... 15 more
2014-02-01 18:48:28,312 - Trying to use logger class org.apache.velocity.runtime.log.Log4JLogChute
2014-02-01 18:48:28,312 - Using logger class org.apache.velocity.runtime.log.Log4JLogChute
2014-02-01 18:48:28,314 - Default ResourceManager initializing. (class org.apache.velocity.runtime.resource.ResourceManagerImpl)
2014-02-01 18:48:28,316 - ResourceLoader instantiated: org.apache.velocity.runtime.resource.loader.FileResourceLoader
2014-02-01 18:48:28,316 - Do unicode file recognition:  false
2014-02-01 18:48:28,316 - FileResourceLoader : adding path '/afs/cs.stanford.edu/u/andriluka/code/mechturk/mturk_hits/8-13-marin-north-split_0_goldengate_b1-amt_test'
2014-02-01 18:48:28,324 - ResourceCache: initialized (class org.apache.velocity.runtime.resource.ResourceCacheImpl)
2014-02-01 18:48:28,325 - Loaded System Directive: org.apache.velocity.runtime.directive.Literal
2014-02-01 18:48:28,326 - Loaded System Directive: org.apache.velocity.runtime.directive.Macro
2014-02-01 18:48:28,327 - Loaded System Directive: org.apache.velocity.runtime.directive.Parse
2014-02-01 18:48:28,328 - Loaded System Directive: org.apache.velocity.runtime.directive.Include
2014-02-01 18:48:28,328 - Loaded System Directive: org.apache.velocity.runtime.directive.Foreach
2014-02-01 18:48:28,345 - Created '20' parsers.
2014-02-01 18:48:28,349 - Velocimacro : "velocimacro.library" is not set.  Trying default library: VM_global_library.vm
2014-02-01 18:48:28,350 - Velocimacro : Default library not found.
2014-02-01 18:48:28,350 - Velocimacro : allowInline = true : VMs can be defined inline in templates
2014-02-01 18:48:28,350 - Velocimacro : allowInlineToOverride = false : VMs defined inline may NOT replace previous VM definitions
2014-02-01 18:48:28,350 - Velocimacro : allowInlineLocal = false : VMs defined inline will be global in scope if allowed.
2014-02-01 18:48:28,350 - Velocimacro : autoload off : VM system will not automatically reload global library macros
2014-02-01 18:48:28,355 - ResourceManager : found question with loader org.apache.velocity.runtime.resource.loader.FileResourceLoader
2014-02-01 18:48:28,365 - Log4JLogChute initialized using file 'velocity.log'
2014-02-01 18:48:28,365 - Log4JLogChute initialized using file 'velocity.log'
2014-02-01 18:48:28,365 - Starting Apache Velocity v1.5 (compiled: 2007-02-22 08:52:29)
2014-02-01 18:48:28,365 - Starting Apache Velocity v1.5 (compiled: 2007-02-22 08:52:29)
2014-02-01 18:48:28,365 - Default Properties File: org/apache/velocity/runtime/defaults/velocity.properties
2014-02-01 18:48:28,365 - Default Properties File: org/apache/velocity/runtime/defaults/velocity.properties
2014-02-01 18:48:28,365 - Trying to use logger class org.apache.velocity.runtime.log.AvalonLogChute
2014-02-01 18:48:28,365 - Trying to use logger class org.apache.velocity.runtime.log.AvalonLogChute
2014-02-01 18:48:28,365 - Couldn't find class org.apache.velocity.runtime.log.AvalonLogChute or necessary supporting classes in classpath.
java.lang.NoClassDefFoundError: org/apache/log/format/Formatter
	at java.lang.Class.forName0(Native Method)
	at java.lang.Class.forName(Class.java:270)
	at org.apache.velocity.util.ClassUtils.getClass(ClassUtils.java:63)
	at org.apache.velocity.util.ClassUtils.getNewInstance(ClassUtils.java:95)
	at org.apache.velocity.runtime.log.LogManager.createLogChute(LogManager.java:147)
	at org.apache.velocity.runtime.log.LogManager.updateLog(LogManager.java:208)
	at org.apache.velocity.runtime.RuntimeInstance.initializeLog(RuntimeInstance.java:728)
	at org.apache.velocity.runtime.RuntimeInstance.init(RuntimeInstance.java:240)
	at org.apache.velocity.runtime.RuntimeSingleton.init(RuntimeSingleton.java:113)
	at org.apache.velocity.app.Velocity.init(Velocity.java:83)
	at com.amazonaws.mturk.util.VelocityUtil.doMerge(VelocityUtil.java:34)
	at com.amazonaws.mturk.addon.HITProperties.getMaxAssignments(HITProperties.java:268)
	at com.amazonaws.mturk.cmd.LoadHITs.loadHITs(LoadHITs.java:226)
	at com.amazonaws.mturk.cmd.LoadHITs.runCommand(LoadHITs.java:120)
	at com.amazonaws.mturk.cmd.AbstractCmd.run(AbstractCmd.java:148)
	at com.amazonaws.mturk.cmd.LoadHITs.main(LoadHITs.java:55)
Caused by: java.lang.ClassNotFoundException: org.apache.log.format.Formatter
	at java.net.URLClassLoader$1.run(URLClassLoader.java:217)
	at java.security.AccessController.doPrivileged(Native Method)
	at java.net.URLClassLoader.findClass(URLClassLoader.java:205)
	at java.lang.ClassLoader.loadClass(ClassLoader.java:323)
	at sun.misc.Launcher$AppClassLoader.loadClass(Launcher.java:294)
	at java.lang.ClassLoader.loadClass(ClassLoader.java:268)
	... 16 more
2014-02-01 18:48:28,365 - Couldn't find class org.apache.velocity.runtime.log.AvalonLogChute or necessary supporting classes in classpath.
java.lang.NoClassDefFoundError: org/apache/log/format/Formatter
	at java.lang.Class.forName0(Native Method)
	at java.lang.Class.forName(Class.java:270)
	at org.apache.velocity.util.ClassUtils.getClass(ClassUtils.java:63)
	at org.apache.velocity.util.ClassUtils.getNewInstance(ClassUtils.java:95)
	at org.apache.velocity.runtime.log.LogManager.createLogChute(LogManager.java:147)
	at org.apache.velocity.runtime.log.LogManager.updateLog(LogManager.java:208)
	at org.apache.velocity.runtime.RuntimeInstance.initializeLog(RuntimeInstance.java:728)
	at org.apache.velocity.runtime.RuntimeInstance.init(RuntimeInstance.java:240)
	at org.apache.velocity.runtime.RuntimeSingleton.init(RuntimeSingleton.java:113)
	at org.apache.velocity.app.Velocity.init(Velocity.java:83)
	at com.amazonaws.mturk.util.VelocityUtil.doMerge(VelocityUtil.java:34)
	at com.amazonaws.mturk.addon.HITProperties.getMaxAssignments(HITProperties.java:268)
	at com.amazonaws.mturk.cmd.LoadHITs.loadHITs(LoadHITs.java:226)
	at com.amazonaws.mturk.cmd.LoadHITs.runCommand(LoadHITs.java:120)
	at com.amazonaws.mturk.cmd.AbstractCmd.run(AbstractCmd.java:148)
	at com.amazonaws.mturk.cmd.LoadHITs.main(LoadHITs.java:55)
Caused by: java.lang.ClassNotFoundException: org.apache.log.format.Formatter
	at java.net.URLClassLoader$1.run(URLClassLoader.java:217)
	at java.security.AccessController.doPrivileged(Native Method)
	at java.net.URLClassLoader.findClass(URLClassLoader.java:205)
	at java.lang.ClassLoader.loadClass(ClassLoader.java:323)
	at sun.misc.Launcher$AppClassLoader.loadClass(Launcher.java:294)
	at java.lang.ClassLoader.loadClass(ClassLoader.java:268)
	... 16 more
2014-02-01 18:48:28,365 - Trying to use logger class org.apache.velocity.runtime.log.Log4JLogChute
2014-02-01 18:48:28,365 - Trying to use logger class org.apache.velocity.runtime.log.Log4JLogChute
2014-02-01 18:48:28,365 - Using logger class org.apache.velocity.runtime.log.Log4JLogChute
2014-02-01 18:48:28,365 - Using logger class org.apache.velocity.runtime.log.Log4JLogChute
2014-02-01 18:48:28,366 - Default ResourceManager initializing. (class org.apache.velocity.runtime.resource.ResourceManagerImpl)
2014-02-01 18:48:28,366 - Default ResourceManager initializing. (class org.apache.velocity.runtime.resource.ResourceManagerImpl)
2014-02-01 18:48:28,366 - ResourceLoader instantiated: org.apache.velocity.runtime.resource.loader.FileResourceLoader
2014-02-01 18:48:28,366 - ResourceLoader instantiated: org.apache.velocity.runtime.resource.loader.FileResourceLoader
2014-02-01 18:48:28,366 - Do unicode file recognition:  false
2014-02-01 18:48:28,366 - Do unicode file recognition:  false
2014-02-01 18:48:28,366 - FileResourceLoader : adding path '.'
2014-02-01 18:48:28,366 - FileResourceLoader : adding path '.'
2014-02-01 18:48:28,366 - ResourceCache: initialized (class org.apache.velocity.runtime.resource.ResourceCacheImpl)
2014-02-01 18:48:28,366 - ResourceCache: initialized (class org.apache.velocity.runtime.resource.ResourceCacheImpl)
2014-02-01 18:48:28,366 - Loaded System Directive: org.apache.velocity.runtime.directive.Literal
2014-02-01 18:48:28,366 - Loaded System Directive: org.apache.velocity.runtime.directive.Literal
2014-02-01 18:48:28,366 - Loaded System Directive: org.apache.velocity.runtime.directive.Macro
2014-02-01 18:48:28,366 - Loaded System Directive: org.apache.velocity.runtime.directive.Macro
2014-02-01 18:48:28,366 - Loaded System Directive: org.apache.velocity.runtime.directive.Parse
2014-02-01 18:48:28,366 - Loaded System Directive: org.apache.velocity.runtime.directive.Parse
2014-02-01 18:48:28,366 - Loaded System Directive: org.apache.velocity.runtime.directive.Include
2014-02-01 18:48:28,366 - Loaded System Directive: org.apache.velocity.runtime.directive.Include
2014-02-01 18:48:28,366 - Loaded System Directive: org.apache.velocity.runtime.directive.Foreach
2014-02-01 18:48:28,366 - Loaded System Directive: org.apache.velocity.runtime.directive.Foreach
2014-02-01 18:48:28,368 - Created '20' parsers.
2014-02-01 18:48:28,368 - Created '20' parsers.
2014-02-01 18:48:28,368 - Velocimacro : "velocimacro.library" is not set.  Trying default library: VM_global_library.vm
2014-02-01 18:48:28,368 - Velocimacro : "velocimacro.library" is not set.  Trying default library: VM_global_library.vm
2014-02-01 18:48:28,368 - Velocimacro : Default library not found.
2014-02-01 18:48:28,368 - Velocimacro : Default library not found.
2014-02-01 18:48:28,368 - Velocimacro : allowInline = true : VMs can be defined inline in templates
2014-02-01 18:48:28,368 - Velocimacro : allowInline = true : VMs can be defined inline in templates
2014-02-01 18:48:28,368 - Velocimacro : allowInlineToOverride = false : VMs defined inline may NOT replace previous VM definitions
2014-02-01 18:48:28,368 - Velocimacro : allowInlineToOverride = false : VMs defined inline may NOT replace previous VM definitions
2014-02-01 18:48:28,368 - Velocimacro : allowInlineLocal = false : VMs defined inline will be global in scope if allowed.
2014-02-01 18:48:28,368 - Velocimacro : allowInlineLocal = false : VMs defined inline will be global in scope if allowed.
2014-02-01 18:48:28,368 - Velocimacro : autoload off : VM system will not automatically reload global library macros
2014-02-01 18:48:28,368 - Velocimacro : autoload off : VM system will not automatically reload global library macros
