[06.02.2014 14:36:06][AnnoTool][1] -> AnnoTool Version 0.3.14 is starting up, running on Linux System
[06.02.2014 14:36:06][AnnoTool][1] -> Using Qt rendering engine.
[06.02.2014 14:36:06][AnnoTool][1] -> Loading IDL annotation datasets from [/afs/cs.stanford.edu/u/andriluka/code/mechturk/hits/7-16-sacramento/results_by_worker_7-16-sacramento/0386_A2JVJ7J2MVGW9S.al].
[06.02.2014 14:36:06][AnnoTool][1] -> Loaded 386 IDL annotation datasets.
[06.02.2014 14:36:06][AnnoTool][1] -> Loaded project '0386_A2JVJ7J2MVGW9S.al': 0 classes, 386 AnnotationFiles.
[06.02.2014 14:38:18][AnnoTool][1] -> AnnoTool is shutting down.
[06.02.2014 14:40:23][AnnoTool][1] -> AnnoTool Version 0.3.14 is starting up, running on Linux System
[06.02.2014 14:40:23][AnnoTool][1] -> Using Qt rendering engine.
[06.02.2014 14:40:23][AnnoTool][1] -> Loading IDL annotation datasets from [/afs/cs.stanford.edu/u/andriluka/code/mechturk/hits/7-16-sacramento/results_by_worker_7-16-sacramento/0126_A2ELUC3YKQAJ92.al].
[06.02.2014 14:40:24][AnnoTool][1] -> Loaded 126 IDL annotation datasets.
[06.02.2014 14:40:24][AnnoTool][1] -> Loaded project '0126_A2ELUC3YKQAJ92.al': 0 classes, 126 AnnotationFiles.
[06.02.2014 14:41:05][AnnoTool][1] -> AnnoTool is shutting down.
[06.02.2014 14:42:42][AnnoTool][1] -> AnnoTool Version 0.3.14 is starting up, running on Linux System
[06.02.2014 14:42:42][AnnoTool][1] -> Using Qt rendering engine.
[06.02.2014 14:42:42][AnnoTool][1] -> Loading IDL annotation datasets from [/afs/cs.stanford.edu/u/andriluka/code/mechturk/hits/7-16-sacramento/results_by_worker_7-16-sacramento/0010_A3SKQPPOKCZU88.al].
[06.02.2014 14:42:42][AnnoTool][1] -> Loaded 10 IDL annotation datasets.
[06.02.2014 14:42:42][AnnoTool][1] -> Loaded project '0010_A3SKQPPOKCZU88.al': 0 classes, 10 AnnotationFiles.
[06.02.2014 14:43:34][AnnoTool][1] -> AnnoTool is shutting down.
[07.02.2014 13:05:32][AnnoTool][1] -> AnnoTool Version 0.3.14 is starting up, running on Linux System
[07.02.2014 13:05:32][AnnoTool][1] -> Using Qt rendering engine.
[07.02.2014 13:05:32][AnnoTool][1] -> Loading IDL annotation datasets from [/afs/cs.stanford.edu/u/andriluka/code/mechturk/hits/7-16-sacramento/results_by_worker_7-16-sacramento/0386_A2JVJ7J2MVGW9S.al].
[07.02.2014 13:05:33][AnnoTool][1] -> Loaded 386 IDL annotation datasets.
[07.02.2014 13:05:33][AnnoTool][1] -> Loaded project '0386_A2JVJ7J2MVGW9S.al': 0 classes, 386 AnnotationFiles.
[07.02.2014 13:12:40][AnnoTool][1] -> AnnoTool is shutting down.
[07.02.2014 13:21:23][AnnoTool][1] -> AnnoTool Version 0.3.14 is starting up, running on Linux System
[07.02.2014 13:21:23][AnnoTool][1] -> Using Qt rendering engine.
[07.02.2014 13:21:23][AnnoTool][1] -> Loading IDL annotation datasets from [/afs/cs.stanford.edu/u/andriluka/code/mechturk/hits/7-16-sacramento/results_by_worker_7-16-sacramento/0386_A2JVJ7J2MVGW9S.al].
[07.02.2014 13:21:23][AnnoTool][1] -> Loaded 386 IDL annotation datasets.
[07.02.2014 13:21:23][AnnoTool][1] -> Loaded project '0386_A2JVJ7J2MVGW9S.al': 0 classes, 386 AnnotationFiles.
[07.02.2014 13:30:02][AnnoTool][1] -> AnnoTool is shutting down.
[07.02.2014 13:30:25][AnnoTool][1] -> AnnoTool Version 0.3.14 is starting up, running on Linux System
[07.02.2014 13:30:25][AnnoTool][1] -> Using Qt rendering engine.
[07.02.2014 13:30:26][AnnoTool][1] -> Loading IDL annotation datasets from [/afs/cs.stanford.edu/u/andriluka/code/mechturk/hits/7-16-sacramento/results_by_worker_7-16-sacramento/0126_A2ELUC3YKQAJ92.al].
[07.02.2014 13:30:26][AnnoTool][1] -> Loaded 126 IDL annotation datasets.
[07.02.2014 13:30:26][AnnoTool][1] -> Loaded project '0126_A2ELUC3YKQAJ92.al': 0 classes, 126 AnnotationFiles.
[07.02.2014 13:33:29][AnnoTool][1] -> AnnoTool Version 0.3.14 is starting up, running on Linux System
[07.02.2014 13:33:29][AnnoTool][1] -> Using Qt rendering engine.
[07.02.2014 13:33:29][AnnoTool][1] -> Loading IDL annotation datasets from [/afs/cs.stanford.edu/u/andriluka/code/mechturk/hits/7-16-sacramento/results_by_worker_7-16-sacramento/0087_A2O0Q31A1VUR9J.al].
[07.02.2014 13:33:29][AnnoTool][1] -> Loaded 87 IDL annotation datasets.
[07.02.2014 13:33:29][AnnoTool][1] -> Loaded project '0087_A2O0Q31A1VUR9J.al': 0 classes, 87 AnnotationFiles.
[07.02.2014 13:35:51][AnnoTool][1] -> AnnoTool is shutting down.
[07.02.2014 13:36:00][AnnoTool][1] -> AnnoTool Version 0.3.14 is starting up, running on Linux System
[07.02.2014 13:36:00][AnnoTool][1] -> Using Qt rendering engine.
[07.02.2014 13:36:00][AnnoTool][1] -> Loading IDL annotation datasets from [/afs/cs.stanford.edu/u/andriluka/code/mechturk/hits/7-16-sacramento/results_by_worker_7-16-sacramento/0067_A234WZ4KX8IW07.al].
[07.02.2014 13:36:00][AnnoTool][1] -> Loaded 67 IDL annotation datasets.
[07.02.2014 13:36:00][AnnoTool][1] -> Loaded project '0067_A234WZ4KX8IW07.al': 0 classes, 67 AnnotationFiles.
[07.02.2014 13:37:07][AnnoTool][1] -> AnnoTool is shutting down.
[07.02.2014 13:39:41][AnnoTool][1] -> AnnoTool Version 0.3.14 is starting up, running on Linux System
[07.02.2014 13:39:41][AnnoTool][1] -> Using Qt rendering engine.
[07.02.2014 13:39:41][AnnoTool][1] -> Loading IDL annotation datasets from [/afs/cs.stanford.edu/u/andriluka/code/mechturk/hits/7-16-sacramento/results_by_worker_7-16-sacramento/0065_A30M7MYW1BHQN1.al].
[07.02.2014 13:39:41][AnnoTool][1] -> Loaded 65 IDL annotation datasets.
[07.02.2014 13:39:41][AnnoTool][1] -> Loaded project '0065_A30M7MYW1BHQN1.al': 0 classes, 65 AnnotationFiles.
[07.02.2014 13:42:10][AnnoTool][1] -> AnnoTool is shutting down.
[07.02.2014 13:42:21][AnnoTool][1] -> AnnoTool Version 0.3.14 is starting up, running on Linux System
[07.02.2014 13:42:21][AnnoTool][1] -> Using Qt rendering engine.
[07.02.2014 13:42:21][AnnoTool][1] -> Loading IDL annotation datasets from [/afs/cs.stanford.edu/u/andriluka/code/mechturk/hits/7-16-sacramento/results_by_worker_7-16-sacramento/0050_A1ZJKOXQ9VW1PH.al].
[07.02.2014 13:42:22][AnnoTool][1] -> Loaded 50 IDL annotation datasets.
[07.02.2014 13:42:22][AnnoTool][1] -> Loaded project '0050_A1ZJKOXQ9VW1PH.al': 0 classes, 50 AnnotationFiles.
[07.02.2014 13:48:47][AnnoTool][1] -> AnnoTool is shutting down.
[07.02.2014 13:49:41][AnnoTool][1] -> AnnoTool Version 0.3.14 is starting up, running on Linux System
[07.02.2014 13:49:42][AnnoTool][1] -> Using Qt rendering engine.
[07.02.2014 13:49:42][AnnoTool][1] -> Loading IDL annotation datasets from [/afs/cs.stanford.edu/u/andriluka/code/mechturk/hits/7-16-sacramento/results_by_worker_7-16-sacramento/0029_APLQSM4J9E6LR.al].
[07.02.2014 13:49:42][AnnoTool][1] -> Loaded 29 IDL annotation datasets.
[07.02.2014 13:49:42][AnnoTool][1] -> Loaded project '0029_APLQSM4J9E6LR.al': 0 classes, 29 AnnotationFiles.
[07.02.2014 13:50:43][AnnoTool][1] -> AnnoTool is shutting down.
[07.02.2014 13:50:53][AnnoTool][1] -> AnnoTool Version 0.3.14 is starting up, running on Linux System
[07.02.2014 13:50:53][AnnoTool][1] -> Using Qt rendering engine.
[07.02.2014 13:50:53][AnnoTool][1] -> Loading IDL annotation datasets from [/afs/cs.stanford.edu/u/andriluka/code/mechturk/hits/7-16-sacramento/results_by_worker_7-16-sacramento/0029_APLQSM4J9E6LR.al].
[07.02.2014 13:50:53][AnnoTool][1] -> Loaded 29 IDL annotation datasets.
[07.02.2014 13:50:53][AnnoTool][1] -> Loaded project '0029_APLQSM4J9E6LR.al': 0 classes, 29 AnnotationFiles.
[07.02.2014 13:55:29][AnnoTool][1] -> AnnoTool Version 0.3.14 is starting up, running on Linux System
[07.02.2014 13:55:29][AnnoTool][1] -> Using Qt rendering engine.
[07.02.2014 13:55:29][AnnoTool][1] -> Loading IDL annotation datasets from [/afs/cs.stanford.edu/u/andriluka/code/mechturk/hits/7-16-sacramento/results_by_worker_7-16-sacramento/0050_A1ZJKOXQ9VW1PH.al].
[07.02.2014 13:55:29][AnnoTool][1] -> Loaded 50 IDL annotation datasets.
[07.02.2014 13:55:29][AnnoTool][1] -> Loaded project '0050_A1ZJKOXQ9VW1PH.al': 0 classes, 50 AnnotationFiles.
[07.02.2014 14:57:04][AnnoTool][1] -> AnnoTool Version 0.3.14 is starting up, running on Linux System
[07.02.2014 14:57:04][AnnoTool][1] -> Using Qt rendering engine.
[07.02.2014 14:57:04][AnnoTool][1] -> Loading IDL annotation datasets from [/afs/cs.stanford.edu/u/andriluka/code/mechturk/hits/7-16-sacramento/results_by_worker_7-16-sacramento/0050_A1ZJKOXQ9VW1PH.al].
[07.02.2014 14:57:04][AnnoTool][1] -> Loaded 50 IDL annotation datasets.
[07.02.2014 14:57:04][AnnoTool][1] -> Loaded project '0050_A1ZJKOXQ9VW1PH.al': 0 classes, 50 AnnotationFiles.
[07.02.2014 15:05:50][AnnoTool][1] -> AnnoTool Version 0.3.14 is starting up, running on Linux System
[07.02.2014 15:05:50][AnnoTool][1] -> Using Qt rendering engine.
[07.02.2014 15:05:50][AnnoTool][1] -> Loading IDL annotation datasets from [/afs/cs.stanford.edu/u/andriluka/code/mechturk/hits/7-16-sacramento/results_by_worker_7-16-sacramento/0386_A2JVJ7J2MVGW9S.al].
[07.02.2014 15:05:50][AnnoTool][1] -> Loaded 386 IDL annotation datasets.
[07.02.2014 15:05:50][AnnoTool][1] -> Loaded project '0386_A2JVJ7J2MVGW9S.al': 0 classes, 386 AnnotationFiles.
