2014-02-05 12:15:44,594 - FileResourceLoader : adding path '/afs/cs.stanford.edu/u/andriluka/code/mechturk/hits/7-16-sacramento-v2'
2014-02-05 12:15:44,605 - ResourceCache: initialized (class org.apache.velocity.runtime.resource.ResourceCacheImpl)
2014-02-05 12:15:44,607 - Loaded System Directive: org.apache.velocity.runtime.directive.Literal
2014-02-05 12:15:44,608 - Loaded System Directive: org.apache.velocity.runtime.directive.Macro
2014-02-05 12:15:44,609 - Loaded System Directive: org.apache.velocity.runtime.directive.Parse
2014-02-05 12:15:44,610 - Loaded System Directive: org.apache.velocity.runtime.directive.Include
2014-02-05 12:15:44,610 - Loaded System Directive: org.apache.velocity.runtime.directive.Foreach
2014-02-05 12:15:44,627 - Created '20' parsers.
2014-02-05 12:15:44,631 - Velocimacro : "velocimacro.library" is not set.  Trying default library: VM_global_library.vm
2014-02-05 12:15:44,631 - Velocimacro : Default library not found.
2014-02-05 12:15:44,631 - Velocimacro : allowInline = true : VMs can be defined inline in templates
2014-02-05 12:15:44,631 - Velocimacro : allowInlineToOverride = false : VMs defined inline may NOT replace previous VM definitions
2014-02-05 12:15:44,632 - Velocimacro : allowInlineLocal = false : VMs defined inline will be global in scope if allowed.
2014-02-05 12:15:44,632 - Velocimacro : autoload off : VM system will not automatically reload global library macros
2014-02-05 12:15:44,637 - ResourceManager : found question with loader org.apache.velocity.runtime.resource.loader.FileResourceLoader
2014-02-05 12:15:44,642 - Log4JLogChute initialized using file 'velocity.log'
2014-02-05 12:15:44,642 - Starting Apache Velocity v1.5 (compiled: 2007-02-22 08:52:29)
2014-02-05 12:15:44,642 - Default Properties File: org/apache/velocity/runtime/defaults/velocity.properties
2014-02-05 12:15:44,642 - Trying to use logger class org.apache.velocity.runtime.log.AvalonLogChute
2014-02-05 12:15:44,642 - Couldn't find class org.apache.velocity.runtime.log.AvalonLogChute or necessary supporting classes in classpath.
java.lang.NoClassDefFoundError: org/apache/log/format/Formatter
	at java.lang.Class.forName0(Native Method)
	at java.lang.Class.forName(Class.java:270)
	at org.apache.velocity.util.ClassUtils.getClass(ClassUtils.java:63)
	at org.apache.velocity.util.ClassUtils.getNewInstance(ClassUtils.java:95)
	at org.apache.velocity.runtime.log.LogManager.createLogChute(LogManager.java:147)
	at org.apache.velocity.runtime.log.LogManager.updateLog(LogManager.java:208)
	at org.apache.velocity.runtime.RuntimeInstance.initializeLog(RuntimeInstance.java:728)
	at org.apache.velocity.runtime.RuntimeInstance.init(RuntimeInstance.java:240)
	at org.apache.velocity.runtime.RuntimeSingleton.init(RuntimeSingleton.java:113)
	at org.apache.velocity.app.Velocity.init(Velocity.java:83)
	at com.amazonaws.mturk.util.VelocityUtil.doMerge(VelocityUtil.java:34)
	at com.amazonaws.mturk.addon.HITProperties.getMaxAssignments(HITProperties.java:268)
	at com.amazonaws.mturk.cmd.LoadHITs.loadHITs(LoadHITs.java:226)
	at com.amazonaws.mturk.cmd.LoadHITs.runCommand(LoadHITs.java:120)
	at com.amazonaws.mturk.cmd.AbstractCmd.run(AbstractCmd.java:148)
	at com.amazonaws.mturk.cmd.LoadHITs.main(LoadHITs.java:55)
Caused by: java.lang.ClassNotFoundException: org.apache.log.format.Formatter
	at java.net.URLClassLoader$1.run(URLClassLoader.java:217)
	at java.security.AccessController.doPrivileged(Native Method)
	at java.net.URLClassLoader.findClass(URLClassLoader.java:205)
	at java.lang.ClassLoader.loadClass(ClassLoader.java:323)
	at sun.misc.Launcher$AppClassLoader.loadClass(Launcher.java:294)
	at java.lang.ClassLoader.loadClass(ClassLoader.java:268)
	... 16 more
2014-02-05 12:15:44,643 - Trying to use logger class org.apache.velocity.runtime.log.Log4JLogChute
2014-02-05 12:15:44,643 - Using logger class org.apache.velocity.runtime.log.Log4JLogChute
2014-02-05 12:15:44,643 - Default ResourceManager initializing. (class org.apache.velocity.runtime.resource.ResourceManagerImpl)
2014-02-05 12:15:44,643 - ResourceLoader instantiated: org.apache.velocity.runtime.resource.loader.FileResourceLoader
2014-02-05 12:15:44,643 - Do unicode file recognition:  false
2014-02-05 12:15:44,643 - FileResourceLoader : adding path '.'
2014-02-05 12:15:44,643 - ResourceCache: initialized (class org.apache.velocity.runtime.resource.ResourceCacheImpl)
2014-02-05 12:15:44,643 - Loaded System Directive: org.apache.velocity.runtime.directive.Literal
2014-02-05 12:15:44,643 - Loaded System Directive: org.apache.velocity.runtime.directive.Macro
2014-02-05 12:15:44,643 - Loaded System Directive: org.apache.velocity.runtime.directive.Parse
2014-02-05 12:15:44,644 - Loaded System Directive: org.apache.velocity.runtime.directive.Include
2014-02-05 12:15:44,644 - Loaded System Directive: org.apache.velocity.runtime.directive.Foreach
2014-02-05 12:15:44,645 - Created '20' parsers.
2014-02-05 12:15:44,645 - Velocimacro : "velocimacro.library" is not set.  Trying default library: VM_global_library.vm
2014-02-05 12:15:44,645 - Velocimacro : Default library not found.
2014-02-05 12:15:44,645 - Velocimacro : allowInline = true : VMs can be defined inline in templates
2014-02-05 12:15:44,645 - Velocimacro : allowInlineToOverride = false : VMs defined inline may NOT replace previous VM definitions
2014-02-05 12:15:44,645 - Velocimacro : allowInlineLocal = false : VMs defined inline will be global in scope if allowed.
2014-02-05 12:15:44,645 - Velocimacro : autoload off : VM system will not automatically reload global library macros
g4JLogChute
2014-02-05 12:15:44,643 - Using logger class org.apache.velocity.runtime.log.Log4JLogChute
2014-02-05 12:15:44,643 - Default ResourceManager initializing. (class org.apache.velocity.runtime.resource.ResourceManagerImpl)
2014-02-05 12:15:44,643 - ResourceLoader instantiated: org.apache.velocity.runtime.resource.loader.FileResourceLoader
2014-02-05 12:15:44,643 - Do unicode file recognition:  false
2014-02-05 12:15:44,643 - FileResourceLoader : adding path '.'
2014-02-05 12:15:44,643 - ResourceCache: initialized (class org.apache.velocity.runtime.resource.ResourceCacheImpl)
2014-02-05 12:15:44,643 - Loaded System Directive: org.apache.velocity.runtime.directive.Literal
2014-02-05 12:15:44,643 - Loaded System Directive: org.apache.velocity.runtime.directive.Macro
2014-02-05 12:15:44,643 - Loaded System Directive: org.apache.velocity.runtime.directive.Parse
2014-02-05 12:15:44,644 - Loaded System Directive: org.apache.velocity.runtime.directive.Include
2014-02-05 12:15:44,644 - Loaded System Directive: org.apache.velocity.runtime.directive.Foreach
2014-02-05 12:15:44,645 - Created '20' parsers.
2014-02-05 12:15:44,645 - Velocimacro : "velocimacro.library" is not set.  Trying default library: VM_global_library.vm
2014-02-05 12:15:44,645 - Velocimacro : Default library not found.
2014-02-05 12:15:44,645 - Velocimacro : allowInline = true : VMs can be defined inline in templates
2014-02-05 12:15:44,645 - Velocimacro : allowInlineToOverride = false : VMs defined inline may NOT replace previous VM definitions
2014-02-05 12:15:44,645 - Velocimacro : allowInlineLocal = false : VMs defined inline will be global in scope if allowed.
2014-02-05 12:15:44,645 - Velocimacro : autoload off : VM system will not automatically reload global library macros
2014-02-05 12:18:33,974 - Log4JLogChute initialized using file 'velocity.log'
2014-02-05 12:18:33,975 - Starting Apache Velocity v1.5 (compiled: 2007-02-22 08:52:29)
2014-02-05 12:18:33,975 - Default Properties File: org/apache/velocity/runtime/defaults/velocity.properties
2014-02-05 12:18:33,975 - Trying to use logger class org.apache.velocity.runtime.log.AvalonLogChute
2014-02-05 12:18:33,975 - Couldn't find class org.apache.velocity.runtime.log.AvalonLogChute or necessary supporting classes in classpath.
java.lang.NoClassDefFoundError: org/apache/log/format/Formatter
	at java.lang.Class.forName0(Native Method)
	at java.lang.Class.forName(Class.java:270)
	at org.apache.velocity.util.ClassUtils.getClass(ClassUtils.java:63)
	at org.apache.velocity.util.ClassUtils.getNewInstance(ClassUtils.java:95)
	at org.apache.velocity.runtime.log.LogManager.createLogChute(LogManager.java:147)
	at org.apache.velocity.runtime.log.LogManager.updateLog(LogManager.java:208)
	at org.apache.velocity.runtime.RuntimeInstance.initializeLog(RuntimeInstance.java:728)
	at org.apache.velocity.runtime.RuntimeInstance.init(RuntimeInstance.java:240)
	at org.apache.velocity.runtime.RuntimeInstance.init(RuntimeInstance.java:534)
	at org.apache.velocity.app.VelocityEngine.init(VelocityEngine.java:144)
	at com.amazonaws.mturk.addon.HITQuestion.<init>(HITQuestion.java:69)
	at com.amazonaws.mturk.cmd.LoadHITs.loadHITs(LoadHITs.java:185)
	at com.amazonaws.mturk.cmd.LoadHITs.runCommand(LoadHITs.java:120)
	at com.amazonaws.mturk.cmd.AbstractCmd.run(AbstractCmd.java:148)
	at com.amazonaws.mturk.cmd.LoadHITs.main(LoadHITs.java:55)
Caused by: java.lang.ClassNotFoundException: org.apache.log.format.Formatter
	at java.net.URLClassLoader$1.run(URLClassLoader.java:217)
	at java.security.AccessController.doPrivileged(Native Method)
	at java.net.URLClassLoader.findClass(URLClassLoader.java:205)
	at java.lang.ClassLoader.loadClass(ClassLoader.java:323)
	at sun.misc.Launcher$AppClassLoader.loadClass(Launcher.java:294)
	at java.lang.ClassLoader.loadClass(ClassLoader.java:268)
	... 15 more
2014-02-05 12:18:33,976 - Trying to use logger class org.apache.velocity.runtime.log.Log4JLogChute
2014-02-05 12:18:33,976 - Using logger class org.apache.velocity.runtime.log.Log4JLogChute
2014-02-05 12:18:33,977 - Default ResourceManager initializing. (class org.apache.velocity.runtime.resource.ResourceManagerImpl)
2014-02-05 12:18:33,979 - ResourceLoader instantiated: org.apache.velocity.runtime.resource.loader.FileResourceLoader
2014-02-05 12:18:33,980 - Do unicode file recognition:  false
2014-02-05 12:18:33,980 - FileResourceLoader : adding path '/afs/cs.stanford.edu/u/andriluka/code/mechturk/hits/7-16-sacramento-v2'
2014-02-05 12:18:33,987 - ResourceCache: initialized (class org.apache.velocity.runtime.resource.ResourceCacheImpl)
2014-02-05 12:18:33,988 - Loaded System Directive: org.apache.velocity.runtime.directive.Literal
2014-02-05 12:18:33,989 - Loaded System Directive: org.apache.velocity.runtime.directive.Macro
2014-02-05 12:18:33,990 - Loaded System Directive: org.apache.velocity.runtime.directive.Parse
2014-02-05 12:18:33,991 - Loaded System Directive: org.apache.velocity.runtime.directive.Include
2014-02-05 12:18:33,992 - Loaded System Directive: org.apache.velocity.runtime.directive.Foreach
2014-02-05 12:18:34,008 - Created '20' parsers.
2014-02-05 12:18:34,013 - Velocimacro : "velocimacro.library" is not set.  Trying default library: VM_global_library.vm
2014-02-05 12:18:34,013 - Velocimacro : Default library not found.
2014-02-05 12:18:34,013 - Velocimacro : allowInline = true : VMs can be defined inline in templates
2014-02-05 12:18:34,013 - Velocimacro : allowInlineToOverride = false : VMs defined inline may NOT replace previous VM definitions
2014-02-05 12:18:34,013 - Velocimacro : allowInlineLocal = false : VMs defined inline will be global in scope if allowed.
2014-02-05 12:18:34,013 - Velocimacro : autoload off : VM system will not automatically reload global library macros
2014-02-05 12:18:34,018 - ResourceManager : found question with loader org.apache.velocity.runtime.resource.loader.FileResourceLoader
2014-02-05 12:18:34,024 - Log4JLogChute initialized using file 'velocity.log'
2014-02-05 12:18:34,024 - Log4JLogChute initialized using file 'velocity.log'
2014-02-05 12:18:34,024 - Starting Apache Velocity v1.5 (compiled: 2007-02-22 08:52:29)
2014-02-05 12:18:34,024 - Starting Apache Velocity v1.5 (compiled: 2007-02-22 08:52:29)
2014-02-05 12:18:34,024 - Default Properties File: org/apache/velocity/runtime/defaults/velocity.properties
2014-02-05 12:18:34,024 - Default Properties File: org/apache/velocity/runtime/defaults/velocity.properties
2014-02-05 12:18:34,024 - Trying to use logger class org.apache.velocity.runtime.log.AvalonLogChute
2014-02-05 12:18:34,024 - Trying to use logger class org.apache.velocity.runtime.log.AvalonLogChute
2014-02-05 12:18:34,024 - Couldn't find class org.apache.velocity.runtime.log.AvalonLogChute or necessary supporting classes in classpath.
java.lang.NoClassDefFoundError: org/apache/log/format/Formatter
	at java.lang.Class.forName0(Native Method)
	at java.lang.Class.forName(Class.java:270)
	at org.apache.velocity.util.ClassUtils.getClass(ClassUtils.java:63)
	at org.apache.velocity.util.ClassUtils.getNewInstance(ClassUtils.java:95)
	at org.apache.velocity.runtime.log.LogManager.createLogChute(LogManager.java:147)
	at org.apache.velocity.runtime.log.LogManager.updateLog(LogManager.java:208)
	at org.apache.velocity.runtime.RuntimeInstance.initializeLog(RuntimeInstance.java:728)
	at org.apache.velocity.runtime.RuntimeInstance.init(RuntimeInstance.java:240)
	at org.apache.velocity.runtime.RuntimeSingleton.init(RuntimeSingleton.java:113)
	at org.apache.velocity.app.Velocity.init(Velocity.java:83)
	at com.amazonaws.mturk.util.VelocityUtil.doMerge(VelocityUtil.java:34)
	at com.amazonaws.mturk.addon.HITProperties.getMaxAssignments(HITProperties.java:268)
	at com.amazonaws.mturk.cmd.LoadHITs.loadHITs(LoadHITs.java:226)
	at com.amazonaws.mturk.cmd.LoadHITs.runCommand(LoadHITs.java:120)
	at com.amazonaws.mturk.cmd.AbstractCmd.run(AbstractCmd.java:148)
	at com.amazonaws.mturk.cmd.LoadHITs.main(LoadHITs.java:55)
Caused by: java.lang.ClassNotFoundException: org.apache.log.format.Formatter
	at java.net.URLClassLoader$1.run(URLClassLoader.java:217)
	at java.security.AccessController.doPrivileged(Native Method)
	at java.net.URLClassLoader.findClass(URLClassLoader.java:205)
	at java.lang.ClassLoader.loadClass(ClassLoader.java:323)
	at sun.misc.Launcher$AppClassLoader.loadClass(Launcher.java:294)
	at java.lang.ClassLoader.loadClass(ClassLoader.java:268)
	... 16 more
2014-02-05 12:18:34,024 - Couldn't find class org.apache.velocity.runtime.log.AvalonLogChute or necessary supporting classes in classpath.
java.lang.NoClassDefFoundError: org/apache/log/format/Formatter
	at java.lang.Class.forName0(Native Method)
	at java.lang.Class.forName(Class.java:270)
	at org.apache.velocity.util.ClassUtils.getClass(ClassUtils.java:63)
	at org.apache.velocity.util.ClassUtils.getNewInstance(ClassUtils.java:95)
	at org.apache.velocity.runtime.log.LogManager.createLogChute(LogManager.java:147)
	at org.apache.velocity.runtime.log.LogManager.updateLog(LogManager.java:208)
	at org.apache.velocity.runtime.RuntimeInstance.initializeLog(RuntimeInstance.java:728)
	at org.apache.velocity.runtime.RuntimeInstance.init(RuntimeInstance.java:240)
	at org.apache.velocity.runtime.RuntimeSingleton.init(RuntimeSingleton.java:113)
	at org.apache.velocity.app.Velocity.init(Velocity.java:83)
	at com.amazonaws.mturk.util.VelocityUtil.doMerge(VelocityUtil.java:34)
	at com.amazonaws.mturk.addon.HITProperties.getMaxAssignments(HITProperties.java:268)
	at com.amazonaws.mturk.cmd.LoadHITs.loadHITs(LoadHITs.java:226)
	at com.amazonaws.mturk.cmd.LoadHITs.runCommand(LoadHITs.java:120)
	at com.amazonaws.mturk.cmd.AbstractCmd.run(AbstractCmd.java:148)
	at com.amazonaws.mturk.cmd.LoadHITs.main(LoadHITs.java:55)
Caused by: java.lang.ClassNotFoundException: org.apache.log.format.Formatter
	at java.net.URLClassLoader$1.run(URLClassLoader.java:217)
	at java.security.AccessController.doPrivileged(Native Method)
	at java.net.URLClassLoader.findClass(URLClassLoader.java:205)
	at java.lang.ClassLoader.loadClass(ClassLoader.java:323)
	at sun.misc.Launcher$AppClassLoader.loadClass(Launcher.java:294)
	at java.lang.ClassLoader.loadClass(ClassLoader.java:268)
	... 16 more
2014-02-05 12:18:34,024 - Trying to use logger class org.apache.velocity.runtime.log.Log4JLogChute
2014-02-05 12:18:34,024 - Trying to use logger class org.apache.velocity.runtime.log.Log4JLogChute
2014-02-05 12:18:34,024 - Using logger class org.apache.velocity.runtime.log.Log4JLogChute
2014-02-05 12:18:34,024 - Using logger class org.apache.velocity.runtime.log.Log4JLogChute
2014-02-05 12:18:34,024 - Default ResourceManager initializing. (class org.apache.velocity.runtime.resource.ResourceManagerImpl)
2014-02-05 12:18:34,024 - Default ResourceManager initializing. (class org.apache.velocity.runtime.resource.ResourceManagerImpl)
2014-02-05 12:18:34,025 - ResourceLoader instantiated: org.apache.velocity.runtime.resource.loader.FileResourceLoader
2014-02-05 12:18:34,025 - ResourceLoader instantiated: org.apache.velocity.runtime.resource.loader.FileResourceLoader
2014-02-05 12:18:34,025 - Do unicode file recognition:  false
2014-02-05 12:18:34,025 - Do unicode file recognition:  false
2014-02-05 12:18:34,025 - FileResourceLoader : adding path '.'
2014-02-05 12:18:34,025 - FileResourceLoader : adding path '.'
2014-02-05 12:18:34,025 - ResourceCache: initialized (class org.apache.velocity.runtime.resource.ResourceCacheImpl)
2014-02-05 12:18:34,025 - ResourceCache: initialized (class org.apache.velocity.runtime.resource.ResourceCacheImpl)
2014-02-05 12:18:34,025 - Loaded System Directive: org.apache.velocity.runtime.directive.Literal
2014-02-05 12:18:34,025 - Loaded System Directive: org.apache.velocity.runtime.directive.Literal
2014-02-05 12:18:34,025 - Loaded System Directive: org.apache.velocity.runtime.directive.Macro
2014-02-05 12:18:34,025 - Loaded System Directive: org.apache.velocity.runtime.directive.Macro
2014-02-05 12:18:34,025 - Loaded System Directive: org.apache.velocity.runtime.directive.Parse
2014-02-05 12:18:34,025 - Loaded System Directive: org.apache.velocity.runtime.directive.Parse
2014-02-05 12:18:34,025 - Loaded System Directive: org.apache.velocity.runtime.directive.Include
2014-02-05 12:18:34,025 - Loaded System Directive: org.apache.velocity.runtime.directive.Include
2014-02-05 12:18:34,025 - Loaded System Directive: org.apache.velocity.runtime.directive.Foreach
2014-02-05 12:18:34,025 - Loaded System Directive: org.apache.velocity.runtime.directive.Foreach
2014-02-05 12:18:34,026 - Created '20' parsers.
2014-02-05 12:18:34,026 - Created '20' parsers.
2014-02-05 12:18:34,026 - Velocimacro : "velocimacro.library" is not set.  Trying default library: VM_global_library.vm
2014-02-05 12:18:34,026 - Velocimacro : "velocimacro.library" is not set.  Trying default library: VM_global_library.vm
2014-02-05 12:18:34,027 - Velocimacro : Default library not found.
2014-02-05 12:18:34,027 - Velocimacro : Default library not found.
2014-02-05 12:18:34,027 - Velocimacro : allowInline = true : VMs can be defined inline in templates
2014-02-05 12:18:34,027 - Velocimacro : allowInline = true : VMs can be defined inline in templates
2014-02-05 12:18:34,027 - Velocimacro : allowInlineToOverride = false : VMs defined inline may NOT replace previous VM definitions
2014-02-05 12:18:34,027 - Velocimacro : allowInlineToOverride = false : VMs defined inline may NOT replace previous VM definitions
2014-02-05 12:18:34,027 - Velocimacro : allowInlineLocal = false : VMs defined inline will be global in scope if allowed.
2014-02-05 12:18:34,027 - Velocimacro : allowInlineLocal = false : VMs defined inline will be global in scope if allowed.
2014-02-05 12:18:34,027 - Velocimacro : autoload off : VM system will not automatically reload global library macros
2014-02-05 12:18:34,027 - Velocimacro : autoload off : VM system will not automatically reload global library macros
2014-02-05 12:19:12,785 - Log4JLogChute initialized using file 'velocity.log'
2014-02-05 12:19:12,786 - Starting Apache Velocity v1.5 (compiled: 2007-02-22 08:52:29)
2014-02-05 12:19:12,786 - Default Properties File: org/apache/velocity/runtime/defaults/velocity.properties
2014-02-05 12:19:12,786 - Trying to use logger class org.apache.velocity.runtime.log.AvalonLogChute
2014-02-05 12:19:12,786 - Couldn't find class org.apache.velocity.runtime.log.AvalonLogChute or necessary supporting classes in classpath.
java.lang.NoClassDefFoundError: org/apache/log/format/Formatter
	at java.lang.Class.forName0(Native Method)
	at java.lang.Class.forName(Class.java:270)
	at org.apache.velocity.util.ClassUtils.getClass(ClassUtils.java:63)
	at org.apache.velocity.util.ClassUtils.getNewInstance(ClassUtils.java:95)
	at org.apache.velocity.runtime.log.LogManager.createLogChute(LogManager.java:147)
	at org.apache.velocity.runtime.log.LogManager.updateLog(LogManager.java:208)
	at org.apache.velocity.runtime.RuntimeInstance.initializeLog(RuntimeInstance.java:728)
	at org.apache.velocity.runtime.RuntimeInstance.init(RuntimeInstance.java:240)
	at org.apache.velocity.runtime.RuntimeInstance.init(RuntimeInstance.java:534)
	at org.apache.velocity.app.VelocityEngine.init(VelocityEngine.java:144)
	at com.amazonaws.mturk.addon.HITQuestion.<init>(HITQuestion.java:69)
	at com.amazonaws.mturk.cmd.LoadHITs.loadHITs(LoadHITs.java:185)
	at com.amazonaws.mturk.cmd.LoadHITs.runCommand(LoadHITs.java:120)
	at com.amazonaws.mturk.cmd.AbstractCmd.run(AbstractCmd.java:148)
	at com.amazonaws.mturk.cmd.LoadHITs.main(LoadHITs.java:55)
Caused by: java.lang.ClassNotFoundException: org.apache.log.format.Formatter
	at java.net.URLClassLoader$1.run(URLClassLoader.java:217)
	at java.security.AccessController.doPrivileged(Native Method)
	at java.net.URLClassLoader.findClass(URLClassLoader.java:205)
	at java.lang.ClassLoader.loadClass(ClassLoader.java:323)
	at sun.misc.Launcher$AppClassLoader.loadClass(Launcher.java:294)
	at java.lang.ClassLoader.loadClass(ClassLoader.java:268)
	... 15 more
2014-02-05 12:19:12,787 - Trying to use logger class org.apache.velocity.runtime.log.Log4JLogChute
2014-02-05 12:19:12,787 - Using logger class org.apache.velocity.runtime.log.Log4JLogChute
2014-02-05 12:19:12,788 - Default ResourceManager initializing. (class org.apache.velocity.runtime.resource.ResourceManagerImpl)
2014-02-05 12:19:12,790 - ResourceLoader instantiated: org.apache.velocity.runtime.resource.loader.FileResourceLoader
2014-02-05 12:19:12,791 - Do unicode file recognition:  false
2014-02-05 12:19:12,791 - FileResourceLoader : adding path '/afs/cs.stanford.edu/u/andriluka/code/mechturk/hits/7-16-sacramento-v2'
2014-02-05 12:19:12,799 - ResourceCache: initialized (class org.apache.velocity.runtime.resource.ResourceCacheImpl)
2014-02-05 12:19:12,799 - Loaded System Directive: org.apache.velocity.runtime.directive.Literal
2014-02-05 12:19:12,800 - Loaded System Directive: org.apache.velocity.runtime.directive.Macro
2014-02-05 12:19:12,801 - Loaded System Directive: org.apache.velocity.runtime.directive.Parse
2014-02-05 12:19:12,802 - Loaded System Directive: org.apache.velocity.runtime.directive.Include
2014-02-05 12:19:12,803 - Loaded System Directive: org.apache.velocity.runtime.directive.Foreach
2014-02-05 12:19:12,819 - Created '20' parsers.
2014-02-05 12:19:12,824 - Velocimacro : "velocimacro.library" is not set.  Trying default library: VM_global_library.vm
2014-02-05 12:19:12,824 - Velocimacro : Default library not found.
2014-02-05 12:19:12,824 - Velocimacro : allowInline = true : VMs can be defined inline in templates
2014-02-05 12:19:12,824 - Velocimacro : allowInlineToOverride = false : VMs defined inline may NOT replace previous VM definitions
2014-02-05 12:19:12,824 - Velocimacro : allowInlineLocal = false : VMs defined inline will be global in scope if allowed.
2014-02-05 12:19:12,824 - Velocimacro : autoload off : VM system will not automatically reload global library macros
2014-02-05 12:19:12,829 - ResourceManager : found question with loader org.apache.velocity.runtime.resource.loader.FileResourceLoader
2014-02-05 12:19:12,834 - Log4JLogChute initialized using file 'velocity.log'
2014-02-05 12:19:12,834 - Log4JLogChute initialized using file 'velocity.log'
2014-02-05 12:19:12,834 - Starting Apache Velocity v1.5 (compiled: 2007-02-22 08:52:29)
2014-02-05 12:19:12,834 - Starting Apache Velocity v1.5 (compiled: 2007-02-22 08:52:29)
2014-02-05 12:19:12,834 - Default Properties File: org/apache/velocity/runtime/defaults/velocity.properties
2014-02-05 12:19:12,834 - Default Properties File: org/apache/velocity/runtime/defaults/velocity.properties
2014-02-05 12:19:12,834 - Trying to use logger class org.apache.velocity.runtime.log.AvalonLogChute
2014-02-05 12:19:12,834 - Trying to use logger class org.apache.velocity.runtime.log.AvalonLogChute
2014-02-05 12:19:12,834 - Couldn't find class org.apache.velocity.runtime.log.AvalonLogChute or necessary supporting classes in classpath.
java.lang.NoClassDefFoundError: org/apache/log/format/Formatter
	at java.lang.Class.forName0(Native Method)
	at java.lang.Class.forName(Class.java:270)
	at org.apache.velocity.util.ClassUtils.getClass(ClassUtils.java:63)
	at org.apache.velocity.util.ClassUtils.getNewInstance(ClassUtils.java:95)
	at org.apache.velocity.runtime.log.LogManager.createLogChute(LogManager.java:147)
	at org.apache.velocity.runtime.log.LogManager.updateLog(LogManager.java:208)
	at org.apache.velocity.runtime.RuntimeInstance.initializeLog(RuntimeInstance.java:728)
	at org.apache.velocity.runtime.RuntimeInstance.init(RuntimeInstance.java:240)
	at org.apache.velocity.runtime.RuntimeSingleton.init(RuntimeSingleton.java:113)
	at org.apache.velocity.app.Velocity.init(Velocity.java:83)
	at com.amazonaws.mturk.util.VelocityUtil.doMerge(VelocityUtil.java:34)
	at com.amazonaws.mturk.addon.HITProperties.getMaxAssignments(HITProperties.java:268)
	at com.amazonaws.mturk.cmd.LoadHITs.loadHITs(LoadHITs.java:226)
	at com.amazonaws.mturk.cmd.LoadHITs.runCommand(LoadHITs.java:120)
	at com.amazonaws.mturk.cmd.AbstractCmd.run(AbstractCmd.java:148)
	at com.amazonaws.mturk.cmd.LoadHITs.main(LoadHITs.java:55)
Caused by: java.lang.ClassNotFoundException: org.apache.log.format.Formatter
	at java.net.URLClassLoader$1.run(URLClassLoader.java:217)
	at java.security.AccessController.doPrivileged(Native Method)
	at java.net.URLClassLoader.findClass(URLClassLoader.java:205)
	at java.lang.ClassLoader.loadClass(ClassLoader.java:323)
	at sun.misc.Launcher$AppClassLoader.loadClass(Launcher.java:294)
	at java.lang.ClassLoader.loadClass(ClassLoader.java:268)
	... 16 more
2014-02-05 12:19:12,834 - Couldn't find class org.apache.velocity.runtime.log.AvalonLogChute or necessary supporting classes in classpath.
java.lang.NoClassDefFoundError: org/apache/log/format/Formatter
	at java.lang.Class.forName0(Native Method)
	at java.lang.Class.forName(Class.java:270)
	at org.apache.velocity.util.ClassUtils.getClass(ClassUtils.java:63)
	at org.apache.velocity.util.ClassUtils.getNewInstance(ClassUtils.java:95)
	at org.apache.velocity.runtime.log.LogManager.createLogChute(LogManager.java:147)
	at org.apache.velocity.runtime.log.LogManager.updateLog(LogManager.java:208)
	at org.apache.velocity.runtime.RuntimeInstance.initializeLog(RuntimeInstance.java:728)
	at org.apache.velocity.runtime.RuntimeInstance.init(RuntimeInstance.java:240)
	at org.apache.velocity.runtime.RuntimeSingleton.init(RuntimeSingleton.java:113)
	at org.apache.velocity.app.Velocity.init(Velocity.java:83)
	at com.amazonaws.mturk.util.VelocityUtil.doMerge(VelocityUtil.java:34)
	at com.amazonaws.mturk.addon.HITProperties.getMaxAssignments(HITProperties.java:268)
	at com.amazonaws.mturk.cmd.LoadHITs.loadHITs(LoadHITs.java:226)
	at com.amazonaws.mturk.cmd.LoadHITs.runCommand(LoadHITs.java:120)
	at com.amazonaws.mturk.cmd.AbstractCmd.run(AbstractCmd.java:148)
	at com.amazonaws.mturk.cmd.LoadHITs.main(LoadHITs.java:55)
Caused by: java.lang.ClassNotFoundException: org.apache.log.format.Formatter
	at java.net.URLClassLoader$1.run(URLClassLoader.java:217)
	at java.security.AccessController.doPrivileged(Native Method)
	at java.net.URLClassLoader.findClass(URLClassLoader.java:205)
	at java.lang.ClassLoader.loadClass(ClassLoader.java:323)
	at sun.misc.Launcher$AppClassLoader.loadClass(Launcher.java:294)
	at java.lang.ClassLoader.loadClass(ClassLoader.java:268)
	... 16 more
2014-02-05 12:19:12,835 - Trying to use logger class org.apache.velocity.runtime.log.Log4JLogChute
2014-02-05 12:19:12,835 - Trying to use logger class org.apache.velocity.runtime.log.Log4JLogChute
2014-02-05 12:19:12,835 - Using logger class org.apache.velocity.runtime.log.Log4JLogChute
2014-02-05 12:19:12,835 - Using logger class org.apache.velocity.runtime.log.Log4JLogChute
2014-02-05 12:19:12,835 - Default ResourceManager initializing. (class org.apache.velocity.runtime.resource.ResourceManagerImpl)
2014-02-05 12:19:12,835 - Default ResourceManager initializing. (class org.apache.velocity.runtime.resource.ResourceManagerImpl)
2014-02-05 12:19:12,835 - ResourceLoader instantiated: org.apache.velocity.runtime.resource.loader.FileResourceLoader
2014-02-05 12:19:12,835 - ResourceLoader instantiated: org.apache.velocity.runtime.resource.loader.FileResourceLoader
2014-02-05 12:19:12,835 - Do unicode file recognition:  false
2014-02-05 12:19:12,835 - Do unicode file recognition:  false
2014-02-05 12:19:12,835 - FileResourceLoader : adding path '.'
2014-02-05 12:19:12,835 - FileResourceLoader : adding path '.'
2014-02-05 12:19:12,835 - ResourceCache: initialized (class org.apache.velocity.runtime.resource.ResourceCacheImpl)
2014-02-05 12:19:12,835 - ResourceCache: initialized (class org.apache.velocity.runtime.resource.ResourceCacheImpl)
2014-02-05 12:19:12,836 - Loaded System Directive: org.apache.velocity.runtime.directive.Literal
2014-02-05 12:19:12,836 - Loaded System Directive: org.apache.velocity.runtime.directive.Literal
2014-02-05 12:19:12,836 - Loaded System Directive: org.apache.velocity.runtime.directive.Macro
2014-02-05 12:19:12,836 - Loaded System Directive: org.apache.velocity.runtime.directive.Macro
2014-02-05 12:19:12,836 - Loaded System Directive: org.apache.velocity.runtime.directive.Parse
2014-02-05 12:19:12,836 - Loaded System Directive: org.apache.velocity.runtime.directive.Parse
2014-02-05 12:19:12,836 - Loaded System Directive: org.apache.velocity.runtime.directive.Include
2014-02-05 12:19:12,836 - Loaded System Directive: org.apache.velocity.runtime.directive.Include
2014-02-05 12:19:12,836 - Loaded System Directive: org.apache.velocity.runtime.directive.Foreach
2014-02-05 12:19:12,836 - Loaded System Directive: org.apache.velocity.runtime.directive.Foreach
2014-02-05 12:19:12,837 - Created '20' parsers.
2014-02-05 12:19:12,837 - Created '20' parsers.
2014-02-05 12:19:12,837 - Velocimacro : "velocimacro.library" is not set.  Trying default library: VM_global_library.vm
2014-02-05 12:19:12,837 - Velocimacro : "velocimacro.library" is not set.  Trying default library: VM_global_library.vm
2014-02-05 12:19:12,837 - Velocimacro : Default library not found.
2014-02-05 12:19:12,837 - Velocimacro : Default library not found.
2014-02-05 12:19:12,837 - Velocimacro : allowInline = true : VMs can be defined inline in templates
2014-02-05 12:19:12,837 - Velocimacro : allowInline = true : VMs can be defined inline in templates
2014-02-05 12:19:12,837 - Velocimacro : allowInlineToOverride = false : VMs defined inline may NOT replace previous VM definitions
2014-02-05 12:19:12,837 - Velocimacro : allowInlineToOverride = false : VMs defined inline may NOT replace previous VM definitions
2014-02-05 12:19:12,837 - Velocimacro : allowInlineLocal = false : VMs defined inline will be global in scope if allowed.
2014-02-05 12:19:12,837 - Velocimacro : allowInlineLocal = false : VMs defined inline will be global in scope if allowed.
2014-02-05 12:19:12,837 - Velocimacro : autoload off : VM system will not automatically reload global library macros
2014-02-05 12:19:12,837 - Velocimacro : autoload off : VM system will not automatically reload global library macros
